2023-02-10 16:29:09,664 [INFO] Activator:179 - 


2023-02-10 16:29:09,665 [INFO] Activator:180 - !SESSION log4j initialized
2023-02-10 16:29:28,987 [INFO] McuFinderGlobals:52 - Set McuFinder mode to 2 (CubeIDE integrated)
2023-02-10 16:29:29,188 [INFO] ApplicationProperties:181 - Using Application install path: C:\ST\STM32CubeIDE_1.11.0\STM32CubeIDE\plugins\com.st.stm32cube.common.mx_6.7.0.202211181646
2023-02-10 16:29:29,204 [INFO] DbMcusXml:77 - Set database path to: C:\ST\STM32CubeIDE_1.11.0\STM32CubeIDE\plugins\com.st.stm32cube.common.mx_6.7.0.202211181646\\db\/mcu/
2023-02-10 16:29:29,204 [INFO] ApiDb:273 - Set plugin database path to: C:\ST\STM32CubeIDE_1.11.0\STM32CubeIDE\plugins\com.st.stm32cube.common.mx_6.7.0.202211181646\\db\/plugins/boardmanager/
2023-02-10 16:29:29,204 [WARN] ApiDb:258 - Overriding images path with different value:  => C:\ST\STM32CubeIDE_1.11.0\STM32CubeIDE\plugins\com.st.stm32cube.common.mx_6.7.0.202211181646\\db\/plugins/mcufinder/images/
2023-02-10 16:29:29,235 [INFO] ApiDb:249 - Set database path to: C:\Users\Nolas\.stmcufinder\plugins\mcufinder//mcu/
2023-02-10 16:29:29,235 [INFO] DbMcusAds:124 - Set database path to: C:\Users\Nolas\.stmcufinder\plugins\mcufinder//mcu/
2023-02-10 16:29:29,267 [INFO] CrossReferenceDbSqlite:202 - Set database path to: C:\Users\Nolas\.stmcufinder\plugins\mcufinder//mcu/cs/
2023-02-10 16:29:29,417 [INFO] RulesReader:61 - Compatibility file has been processed (283 Rules)
2023-02-10 16:29:29,570 [INFO] DbMcusXml:77 - Set database path to: C:\ST\STM32CubeIDE_1.11.0\STM32CubeIDE\plugins\com.st.stm32cube.common.mx_6.7.0.202211181646\\db\/mcu/
2023-02-10 16:29:29,570 [INFO] ApiDb:273 - Set plugin database path to: C:\ST\STM32CubeIDE_1.11.0\STM32CubeIDE\plugins\com.st.stm32cube.common.mx_6.7.0.202211181646\\db\/plugins/boardmanager/
2023-02-10 16:29:29,570 [INFO] ApiDb:260 - Set plugin images path to: C:\ST\STM32CubeIDE_1.11.0\STM32CubeIDE\plugins\com.st.stm32cube.common.mx_6.7.0.202211181646\\db\/plugins/mcufinder/images/
2023-02-10 16:29:29,570 [WARN] DbFile:40 - Overriding database path with different value: C:\Users\Nolas\.stmcufinder\plugins\mcufinder/ => C:\Users\Nolas\.stmcufinder\plugins\mcufinder
2023-02-10 16:29:29,570 [INFO] ApiDb:249 - Set database path to: C:\Users\Nolas\.stmcufinder\plugins\mcufinder//mcu/
2023-02-10 16:29:29,570 [WARN] DbFile:40 - Overriding database path with different value: C:\Users\Nolas\.stmcufinder\plugins\mcufinder/ => C:\Users\Nolas\.stmcufinder\plugins\mcufinder
2023-02-10 16:29:29,570 [INFO] DbMcusAds:124 - Set database path to: C:\Users\Nolas\.stmcufinder\plugins\mcufinder//mcu/
2023-02-10 16:29:29,570 [WARN] DbFile:40 - Overriding database path with different value: C:\Users\Nolas\.stmcufinder\plugins\mcufinder/ => C:\Users\Nolas\.stmcufinder\plugins\mcufinder
2023-02-10 16:29:29,570 [WARN] DbFile:40 - Overriding database path with different value: C:\Users\Nolas\.stmcufinder\plugins\mcufinder/ => C:\Users\Nolas\.stmcufinder\plugins\mcufinder
2023-02-10 16:29:29,570 [INFO] CrossReferenceDbSqlite:202 - Set database path to: C:\Users\Nolas\.stmcufinder\plugins\mcufinder//mcu/cs/
2023-02-10 16:29:29,711 [INFO] MainPanel:252 - HeapMemory: 268435456
2023-02-10 16:29:29,867 [INFO] DbMcusXml:77 - Set database path to: C:\ST\STM32CubeIDE_1.11.0\STM32CubeIDE\plugins\com.st.stm32cube.common.mx_6.7.0.202211181646\\db\/mcu/
2023-02-10 16:29:29,867 [INFO] ApiDb:273 - Set plugin database path to: C:\ST\STM32CubeIDE_1.11.0\STM32CubeIDE\plugins\com.st.stm32cube.common.mx_6.7.0.202211181646\\db\/plugins/boardmanager/
2023-02-10 16:29:29,867 [INFO] ApiDb:260 - Set plugin images path to: C:\ST\STM32CubeIDE_1.11.0\STM32CubeIDE\plugins\com.st.stm32cube.common.mx_6.7.0.202211181646\\db\/plugins/mcufinder/images/
2023-02-10 16:29:29,867 [WARN] DbFile:40 - Overriding database path with different value: C:\Users\Nolas\.stmcufinder\plugins\mcufinder/ => C:\Users\Nolas\.stmcufinder\plugins\mcufinder
2023-02-10 16:29:29,867 [INFO] ApiDb:249 - Set database path to: C:\Users\Nolas\.stmcufinder\plugins\mcufinder//mcu/
2023-02-10 16:29:29,867 [WARN] DbFile:40 - Overriding database path with different value: C:\Users\Nolas\.stmcufinder\plugins\mcufinder/ => C:\Users\Nolas\.stmcufinder\plugins\mcufinder
2023-02-10 16:29:29,867 [INFO] DbMcusAds:124 - Set database path to: C:\Users\Nolas\.stmcufinder\plugins\mcufinder//mcu/
2023-02-10 16:29:29,867 [WARN] DbFile:40 - Overriding database path with different value: C:\Users\Nolas\.stmcufinder\plugins\mcufinder/ => C:\Users\Nolas\.stmcufinder\plugins\mcufinder
2023-02-10 16:29:29,867 [WARN] DbFile:40 - Overriding database path with different value: C:\Users\Nolas\.stmcufinder\plugins\mcufinder/ => C:\Users\Nolas\.stmcufinder\plugins\mcufinder
2023-02-10 16:29:29,867 [INFO] CrossReferenceDbSqlite:202 - Set database path to: C:\Users\Nolas\.stmcufinder\plugins\mcufinder//mcu/cs/
2023-02-10 16:29:29,898 [INFO] ApplicationProperties:181 - Using Application install path: C:\ST\STM32CubeIDE_1.11.0\STM32CubeIDE\plugins\com.st.stm32cube.common.mx_6.7.0.202211181646
2023-02-10 16:29:29,898 [INFO] PluginManage:193 - Search for loadable plugins [exclusion list=, ]
2023-02-10 16:29:29,898 [INFO] PluginManage:307 - Check plugin analytics
2023-02-10 16:29:30,116 [INFO] AnalyticsPlugin:262 - Accepted Software Licenses: 
2023-02-10 16:29:30,132 [INFO] AnalyticsPlugin:264 - Accepted CMSIS Pack Licenses: 
2023-02-10 16:29:30,132 [INFO] AnalyticsPlugin:266 - Accepted Firmware Licenses: 
2023-02-10 16:29:30,132 [INFO] PluginManage:356 - Loaded plugin analytics (category:tool,tabindex:-1)
2023-02-10 16:29:30,132 [INFO] PluginManage:307 - Check plugin cadmodel
2023-02-10 16:29:30,148 [INFO] CADModel:104 - Init CAD model plugin
2023-02-10 16:29:30,148 [INFO] PluginManage:356 - Loaded plugin cadmodel (category:power,tabindex:5)
2023-02-10 16:29:30,148 [INFO] PluginManage:307 - Check plugin clock
2023-02-10 16:29:30,163 [INFO] PluginManage:356 - Loaded plugin clock (category:base,tabindex:2)
2023-02-10 16:29:30,163 [INFO] PluginManage:307 - Check plugin ddr
2023-02-10 16:29:30,163 [INFO] PluginManage:356 - Loaded plugin ddr (category:tool,tabindex:6)
2023-02-10 16:29:30,163 [INFO] PluginManage:307 - Check plugin filemanager
2023-02-10 16:29:30,431 [INFO] PluginManage:356 - Loaded plugin filemanager (category:base,tabindex:10)
2023-02-10 16:29:30,431 [INFO] PluginManage:307 - Check plugin ipmanager
2023-02-10 16:29:30,452 [INFO] PluginManage:356 - Loaded plugin ipmanager (category:base,tabindex:5)
2023-02-10 16:29:30,452 [INFO] PluginManage:307 - Check plugin lpbam
2023-02-10 16:29:30,452 [INFO] PluginManage:356 - Loaded plugin lpbam (category:base,tabindex:0)
2023-02-10 16:29:30,452 [INFO] PluginManage:307 - Check plugin pinoutandconfiguration
2023-02-10 16:29:30,468 [INFO] PluginManage:356 - Loaded plugin pinoutandconfiguration (category:base,tabindex:1)
2023-02-10 16:29:30,468 [INFO] PluginManage:307 - Check plugin pinoutconfig
2023-02-10 16:29:30,527 [INFO] PluginManage:356 - Loaded plugin pinoutconfig (category:base,tabindex:0)
2023-02-10 16:29:30,527 [INFO] PluginManage:307 - Check plugin power
2023-02-10 16:29:30,542 [INFO] PluginManage:356 - Loaded plugin power (category:power,tabindex:4)
2023-02-10 16:29:30,558 [INFO] PluginManage:307 - Check plugin projectmanager
2023-02-10 16:29:30,589 [INFO] PluginManage:356 - Loaded plugin projectmanager (category:projectmanager,tabindex:3)
2023-02-10 16:29:30,589 [INFO] PluginManage:307 - Check plugin thirdparty
2023-02-10 16:29:30,830 [WARN] IntegrityCheckThread:82 - waiting for thirdparty lock release [integrity check]
2023-02-10 16:29:30,830 [INFO] PluginManage:356 - Loaded plugin thirdparty (category:base,tabindex:-1)
2023-02-10 16:29:30,830 [INFO] IntegrityCheckThread:84 - entering critical section [integrity check]
2023-02-10 16:29:30,830 [INFO] PluginManage:307 - Check plugin tools
2023-02-10 16:29:30,830 [INFO] ThirdPartyUpdaterWithRetryManager:70 - Updater plugin not ready yet. [1/15]
2023-02-10 16:29:30,830 [INFO] PluginManage:356 - Loaded plugin tools (category:base,tabindex:7)
2023-02-10 16:29:30,830 [INFO] PluginManage:307 - Check plugin tutovideos
2023-02-10 16:29:31,127 [INFO] PluginManage:356 - Loaded plugin tutovideos (category:base,tabindex:-1)
2023-02-10 16:29:31,127 [INFO] PluginManage:307 - Check plugin updater
2023-02-10 16:29:31,148 [INFO] PluginManage:356 - Loaded plugin updater (category:base,tabindex:12)
2023-02-10 16:29:31,148 [INFO] PluginManage:280 - PluginManage : Loaded plugins [15]
2023-02-10 16:29:31,551 [INFO] PinOutPanel:1477 - setPackage(No Configuration,No Configuration)
2023-02-10 16:29:31,662 [INFO] CADModel:164 - CPN selected for project level
2023-02-10 16:29:31,662 [INFO] CADModel:113 - Register for checkConnection events
2023-02-10 16:29:31,693 [INFO] IPUIPlugin:79 - create IPUIPlugin
2023-02-10 16:29:31,693 [INFO] PluginManager:219 - loadIPPluginJar : add adc
2023-02-10 16:29:31,693 [INFO] IPUIPlugin:79 - create IPUIPlugin
2023-02-10 16:29:31,693 [INFO] PluginManager:219 - loadIPPluginJar : add aes
2023-02-10 16:29:31,693 [INFO] IPUIPlugin:79 - create IPUIPlugin
2023-02-10 16:29:31,693 [INFO] PluginManager:219 - loadIPPluginJar : add can
2023-02-10 16:29:31,709 [INFO] IPUIPlugin:79 - create IPUIPlugin
2023-02-10 16:29:31,709 [INFO] PluginManager:219 - loadIPPluginJar : add comp
2023-02-10 16:29:31,709 [INFO] IPUIPlugin:79 - create IPUIPlugin
2023-02-10 16:29:31,709 [INFO] PluginManager:219 - loadIPPluginJar : add cryp
2023-02-10 16:29:31,709 [INFO] IPUIPlugin:79 - create IPUIPlugin
2023-02-10 16:29:31,709 [INFO] PluginManager:219 - loadIPPluginJar : add dfsdm
2023-02-10 16:29:31,725 [INFO] IPUIPlugin:79 - create IPUIPlugin
2023-02-10 16:29:31,725 [INFO] PluginManager:219 - loadIPPluginJar : add dma
2023-02-10 16:29:31,725 [INFO] IPUIPlugin:79 - create IPUIPlugin
2023-02-10 16:29:31,725 [INFO] PluginManager:219 - loadIPPluginJar : add dma3
2023-02-10 16:29:31,725 [INFO] IPUIPlugin:79 - create IPUIPlugin
2023-02-10 16:29:31,725 [INFO] PluginManager:219 - loadIPPluginJar : add fatfs
2023-02-10 16:29:31,741 [INFO] IPUIPlugin:79 - create IPUIPlugin
2023-02-10 16:29:31,741 [INFO] PluginManager:219 - loadIPPluginJar : add fmc
2023-02-10 16:29:31,741 [INFO] IPUIPlugin:79 - create IPUIPlugin
2023-02-10 16:29:31,741 [INFO] PluginManager:219 - loadIPPluginJar : add freertos
2023-02-10 16:29:31,756 [INFO] IPUIPlugin:79 - create IPUIPlugin
2023-02-10 16:29:31,756 [INFO] PluginManager:219 - loadIPPluginJar : add genericplugin
2023-02-10 16:29:31,756 [INFO] IPUIPlugin:79 - create IPUIPlugin
2023-02-10 16:29:31,756 [INFO] PluginManager:219 - loadIPPluginJar : add gfxmmu
2023-02-10 16:29:31,756 [INFO] IPUIPlugin:79 - create IPUIPlugin
2023-02-10 16:29:31,756 [INFO] PluginManager:219 - loadIPPluginJar : add gic
2023-02-10 16:29:31,772 [INFO] IPUIPlugin:79 - create IPUIPlugin
2023-02-10 16:29:31,772 [INFO] PluginManager:219 - loadIPPluginJar : add gpio
2023-02-10 16:29:31,772 [INFO] IPUIPlugin:79 - create IPUIPlugin
2023-02-10 16:29:31,772 [INFO] PluginManager:219 - loadIPPluginJar : add gtzc
2023-02-10 16:29:31,788 [INFO] IPUIPlugin:79 - create IPUIPlugin
2023-02-10 16:29:31,788 [INFO] PluginManager:219 - loadIPPluginJar : add hash
2023-02-10 16:29:31,788 [INFO] IPUIPlugin:79 - create IPUIPlugin
2023-02-10 16:29:31,788 [INFO] PluginManager:219 - loadIPPluginJar : add i2c
2023-02-10 16:29:31,788 [INFO] IPUIPlugin:79 - create IPUIPlugin
2023-02-10 16:29:31,788 [INFO] PluginManager:219 - loadIPPluginJar : add i2s
2023-02-10 16:29:31,803 [INFO] IPUIPlugin:79 - create IPUIPlugin
2023-02-10 16:29:31,803 [INFO] PluginManager:219 - loadIPPluginJar : add ipddr
2023-02-10 16:29:31,803 [INFO] IPUIPlugin:79 - create IPUIPlugin
2023-02-10 16:29:31,819 [INFO] PluginManager:219 - loadIPPluginJar : add linkedlist
2023-02-10 16:29:31,819 [INFO] IPUIPlugin:79 - create IPUIPlugin
2023-02-10 16:29:31,819 [INFO] PluginManager:219 - loadIPPluginJar : add lorawan
2023-02-10 16:29:31,819 [INFO] IPUIPlugin:79 - create IPUIPlugin
2023-02-10 16:29:31,819 [INFO] PluginManager:219 - loadIPPluginJar : add ltdc
2023-02-10 16:29:31,835 [INFO] IPUIPlugin:79 - create IPUIPlugin
2023-02-10 16:29:31,835 [INFO] PluginManager:219 - loadIPPluginJar : add mdma
2023-02-10 16:29:31,835 [INFO] IPUIPlugin:79 - create IPUIPlugin
2023-02-10 16:29:31,835 [INFO] PluginManager:219 - loadIPPluginJar : add nvic
2023-02-10 16:29:31,835 [INFO] IPUIPlugin:79 - create IPUIPlugin
2023-02-10 16:29:31,835 [INFO] PluginManager:219 - loadIPPluginJar : add opamp
2023-02-10 16:29:31,850 [INFO] IPUIPlugin:79 - create IPUIPlugin
2023-02-10 16:29:31,850 [INFO] PluginManager:219 - loadIPPluginJar : add openamp
2023-02-10 16:29:31,850 [INFO] IPUIPlugin:79 - create IPUIPlugin
2023-02-10 16:29:31,850 [INFO] PluginManager:219 - loadIPPluginJar : add pdm2pcm
2023-02-10 16:29:31,866 [INFO] IPUIPlugin:79 - create IPUIPlugin
2023-02-10 16:29:31,866 [INFO] PluginManager:219 - loadIPPluginJar : add plateformsettings
2023-02-10 16:29:31,866 [INFO] IPUIPlugin:79 - create IPUIPlugin
2023-02-10 16:29:31,866 [INFO] PluginManager:219 - loadIPPluginJar : add quadspi
2023-02-10 16:29:31,866 [INFO] IPUIPlugin:79 - create IPUIPlugin
2023-02-10 16:29:31,866 [INFO] PluginManager:219 - loadIPPluginJar : add resmgrutility
2023-02-10 16:29:31,881 [INFO] IPUIPlugin:79 - create IPUIPlugin
2023-02-10 16:29:31,881 [INFO] PluginManager:219 - loadIPPluginJar : add sai
2023-02-10 16:29:31,881 [INFO] IPUIPlugin:79 - create IPUIPlugin
2023-02-10 16:29:31,881 [INFO] PluginManager:219 - loadIPPluginJar : add spi
2023-02-10 16:29:31,897 [INFO] IPUIPlugin:79 - create IPUIPlugin
2023-02-10 16:29:31,897 [INFO] PluginManager:219 - loadIPPluginJar : add stm32_wpan
2023-02-10 16:29:31,897 [INFO] IPUIPlugin:79 - create IPUIPlugin
2023-02-10 16:29:31,897 [INFO] PluginManager:219 - loadIPPluginJar : add tim
2023-02-10 16:29:31,897 [INFO] IPUIPlugin:79 - create IPUIPlugin
2023-02-10 16:29:31,897 [INFO] PluginManager:219 - loadIPPluginJar : add touchsensing
2023-02-10 16:29:31,897 [INFO] IPUIPlugin:79 - create IPUIPlugin
2023-02-10 16:29:31,897 [INFO] PluginManager:219 - loadIPPluginJar : add tracer_emb
2023-02-10 16:29:31,913 [INFO] IPUIPlugin:79 - create IPUIPlugin
2023-02-10 16:29:31,913 [INFO] PluginManager:219 - loadIPPluginJar : add ts
2023-02-10 16:29:31,913 [INFO] IPUIPlugin:79 - create IPUIPlugin
2023-02-10 16:29:31,913 [INFO] PluginManager:219 - loadIPPluginJar : add tsc
2023-02-10 16:29:31,913 [INFO] IPUIPlugin:79 - create IPUIPlugin
2023-02-10 16:29:31,913 [INFO] PluginManager:219 - loadIPPluginJar : add ucpd
2023-02-10 16:29:31,913 [INFO] IPUIPlugin:79 - create IPUIPlugin
2023-02-10 16:29:31,913 [INFO] PluginManager:219 - loadIPPluginJar : add usart
2023-02-10 16:29:31,928 [INFO] IPUIPlugin:79 - create IPUIPlugin
2023-02-10 16:29:31,928 [INFO] PluginManager:219 - loadIPPluginJar : add usbx
2023-02-10 16:29:32,099 [INFO] CADModel:164 - CPN selected for project level
2023-02-10 16:29:32,099 [INFO] CADModel:113 - Register for checkConnection events
2023-02-10 16:29:32,099 [FATAL] Updater:308 - Updater called before beeing initialized
2023-02-10 16:29:32,099 [ERROR] CADModel:124 - Updater not yet initialized, retry later 
2023-02-10 16:29:32,284 [INFO] CADModel:164 - CPN selected for project level
2023-02-10 16:29:32,284 [INFO] CADModel:113 - Register for checkConnection events
2023-02-10 16:29:32,299 [FATAL] Updater:308 - Updater called before beeing initialized
2023-02-10 16:29:32,299 [ERROR] CADModel:124 - Updater not yet initialized, retry later 
2023-02-10 16:29:32,299 [FATAL] Updater:308 - Updater called before beeing initialized
2023-02-10 16:29:32,478 [FATAL] Updater:308 - Updater called before beeing initialized
2023-02-10 16:29:32,494 [INFO] DbMcusAds:52 - JSON generation date=Wed Jan 18 06:17:18 PST 2023 (1674051438939)
2023-02-10 16:29:32,494 [FATAL] Updater:308 - Updater called before beeing initialized
2023-02-10 16:29:32,543 [WARN] DetailPanel:344 - Failed to get advertising image, set to default
2023-02-10 16:29:32,746 [FATAL] Updater:308 - Updater called before beeing initialized
2023-02-10 16:29:32,746 [FATAL] Updater:308 - Updater called before beeing initialized
2023-02-10 16:29:32,746 [FATAL] Updater:308 - Updater called before beeing initialized
2023-02-10 16:29:32,746 [WARN] DetailPanel:344 - Failed to get advertising image, set to default
2023-02-10 16:29:32,746 [FATAL] Updater:308 - Updater called before beeing initialized
2023-02-10 16:29:32,816 [ERROR] Updater:1120 - MainUpdater not yet initialized. External WinMGr cannot be set.
2023-02-10 16:29:32,816 [INFO] Updater:1056 - Updater Version found : 6.7.0
2023-02-10 16:29:32,847 [INFO] ApplicationProperties:181 - Using Application install path: C:\ST\STM32CubeIDE_1.11.0\STM32CubeIDE\plugins\com.st.stm32cube.common.mx_6.7.0.202211181646
2023-02-10 16:29:33,214 [INFO] MainUpdater:2800 - connection check result : 10
2023-02-10 16:29:33,214 [INFO] MainUpdater:282 - Updater Check For Update Now.
2023-02-10 16:29:33,214 [INFO] MicroXplorer:481 - Change Database Version : DB.6.0.70
2023-02-10 16:29:33,420 [INFO] CheckServerUpdateThread:119 - End of CheckServer Thread
2023-02-10 16:29:33,439 [INFO] MainUpdater:2800 - connection check result : 10
2023-02-10 16:29:33,960 [INFO] ApiDb:580 - Connected to CubeFinder SQLite database (C:\Users\Nolas\.stmcufinder\plugins\mcufinder\mcu\cube-finder-db.db)
2023-02-10 16:29:34,145 [INFO] ApiDb:667 - CubeFinder database Data Model version=2.1
2023-02-10 16:29:34,145 [INFO] ApiDb:668 - CubeFinder database Configuration version=3.0.35
2023-02-10 16:29:34,145 [INFO] ApiDb:669 - CubeFinder database generation date=2023-02-01 (1675320190)
2023-02-10 16:29:34,145 [INFO] ApiDb:670 - CubeFinder database FW Pack versions=[FP-ATR-ASTRA1_V1.1.1, STM32Cube_FW_C0_V1.0.1, STM32Cube_FW_F4_V1.27.1, STM32Cube_FW_F7_V1.17.0, STM32Cube_FW_G0_V1.6.1, STM32Cube_FW_G4_V1.5.0, STM32Cube_FW_H5_V0.5.1, STM32Cube_FW_H7_V1.11.0, STM32Cube_FW_L5_V1.5.0, STM32Cube_FW_U5_V1.1.1, STM32Cube_FW_WBA_V0.2.0, STM32Cube_FW_WB_V1.15.0, STM32Cube_FW_WB_V1.15.0RC1, STM32Cube_FW_WL_V1.3.0, X-CUBE-ALGOBUILD_V1.3.0, X-CUBE-ALS_V1.0.1, X-CUBE-AZRTOS-F4_V1.1.0, X-CUBE-AZRTOS-F7_V1.1.0, X-CUBE-AZRTOS-G0_V1.1.0, X-CUBE-AZRTOS-G4_V1.0.0, X-CUBE-AZRTOS-H7_V3.0.0, X-CUBE-AZRTOS-L4_V1.0.0, X-CUBE-AZRTOS-L5_V1.1.0, X-CUBE-AZRTOS-WB_V1.1.0, X-CUBE-AZRTOS-WL_V1.0.0, X-CUBE-BLE1_V6.2.4, X-CUBE-BLE2_V3.3.0, X-CUBE-BLEMGR_V1.3.0, X-CUBE-EEPRMA1_V4.1.0, X-CUBE-GNSS1_V6.0.0, X-CUBE-MEMS1_V9.1.0, X-CUBE-MEMS1_V9.3.0, X-CUBE-MEMS1_V9.4.0, X-CUBE-NFC4_V3.0.0, X-CUBE-NFC7_V1.0.0, X-CUBE-SFXS2LP1_V4.0.0, X-CUBE-SUBG2_V5.0.0]
2023-02-10 16:29:34,204 [WARN] PackLoader:242 - Cannot read IP mode file for STMicroelectronics.X-CUBE-GNSS1.6.0.0
2023-02-10 16:29:34,280 [WARN] PackLoader:242 - Cannot read IP mode file for STMicroelectronics.X-CUBE-AZRTOS-F4.1.1.0
2023-02-10 16:29:34,371 [WARN] PackLoader:242 - Cannot read IP mode file for STMicroelectronics.X-CUBE-AZRTOS-F7.1.1.0
2023-02-10 16:29:34,409 [WARN] PackLoader:242 - Cannot read IP mode file for STMicroelectronics.X-CUBE-BLE1.6.2.4
2023-02-10 16:29:34,491 [WARN] PackLoader:242 - Cannot read IP mode file for emotas.I-CUBE-CANOPEN.1.1.3
2023-02-10 16:29:34,513 [WARN] PackLoader:242 - Cannot read IP mode file for STMicroelectronics.X-CUBE-DISPLAY.3.0.0
2023-02-10 16:29:34,528 [WARN] PackLoader:242 - Cannot read IP mode file for wolfSSL.I-CUBE-wolfSSL.5.5.4
2023-02-10 16:29:34,543 [WARN] PackLoader:242 - Cannot read IP mode file for STMicroelectronics.X-CUBE-NFC7.1.0.0
2023-02-10 16:29:34,559 [WARN] PackLoader:242 - Cannot read IP mode file for STMicroelectronics.X-CUBE-EEPRMA1.4.1.0
2023-02-10 16:29:34,588 [WARN] PackLoader:242 - Cannot read IP mode file for STMicroelectronics.X-CUBE-SFXS2LP1.4.0.0
2023-02-10 16:29:34,595 [WARN] PackLoader:242 - Cannot read IP mode file for STMicroelectronics.X-CUBE-BLE2.3.3.0
2023-02-10 16:29:34,622 [WARN] PackLoader:242 - Cannot read IP mode file for STMicroelectronics.X-CUBE-TOF1.3.2.0
2023-02-10 16:29:34,682 [WARN] PackLoader:242 - Cannot read IP mode file for STMicroelectronics.X-CUBE-AZRTOS-H7.3.0.0
2023-02-10 16:29:34,700 [WARN] PackLoader:242 - Cannot read IP mode file for STMicroelectronics.X-CUBE-ISPU.1.1.0
2023-02-10 16:29:34,711 [WARN] PackLoader:242 - Cannot read IP mode file for RoweBots.I-CUBE-UNISONRTOS.5.5.0-4
2023-02-10 16:29:34,737 [WARN] PackLoader:242 - Cannot read IP mode file for STMicroelectronics.X-CUBE-TOUCHGFX.4.21.1
2023-02-10 16:29:34,852 [WARN] PackLoader:242 - Cannot read IP mode file for STMicroelectronics.X-CUBE-MEMS1.9.4.0
2023-02-10 16:29:35,171 [WARN] PackLoader:242 - Cannot read IP mode file for STMicroelectronics.X-CUBE-AI.7.3.0
2023-02-10 16:29:35,178 [WARN] PackLoader:242 - Cannot read IP mode file for STMicroelectronics.X-CUBE-ALGOBUILD.1.3.0
2023-02-10 16:29:35,186 [ERROR] LogOutputStream:74 - [STDERR_REDIRECT] SLF4J: Failed to load class "org.slf4j.impl.StaticLoggerBinder".
2023-02-10 16:29:35,197 [ERROR] LogOutputStream:74 - [STDERR_REDIRECT] SLF4J: Defaulting to no-operation (NOP) logger implementation
2023-02-10 16:29:35,197 [ERROR] LogOutputStream:74 - [STDERR_REDIRECT] SLF4J: See http://www.slf4j.org/codes.html#StaticLoggerBinder for further details.
2023-02-10 16:29:35,208 [WARN] PackLoader:242 - Cannot read IP mode file for STMicroelectronics.X-CUBE-AZRTOS-L5.1.1.0
2023-02-10 16:29:35,256 [WARN] PackLoader:242 - Cannot read IP mode file for STMicroelectronics.X-CUBE-AZRTOS-G0.1.1.0
2023-02-10 16:29:35,289 [WARN] PackLoader:242 - Cannot read IP mode file for STMicroelectronics.X-CUBE-SUBG2.5.0.0
2023-02-10 16:29:35,313 [WARN] PackLoader:242 - Cannot read IP mode file for STMicroelectronics.X-CUBE-NFC4.3.0.0
2023-02-10 16:29:35,318 [WARN] PackLoader:242 - Cannot read IP mode file for STMicroelectronics.FP-ATR-ASTRA1.1.1.1
2023-02-10 16:29:35,332 [WARN] PackLoader:242 - Cannot read IP mode file for STMicroelectronics.X-CUBE-BLEMGR.1.3.0
2023-02-10 16:29:35,384 [WARN] PackLoader:242 - Cannot read IP mode file for STMicroelectronics.X-CUBE-AZRTOS-G4.1.0.0
2023-02-10 16:29:35,398 [WARN] PackLoader:242 - Cannot read IP mode file for STMicroelectronics.FP-ATR-SIGFOX1.3.2.0
2023-02-10 16:29:35,430 [WARN] PackLoader:242 - Cannot read IP mode file for STMicroelectronics.X-CUBE-AZRTOS-L4.1.0.0
2023-02-10 16:29:35,466 [WARN] PackLoader:242 - Cannot read IP mode file for STMicroelectronics.X-CUBE-AZRTOS-WL.1.0.0
2023-02-10 16:29:35,482 [WARN] PackLoader:242 - Cannot read IP mode file for portGmbH.I-Cube-SoM-uGOAL.1.1.0
2023-02-10 16:29:35,498 [WARN] PackLoader:242 - Cannot read IP mode file for STMicroelectronics.X-CUBE-ALS.1.0.1
2023-02-10 16:29:35,560 [WARN] PackLoader:242 - Cannot read IP mode file for STMicroelectronics.X-CUBE-MEMS1.9.5.0
2023-02-10 16:29:35,849 [WARN] PackLoader:242 - Cannot read IP mode file for STMicroelectronics.X-CUBE-AZRTOS-WB.1.1.0
2023-02-10 16:29:35,926 [WARN] PackLoader:242 - Cannot read IP mode file for SEGGER.I-CUBE-embOS.1.3.1
2023-02-10 16:29:36,024 [INFO] ThirdParty:947 - Integrity check success = true
2023-02-10 16:29:36,025 [INFO] IntegrityCheckThread:98 - exiting critical section [integrity check]
2023-02-10 16:29:36,025 [INFO] IntegrityCheckThread:101 - End integrity checks thread
2023-02-10 16:29:38,490 [INFO] ApiDb:239 - Found 143 in-development CPN: [B-WB1M-WPAN1, B-WL5M-SUBG1, NUCLEO-C031C6, STEVAL-PROTEUS1, STEVAL-STWINBX1, STM320518-EVAL, STM32C0116-DK, STM32C011D6Y3TR, STM32C011D6Y6TR, STM32C011F4P3, STM32C011F4P6, STM32C011F4U3, STM32C011F4U6TR, STM32C011F6P3, STM32C011F6P6, STM32C011F6U3, STM32C011F6U6TR, STM32C011J4M3, STM32C011J4M6, STM32C011J6M3, STM32C011J6M6, STM32C0316-DK, STM32C031C4T3, STM32C031C4T6, STM32C031C4U3, STM32C031C4U6, STM32C031C6T3, STM32C031C6T6, STM32C031C6U3, STM32C031C6U6, STM32C031F4P3, STM32C031F4P6, STM32C031F6P3, STM32C031F6P6, STM32C031G4U3, STM32C031G4U6, STM32C031G6U3, STM32C031G6U6, STM32C031K4T3, STM32C031K4T6, STM32C031K4U3, STM32C031K4U6, STM32C031K6T3, STM32C031K6T6, STM32C031K6U3, STM32C031K6U6, STM32G071K8TXN, STM32G071K8UXN, STM32G081GBU6N, STM32G081KBT6N, STM32G081KBUXN, STM32G0B1CCT6N, STM32G0B1KCT6, STM32G0B1NEY6TR, STM32G0B1RCT6N, STM32G0C1CCT6, STM32G0C1CCT6N, STM32G0C1CCU6N, STM32G0C1CET6N, STM32G0C1CEU6N, STM32G0C1KCT6, STM32G0C1NEY6TR, STM32G0C1RCI6N, STM32G0C1RCT6N, STM32G0C1REI6N, STM32G0C1RET6N, STM32G0C1VCI6, STM32G0C1VEI6, STM32G471CCT6, STM32G471CCU6, STM32G471CET3, STM32G471CET6, STM32G471CEU3, STM32G471CEU6, STM32G471MCT6, STM32G471MET3, STM32G471MET6, STM32G471MEY6TR, STM32G471QCT6, STM32G471QET3, STM32G471RCT6, STM32G471RET3, STM32G471RET6, STM32G471VCH6, STM32G471VCI6, STM32G471VCT6, STM32G471VEH3, STM32G471VEH6, STM32G471VEI3, STM32G471VEI6, STM32G471VET3, STM32G471VET6, STM32G474CCT6, STM32L476VGY6PTR, STM32L4R5QGI6STR, STM32MP131AAE3, STM32MP131AAF3, STM32MP131AAG3, STM32MP131CAE3, STM32MP131CAF3, STM32MP131CAG3, STM32MP131DAE7, STM32MP131DAF7, STM32MP131DAG7, STM32MP131FAE7, STM32MP131FAF7, STM32MP131FAG7, STM32MP133AAE3, STM32MP133AAF3, STM32MP133AAG3, STM32MP133CAE3, STM32MP133CAF3, STM32MP133CAG3, STM32MP133DAE7, STM32MP133DAF7, STM32MP133DAG7, STM32MP133FAE7, STM32MP133FAF7, STM32MP133FAG7, STM32MP135AAE3, STM32MP135AAF3, STM32MP135AAG3, STM32MP135CAE3, STM32MP135CAF3, STM32MP135CAG3, STM32MP135DAE7, STM32MP135DAF7, STM32MP135DAG7, STM32MP135F-DK, STM32MP135FAE7, STM32MP135FAF7, STM32MP135FAF7T, STM32MP135FAF7U, STM32MP135FAG7, STM32U595ZJT6Q, STM32U599BJY6QTR, STM32U599NIH6Q, STM32U599NJH6Q, STM32U5A5ZJT6Q, STM32U5A9BJY6QTR, STM32U5A9NJH6Q, STM32WB1MMCH6, STM32WL5MOCH6TR]
2023-02-10 16:29:38,506 [INFO] DbMcus:215 - Found 3582 MCUs, 3582 are supported
2023-02-10 16:29:38,506 [INFO] ApiDb:422 - Load user favorites file C:\Users\Nolas/.stm32cubeide/favorites.mcus.txt: 0 item(s)
2023-02-10 16:29:38,506 [INFO] ApiDb:426 - User favorites MCUs=[]
2023-02-10 16:29:38,506 [INFO] DbMcus:221 - Set 0 / 0 favorites MCUs
2023-02-10 16:29:38,778 [INFO] McuFinderGlobals:65 - Set McuFinderConnectedMode to true
2023-02-10 16:29:38,794 [INFO] MultiScanPanel:196 - Auto-refresh data requested => check proxy status ongoing
2023-02-10 16:29:38,794 [INFO] FinderPluginLoader:92 - Searching for filters in installed packs
2023-02-10 16:29:41,314 [INFO] LoadUrlFilesThread:179 - End of LoadServerUrlFiles without Thread
2023-02-10 16:29:41,350 [INFO] DetailPanel:339 - Set advertising image to C:/Users/Nolas/STM32Cube/Repository/\en.prom-stm32c0-0123.jpg
2023-02-10 16:29:42,465 [INFO] ApiDb:667 - CubeFinder database Data Model version=2.1
2023-02-10 16:29:42,465 [INFO] ApiDb:668 - CubeFinder database Configuration version=3.0.35
2023-02-10 16:29:42,465 [INFO] ApiDb:669 - CubeFinder database generation date=2023-02-01 (1675320190)
2023-02-10 16:29:42,465 [INFO] ApiDb:670 - CubeFinder database FW Pack versions=[FP-ATR-ASTRA1_V1.1.1, STM32Cube_FW_C0_V1.0.1, STM32Cube_FW_F4_V1.27.1, STM32Cube_FW_F7_V1.17.0, STM32Cube_FW_G0_V1.6.1, STM32Cube_FW_G4_V1.5.0, STM32Cube_FW_H5_V0.5.1, STM32Cube_FW_H7_V1.11.0, STM32Cube_FW_L5_V1.5.0, STM32Cube_FW_U5_V1.1.1, STM32Cube_FW_WBA_V0.2.0, STM32Cube_FW_WB_V1.15.0, STM32Cube_FW_WB_V1.15.0RC1, STM32Cube_FW_WL_V1.3.0, X-CUBE-ALGOBUILD_V1.3.0, X-CUBE-ALS_V1.0.1, X-CUBE-AZRTOS-F4_V1.1.0, X-CUBE-AZRTOS-F7_V1.1.0, X-CUBE-AZRTOS-G0_V1.1.0, X-CUBE-AZRTOS-G4_V1.0.0, X-CUBE-AZRTOS-H7_V3.0.0, X-CUBE-AZRTOS-L4_V1.0.0, X-CUBE-AZRTOS-L5_V1.1.0, X-CUBE-AZRTOS-WB_V1.1.0, X-CUBE-AZRTOS-WL_V1.0.0, X-CUBE-BLE1_V6.2.4, X-CUBE-BLE2_V3.3.0, X-CUBE-BLEMGR_V1.3.0, X-CUBE-EEPRMA1_V4.1.0, X-CUBE-GNSS1_V6.0.0, X-CUBE-MEMS1_V9.1.0, X-CUBE-MEMS1_V9.3.0, X-CUBE-MEMS1_V9.4.0, X-CUBE-NFC4_V3.0.0, X-CUBE-NFC7_V1.0.0, X-CUBE-SFXS2LP1_V4.0.0, X-CUBE-SUBG2_V5.0.0]
2023-02-10 16:29:42,602 [INFO] DbBoardsSqlite:225 - include board P-NUCLEO-WB55-NUCLEO as a kit item of type 'Nucleo-64'
2023-02-10 16:29:42,602 [INFO] DbBoardsSqlite:225 - include board P-NUCLEO-WB55-USBDONGLE as a kit item of type 'Nucleo USB Dongle'
2023-02-10 16:29:42,602 [INFO] DbBoardsSqlite:225 - include board STEVAL-IDP005V1 as a kit item of type 'Evaluation Board'
2023-02-10 16:29:42,602 [INFO] DbBoardsSqlite:225 - include board STEVAL-IDP005V2 as a kit item of type 'Evaluation Board'
2023-02-10 16:29:42,691 [INFO] ApiDb:239 - Found 143 in-development CPN: [B-WB1M-WPAN1, B-WL5M-SUBG1, NUCLEO-C031C6, STEVAL-PROTEUS1, STEVAL-STWINBX1, STM320518-EVAL, STM32C0116-DK, STM32C011D6Y3TR, STM32C011D6Y6TR, STM32C011F4P3, STM32C011F4P6, STM32C011F4U3, STM32C011F4U6TR, STM32C011F6P3, STM32C011F6P6, STM32C011F6U3, STM32C011F6U6TR, STM32C011J4M3, STM32C011J4M6, STM32C011J6M3, STM32C011J6M6, STM32C0316-DK, STM32C031C4T3, STM32C031C4T6, STM32C031C4U3, STM32C031C4U6, STM32C031C6T3, STM32C031C6T6, STM32C031C6U3, STM32C031C6U6, STM32C031F4P3, STM32C031F4P6, STM32C031F6P3, STM32C031F6P6, STM32C031G4U3, STM32C031G4U6, STM32C031G6U3, STM32C031G6U6, STM32C031K4T3, STM32C031K4T6, STM32C031K4U3, STM32C031K4U6, STM32C031K6T3, STM32C031K6T6, STM32C031K6U3, STM32C031K6U6, STM32G071K8TXN, STM32G071K8UXN, STM32G081GBU6N, STM32G081KBT6N, STM32G081KBUXN, STM32G0B1CCT6N, STM32G0B1KCT6, STM32G0B1NEY6TR, STM32G0B1RCT6N, STM32G0C1CCT6, STM32G0C1CCT6N, STM32G0C1CCU6N, STM32G0C1CET6N, STM32G0C1CEU6N, STM32G0C1KCT6, STM32G0C1NEY6TR, STM32G0C1RCI6N, STM32G0C1RCT6N, STM32G0C1REI6N, STM32G0C1RET6N, STM32G0C1VCI6, STM32G0C1VEI6, STM32G471CCT6, STM32G471CCU6, STM32G471CET3, STM32G471CET6, STM32G471CEU3, STM32G471CEU6, STM32G471MCT6, STM32G471MET3, STM32G471MET6, STM32G471MEY6TR, STM32G471QCT6, STM32G471QET3, STM32G471RCT6, STM32G471RET3, STM32G471RET6, STM32G471VCH6, STM32G471VCI6, STM32G471VCT6, STM32G471VEH3, STM32G471VEH6, STM32G471VEI3, STM32G471VEI6, STM32G471VET3, STM32G471VET6, STM32G474CCT6, STM32L476VGY6PTR, STM32L4R5QGI6STR, STM32MP131AAE3, STM32MP131AAF3, STM32MP131AAG3, STM32MP131CAE3, STM32MP131CAF3, STM32MP131CAG3, STM32MP131DAE7, STM32MP131DAF7, STM32MP131DAG7, STM32MP131FAE7, STM32MP131FAF7, STM32MP131FAG7, STM32MP133AAE3, STM32MP133AAF3, STM32MP133AAG3, STM32MP133CAE3, STM32MP133CAF3, STM32MP133CAG3, STM32MP133DAE7, STM32MP133DAF7, STM32MP133DAG7, STM32MP133FAE7, STM32MP133FAF7, STM32MP133FAG7, STM32MP135AAE3, STM32MP135AAF3, STM32MP135AAG3, STM32MP135CAE3, STM32MP135CAF3, STM32MP135CAG3, STM32MP135DAE7, STM32MP135DAF7, STM32MP135DAG7, STM32MP135F-DK, STM32MP135FAE7, STM32MP135FAF7, STM32MP135FAF7T, STM32MP135FAF7U, STM32MP135FAG7, STM32U595ZJT6Q, STM32U599BJY6QTR, STM32U599NIH6Q, STM32U599NJH6Q, STM32U5A5ZJT6Q, STM32U5A9BJY6QTR, STM32U5A9NJH6Q, STM32WB1MMCH6, STM32WL5MOCH6TR]
2023-02-10 16:29:42,957 [INFO] BoardInfo:879 - No configuration file found for board P-NUCLEO-WB55
2023-02-10 16:29:42,957 [INFO] DbBoards:156 - Kit is not supported: P-NUCLEO-WB55
2023-02-10 16:29:42,982 [INFO] BoardInfo:879 - No configuration file found for board STEVAL-BFA001V1B
2023-02-10 16:29:42,982 [INFO] DbBoards:156 - Kit is not supported: STEVAL-BFA001V1B
2023-02-10 16:29:43,016 [INFO] BoardInfo:879 - No configuration file found for board STEVAL-BFA001V2B
2023-02-10 16:29:43,016 [INFO] DbBoards:156 - Kit is not supported: STEVAL-BFA001V2B
2023-02-10 16:29:43,291 [INFO] DbBoards:160 - Found 179 boards, 176 are supported
2023-02-10 16:29:43,307 [INFO] ApiDb:422 - Load user favorites file C:\Users\Nolas/.stm32cubeide/favorites.boards.txt: 0 item(s)
2023-02-10 16:29:43,307 [INFO] ApiDb:426 - User favorites Boards=[]
2023-02-10 16:29:43,307 [INFO] DbBoards:189 - Set 0 / 0 favorites Boards
2023-02-10 16:29:49,993 [INFO] MultiScanPanel:196 - Auto-refresh data requested => check proxy status ongoing
2023-02-10 16:29:50,197 [INFO] LoadUrlFilesThread:179 - End of LoadServerUrlFiles without Thread
2023-02-10 16:29:50,213 [INFO] DetailPanel:339 - Set advertising image to C:/Users/Nolas/STM32Cube/Repository/\en.prom-stm32c0-0123.jpg
2023-02-10 16:29:50,228 [INFO] DbBoards:633 - Loading board mini-images...
2023-02-10 16:29:54,295 [INFO] DbBoards:656 - Loaded 179 board mini-images
2023-02-10 16:30:20,163 [INFO] MainUpdater:2800 - connection check result : 10
2023-02-10 16:30:20,163 [INFO] MainUpdater:2800 - connection check result : 10
2023-02-10 16:30:20,186 [INFO] MicroXplorer:451 - Change Database Path : 
2023-02-10 16:30:20,191 [INFO] MicroXplorer:481 - Change Database Version : DB.6.0.70
2023-02-10 16:30:20,192 [WARN] ThirdParty:845 - waiting for thirdparty lock release [close project]
2023-02-10 16:30:20,192 [INFO] ThirdParty:847 - entering critical section [close project]
2023-02-10 16:30:20,194 [INFO] ThirdParty:857 - exiting critical section [close project]
2023-02-10 16:30:20,201 [INFO] PinOutPanel:1477 - setPackage(No Configuration,No Configuration)
2023-02-10 16:30:20,211 [INFO] UtilMem:74 - Begin LoadConfig() Used Memory: 581421136 Bytes (610271232)
2023-02-10 16:30:20,214 [INFO] OpenFileManager:307 - Change cursor
2023-02-10 16:30:20,267 [INFO] ProjectFactory:399 - No CPN specified for board NUCLEO-L476RG => set CPN to STM32L476RGT3
2023-02-10 16:30:20,268 [INFO] Mcu:1925 - Initializing MCU STM32L476R(C-E-G)Tx STM32L476RGTx STM32L476RGT3
2023-02-10 16:30:26,204 [INFO] Context:654 - Trying to add GPIOservice into a context  which must be forbidden
2023-02-10 16:30:27,642 [INFO] Rule:225 - rule 117617 - U5Cobra4M][GTZC] default value MPCBB3 and MPCBB5 - Not Secured memory - MPCBB1 is applicable
2023-02-10 16:30:27,642 [INFO] Rule:225 - rule 117617 - U5Cobra4M][GTZC] default value MPCBB3 and MPCBB5 - Not Secured memory - MPCBB1 is applicable
2023-02-10 16:30:27,642 [INFO] Rule:225 - rule 117617 - U5Cobra4M][GTZC] default value MPCBB3 and MPCBB5 - Not Secured memory - MPCBB2 is applicable
2023-02-10 16:30:27,642 [INFO] Rule:225 - rule 117617 - U5Cobra4M][GTZC] default value MPCBB3 and MPCBB5 - Not Secured memory - MPCBB2 is applicable
2023-02-10 16:30:27,642 [INFO] Rule:225 - rule 117617 - U5Cobra4M][GTZC] default value MPCBB3 and MPCBB5 - Not Secured memory - MPCBB3 is applicable
2023-02-10 16:30:27,642 [INFO] Rule:225 - rule 117617 - U5Cobra4M][GTZC] default value MPCBB3 and MPCBB5 - Not Secured memory - MPCBB3 is applicable
2023-02-10 16:30:27,642 [INFO] Rule:225 - rule 117617 - U5Cobra4M][GTZC] default value MPCBB3 and MPCBB5 - Not Secured memory - MPCBB4 is applicable
2023-02-10 16:30:27,642 [INFO] Rule:225 - rule 117617 - U5Cobra4M][GTZC] default value MPCBB3 and MPCBB5 - Not Secured memory - MPCBB4 is applicable
2023-02-10 16:30:27,642 [INFO] Rule:225 - rule 117617 - U5Cobra4M][GTZC] default value MPCBB3 and MPCBB5 - Secured memory - MPCBB1 is applicable
2023-02-10 16:30:27,642 [INFO] Rule:225 - rule 117617 - U5Cobra4M][GTZC] default value MPCBB3 and MPCBB5 - Secured memory - MPCBB2 is applicable
2023-02-10 16:30:27,642 [INFO] Rule:225 - rule 117617 - U5Cobra4M][GTZC] default value MPCBB3 and MPCBB5 - Secured memory - MPCBB3 is applicable
2023-02-10 16:30:27,642 [INFO] Rule:225 - rule 117617 - U5Cobra4M][GTZC] default value MPCBB3 and MPCBB5 - Secured memory - MPCBB4 is applicable
2023-02-10 16:30:27,642 [INFO] Rule:225 - rule 117617 - U5Cobra4M][GTZC] default value MPCBB3 and MPCBB5 - Privileged memory - MPCBB1 is applicable
2023-02-10 16:30:27,642 [INFO] Rule:225 - rule 117617 - U5Cobra4M][GTZC] default value MPCBB3 and MPCBB5 - Privileged memory - MPCBB2 is applicable
2023-02-10 16:30:27,642 [INFO] Rule:225 - rule 117617 - U5Cobra4M][GTZC] default value MPCBB3 and MPCBB5 - Privileged memory - MPCBB3 is applicable
2023-02-10 16:30:27,642 [INFO] Rule:225 - rule 117617 - U5Cobra4M][GTZC] default value MPCBB3 and MPCBB5 - Privileged memory - MPCBB4 is applicable
2023-02-10 16:30:27,642 [INFO] Rule:225 - rule 117617 - U5Cobra4M][GTZC] default value MPCBB3 and MPCBB5 - Not Privileged memory - MPCBB1 is applicable
2023-02-10 16:30:27,642 [INFO] Rule:225 - rule 117617 - U5Cobra4M][GTZC] default value MPCBB3 and MPCBB5 - Not Privileged memory - MPCBB2 is applicable
2023-02-10 16:30:27,642 [INFO] Rule:225 - rule 117617 - U5Cobra4M][GTZC] default value MPCBB3 and MPCBB5 - Not Privileged memory - MPCBB3 is applicable
2023-02-10 16:30:27,642 [INFO] Rule:225 - rule 117617 - U5Cobra4M][GTZC] default value MPCBB3 and MPCBB5 - Not Privileged memory - MPCBB4 is applicable
2023-02-10 16:30:27,642 [INFO] Rule:225 - rule 117617 - U5Cobra4M][GTZC] default value MPCBB3 and MPCBB5 - Privileged memory - MPCBB1 is applicable
2023-02-10 16:30:27,642 [INFO] Rule:225 - rule 117617 - U5Cobra4M][GTZC] default value MPCBB3 and MPCBB5 - Privileged memory - MPCBB2 is applicable
2023-02-10 16:30:27,642 [INFO] Rule:225 - rule 117617 - U5Cobra4M][GTZC] default value MPCBB3 and MPCBB5 - Privileged memory - MPCBB3 is applicable
2023-02-10 16:30:27,642 [INFO] Rule:225 - rule 117617 - U5Cobra4M][GTZC] default value MPCBB3 and MPCBB5 - Privileged memory - MPCBB4 is applicable
2023-02-10 16:30:27,642 [INFO] Rule:225 - rule 117617 - U5Cobra4M][GTZC] default value MPCBB3 and MPCBB5 - Privileged memory - MPCBB1 is applicable
2023-02-10 16:30:27,642 [INFO] Rule:225 - rule 117617 - U5Cobra4M][GTZC] default value MPCBB3 and MPCBB5 - Privileged memory - MPCBB2 is applicable
2023-02-10 16:30:27,642 [INFO] Rule:225 - rule 117617 - U5Cobra4M][GTZC] default value MPCBB3 and MPCBB5 - Privileged memory - MPCBB3 is applicable
2023-02-10 16:30:27,642 [INFO] Rule:225 - rule 117617 - U5Cobra4M][GTZC] default value MPCBB3 and MPCBB5 - Privileged memory - MPCBB4 is applicable
2023-02-10 16:30:27,642 [INFO] Rule:225 - rule 117617 - U5Cobra4M][GTZC] default value MPCBB3 and MPCBB5 - Not Privileged memory - MPCBB1 is applicable
2023-02-10 16:30:27,642 [INFO] Rule:225 - rule 117617 - U5Cobra4M][GTZC] default value MPCBB3 and MPCBB5 - Not Privileged memory - MPCBB2 is applicable
2023-02-10 16:30:27,642 [INFO] Rule:225 - rule 117617 - U5Cobra4M][GTZC] default value MPCBB3 and MPCBB5 - Not Privileged memory - MPCBB3 is applicable
2023-02-10 16:30:27,647 [INFO] Rule:225 - rule 117617 - U5Cobra4M][GTZC] default value MPCBB3 and MPCBB5 - Not Privileged memory - MPCBB4 is applicable
2023-02-10 16:30:27,647 [INFO] Rule:225 - rule 117617 - U5Cobra4M][GTZC] default value MPCBB3 and MPCBB5 - Privileged memory - MPCBB1 is applicable
2023-02-10 16:30:27,647 [INFO] Rule:225 - rule 117617 - U5Cobra4M][GTZC] default value MPCBB3 and MPCBB5 - Privileged memory - MPCBB2 is applicable
2023-02-10 16:30:27,647 [INFO] Rule:225 - rule 117617 - U5Cobra4M][GTZC] default value MPCBB3 and MPCBB5 - Privileged memory - MPCBB3 is applicable
2023-02-10 16:30:27,647 [INFO] Rule:225 - rule 117617 - U5Cobra4M][GTZC] default value MPCBB3 and MPCBB5 - Privileged memory - MPCBB4 is applicable
2023-02-10 16:30:27,647 [INFO] Rule:225 - rule Rename SubGHz_Phy SUBGHZ_APPLICATION SUBGHZ_PINGPONG to SUBGHZ_ADV_APPLICATION is applicable
2023-02-10 16:30:27,647 [INFO] Rule:225 - rule Rename Enabled to IBEACON is applicable
2023-02-10 16:30:27,647 [INFO] Rule:225 - rule GTZC_S instance for project manager is applicable
2023-02-10 16:30:27,647 [INFO] Rule:225 - rule GTZC_S instance for context M33S is applicable
2023-02-10 16:30:27,647 [INFO] Rule:225 - rule GTZC_S instance value for IP GTZC is applicable
2023-02-10 16:30:27,647 [INFO] Rule:225 - rule GTZC_S instance for mcu.IP is applicable
2023-02-10 16:30:27,647 [INFO] Rule:225 - rule GTZC_S instance for VP is applicable
2023-02-10 16:30:27,649 [INFO] Rule:225 - rule GTZC_S instance for signal is applicable
2023-02-10 16:30:27,649 [INFO] Rule:225 - rule GTZC_S instance for mcu.Pin is applicable
2023-02-10 16:30:27,649 [INFO] Rule:225 - rule GTZC_S instance for VP is applicable
2023-02-10 16:30:27,649 [INFO] Rule:225 - rule GTZC_S instance for signal is applicable
2023-02-10 16:30:27,649 [INFO] Rule:225 - rule GTZC_S instance for mcu is applicable
2023-02-10 16:30:27,649 [INFO] Rule:225 - rule GTZC_S instance for mcu.Pin is applicable
2023-02-10 16:30:27,649 [INFO] Rule:225 - rule GTZC_S instance value for IP GTZC is applicable
2023-02-10 16:30:27,649 [INFO] Rule:225 - rule GTZC_S instance for project manager is applicable
2023-02-10 16:30:27,649 [INFO] Rule:225 - rule GTZC_S instance for context M33S is applicable
2023-02-10 16:30:27,649 [INFO] Rule:225 - rule GTZC_S instance for VP is applicable
2023-02-10 16:30:27,649 [INFO] Rule:225 - rule GTZC_S instance for signal is applicable
2023-02-10 16:30:27,649 [INFO] Rule:225 - rule SPDIFRX instance for mcu is applicable
2023-02-10 16:30:27,649 [INFO] Rule:225 - rule Rename Tracer Mode is applicable
2023-02-10 16:30:27,649 [INFO] Rule:225 - rule SPDIFRX instance value for IP SPDIFRX is applicable
2023-02-10 16:30:27,649 [INFO] Rule:225 - rule SPDIFRX instance for signal is applicable
2023-02-10 16:30:27,649 [INFO] Rule:225 - rule SPDIFRX instance for project manager is applicable
2023-02-10 16:30:27,649 [INFO] Rule:225 - rule SPDIFRX instance for project manager is applicable
2023-02-10 16:30:27,649 [INFO] Rule:225 - rule ADC Scan  fix with FW F7 is applicable
2023-02-10 16:30:27,649 [INFO] Rule:225 - rule ADC Scan  fix with FW F7 is applicable
2023-02-10 16:30:27,649 [INFO] Rule:225 - rule Add RTC Activate Clock Source is applicable
2023-02-10 16:30:27,649 [INFO] Rule:225 - rule Add RTC Activate Calendar 1 is applicable
2023-02-10 16:30:27,649 [INFO] Rule:225 - rule Add RTC Activate Calendar 2 is applicable
2023-02-10 16:30:27,649 [INFO] Rule:225 - rule Add RTC Activate Calendar 3 is applicable
2023-02-10 16:30:27,649 [INFO] Rule:225 - rule UART/USART TX Mode is applicable
2023-02-10 16:30:27,649 [INFO] Rule:225 - rule UART/USART RX Mode is applicable
2023-02-10 16:30:27,653 [INFO] Rule:225 - rule UART/USART RX TX Mode is applicable
2023-02-10 16:30:27,653 [INFO] Rule:225 - rule UART/USART PARITY NONE is applicable
2023-02-10 16:30:27,653 [INFO] Rule:225 - rule UART/USART PARITY EVEN is applicable
2023-02-10 16:30:27,653 [INFO] Rule:225 - rule UART/USART PARITY ODD is applicable
2023-02-10 16:30:27,653 [INFO] Rule:225 - rule USART StopBits 1 is applicable
2023-02-10 16:30:27,654 [INFO] Rule:225 - rule USART StopBits 2 is applicable
2023-02-10 16:30:27,654 [INFO] Rule:225 - rule USART StopBits 1.5 is applicable
2023-02-10 16:30:27,654 [INFO] Rule:225 - rule USART StopBits 0.5 is applicable
2023-02-10 16:30:27,654 [INFO] Rule:225 - rule UART/USART WORD LENGTH 7 is applicable
2023-02-10 16:30:27,654 [INFO] Rule:225 - rule UART/USART WORD LENGTH 8 is applicable
2023-02-10 16:30:27,654 [INFO] Rule:225 - rule UART/USART WORD LENGTH 9 is applicable
2023-02-10 16:30:27,654 [INFO] Rule:225 - rule Rename FMC NAND NCE signal is applicable
2023-02-10 16:30:27,654 [INFO] Rule:225 - rule Rename FMC NAND INT signal is applicable
2023-02-10 16:30:27,654 [INFO] Rule:225 - rule Change Default Value for LSE Drive Capability for WB family is applicable
2023-02-10 16:30:27,654 [INFO] Rule:225 - rule Change Default Value for ADC Clock Prescaler G0 family is applicable
2023-02-10 16:30:27,654 [INFO] Rule:225 - rule Change Default Value for ADC ExternalTrigConv L4 family is applicable
2023-02-10 16:30:27,654 [INFO] Rule:225 - rule Change Default Value for ADC ExternalTrigInjecConv L4 family is applicable
2023-02-10 16:30:27,654 [INFO] Rule:225 - rule Change Default Value for ADC ExternalTrigConv F3 family is applicable
2023-02-10 16:30:27,654 [INFO] Rule:225 - rule Change Default Value for ADC ExternalTrigInjecConv F3 family is applicable
2023-02-10 16:30:27,654 [INFO] Rule:225 - rule Change Default Value for ADC ExternalTrigConv Goldfish serie is applicable
2023-02-10 16:30:27,655 [INFO] Rule:225 - rule Change Default Value for ADC ExternalTrigInjecConv Goldfish serie is applicable
2023-02-10 16:30:27,655 [INFO] Rule:225 - rule Change Default Value for ADC ExternalTrigConv L0 family is applicable
2023-02-10 16:30:27,656 [INFO] Rule:225 - rule Change Default Value for ADC ExternalTrigConv F0 family is applicable
2023-02-10 16:30:27,656 [INFO] Rule:225 - rule Change Default Value for ADC ExternalTrigConvn L1 family is applicable
2023-02-10 16:30:27,656 [INFO] Rule:225 - rule Change Default Value for ADC ExternalTrigInjecConv L1 family is applicable
2023-02-10 16:30:27,656 [INFO] Rule:225 - rule Change Default Value for ADC ExternalTrigConv F1 family is applicable
2023-02-10 16:30:27,656 [INFO] Rule:225 - rule Change Default Value for ADC ExternalTrigInjecConv F1 family is applicable
2023-02-10 16:30:27,656 [INFO] Rule:225 - rule Change Default Value for ADC ExternalTrigConv F7 family is applicable
2023-02-10 16:30:27,656 [INFO] Rule:225 - rule Change Default Value for ADC ExternalTrigInjecConv F7 family is applicable
2023-02-10 16:30:27,656 [INFO] Rule:225 - rule Change Default Value for ADC ExternalTrigConv F4 and F2 family is applicable
2023-02-10 16:30:27,656 [INFO] Rule:225 - rule Change Default Value for ADC ExternalTrigInjecConv F4 and F2 family is applicable
2023-02-10 16:30:27,656 [INFO] Rule:225 - rule ADC SamplingTime fix with FW L0  is applicable
2023-02-10 16:30:27,657 [INFO] Rule:225 - rule ADC SamplingTime fix with FW L0  is applicable
2023-02-10 16:30:27,657 [INFO] Rule:225 - rule ADC SamplingTime fix with FW L0 is applicable
2023-02-10 16:30:27,657 [INFO] Rule:225 - rule ADC SamplingTime fix with FW L0 is applicable
2023-02-10 16:30:27,657 [INFO] Rule:225 - rule ADC SamplingTime fix with FW L0  is applicable
2023-02-10 16:30:27,657 [INFO] Rule:225 - rule ADC SamplingTime fix with FW L0 is applicable
2023-02-10 16:30:27,657 [INFO] Rule:225 - rule Rename USB_OE Signal is applicable
2023-02-10 16:30:27,657 [INFO] Rule:225 - rule Rename Activate_OE Mode is applicable
2023-02-10 16:30:27,657 [INFO] Rule:225 - rule Rename DIE462/DIE415 pin PC14/OSC32_IN -> PC14-OSC32_IN (PC14) is applicable
2023-02-10 16:30:27,658 [INFO] Rule:225 - rule Rename DIE462/DIE415 pin PC15/OSC32_OUT -> PC15-OSC32_OUT (PC15) is applicable
2023-02-10 16:30:27,658 [INFO] Rule:225 - rule Rename DIE462/DIE415 pin PH0/OSC_IN -> PH0-OSC_IN (PH0) is applicable
2023-02-10 16:30:27,658 [INFO] Rule:225 - rule Rename DIE462/DIE415 pin PH1/OSC_OUT -> PH1-OSC_OUT (PH1) is applicable
2023-02-10 16:30:27,658 [INFO] Rule:225 - rule Rename DIE462 pin PA13 -> PA13 (JTMS/SWDIO) is applicable
2023-02-10 16:30:27,658 [INFO] Rule:225 - rule Rename DIE415 pin PA13 -> PA13 (JTMS/SWDIO) is applicable
2023-02-10 16:30:27,658 [INFO] Rule:225 - rule Rename DIE462 pin PA14 -> PA14 (JTCK/SWCLK) is applicable
2023-02-10 16:30:27,658 [INFO] Rule:225 - rule Rename DIE415 pin PA14 -> PA14 (JTCK/SWCLK) is applicable
2023-02-10 16:30:27,658 [INFO] Rule:225 - rule Rename DIE462/DIE415 pin PA15 -> PA15 (JTDI) is applicable
2023-02-10 16:30:27,658 [INFO] Rule:225 - rule Rename DIE462 pin PB3 -> PB3 (JTD0/TRACESWO) is applicable
2023-02-10 16:30:27,659 [INFO] Rule:225 - rule Rename DIE415 pin PB3 -> PB3 (JTD0-TRACESWO) is applicable
2023-02-10 16:30:27,659 [INFO] Rule:225 - rule Rename DIE462/DIE415 pin PB4 -> PB4 (NJTRST) is applicable
2023-02-10 16:30:27,659 [INFO] Rule:225 - rule Rename DIE462 pin PH3/BOOT0 -> PH3-BOOT0 (BOOT0) is applicable
2023-02-10 16:30:27,659 [INFO] Rule:225 - rule Rename CRYP DataEncryptionTypesList to Algorithm is applicable
2023-02-10 16:30:27,659 [INFO] Rule:225 - rule Rename AES DataEncryptionTypesList to Algorithm is applicable
2023-02-10 16:30:27,659 [INFO] Rule:225 - rule Rename TDESECB to CRYP_TDES_ECB is applicable
2023-02-10 16:30:27,659 [INFO] Rule:225 - rule Rename TDESCBC to CRYP_TDES_CBC is applicable
2023-02-10 16:30:27,660 [INFO] Rule:225 - rule Rename DESECB to CRYP_DES_ECB is applicable
2023-02-10 16:30:27,660 [INFO] Rule:225 - rule Rename DESCBC to CRYP_DES_CBC is applicable
2023-02-10 16:30:27,660 [INFO] Rule:225 - rule Rename AESECB to CRYP_AES_ECB is applicable
2023-02-10 16:30:27,660 [INFO] Rule:225 - rule Rename AESCBC to CRYP_AES_CBC is applicable
2023-02-10 16:30:27,660 [INFO] Rule:225 - rule Rename AESCTR to CRYP_AES_CTR is applicable
2023-02-10 16:30:27,660 [INFO] Rule:225 - rule Rename AESGCM to CRYP_AES_GCM is applicable
2023-02-10 16:30:27,660 [INFO] Rule:225 - rule Rename AESCCM to CRYP_AES_CCM is applicable
2023-02-10 16:30:27,660 [INFO] Rule:225 - rule Rename CAN TimeSeg1 to BS1 is applicable
2023-02-10 16:30:27,660 [INFO] Rule:225 - rule Rename CAN TimeSeg2 to BS2 is applicable
2023-02-10 16:30:27,660 [INFO] Rule:225 - rule Rename CAN SyncJumpWidth to SJW is applicable
2023-02-10 16:30:27,660 [INFO] Rule:225 - rule TimeTriggeredMode to TTCM is applicable
2023-02-10 16:30:27,660 [INFO] Rule:225 - rule Rename CAN AutoBusOff to ABOM is applicable
2023-02-10 16:30:27,660 [INFO] Rule:225 - rule Rename CAN AutoWakeUp to AWUM is applicable
2023-02-10 16:30:27,660 [INFO] Rule:225 - rule Rename CAN AutoRetransmission to NART is applicable
2023-02-10 16:30:27,660 [INFO] Rule:225 - rule Rename CAN ReceiveFifoLocked to RFLM is applicable
2023-02-10 16:30:27,662 [INFO] Rule:225 - rule Rename CAN TransmitFifoPriority to TXFP is applicable
2023-02-10 16:30:27,663 [INFO] Rule:225 - rule Rename HRTIMER HRTIM_OUTPUTFAULTLEVEL_HIGH in HRTIMER HRTIM_OUTPUTFAULTLEVEL_HIGHZ is applicable
2023-02-10 16:30:27,663 [INFO] Rule:225 - rule Rename TIMER TIM_CLEARINPUTSOURCE_OCREFCLR in  TIMER TIM_CLEARINPUTSOURCE_NONE for F7 family is applicable
2023-02-10 16:30:27,663 [INFO] Rule:225 - rule FDCAN_R1 - Rename FDCAN mode Master into Classic is applicable
2023-02-10 16:30:27,663 [INFO] Rule:225 - rule FDCAN_R2 - Rename FDCAN mode Slave into Classic is applicable
2023-02-10 16:30:27,663 [INFO] Rule:225 - rule FDCAN1_R3 - if PA10.Mode=FullDuplex, add Pin PA12 is applicable
2023-02-10 16:30:27,663 [INFO] Rule:225 - rule FDCAN1_R3 - if PA9.Mode=FullDuplex, add Pin PA11 is applicable
2023-02-10 16:30:27,663 [INFO] Rule:225 - rule FDCAN1_R3 - Alternatepin_1 - if PE1.Mode=FullDuplex, add Pin PB9 is applicable
2023-02-10 16:30:27,663 [INFO] Rule:225 - rule FDCAN1_R3 - Alternatepin_1 - if PE0.Mode=FullDuplex, add Pin PB8 is applicable
2023-02-10 16:30:27,663 [INFO] Rule:225 - rule FDCAN1_R3 - Alternatepin_2 - if PD5.Mode=FullDuplex, add Pin PD1 is applicable
2023-02-10 16:30:27,663 [INFO] Rule:225 - rule FDCAN1_R3 - Alternatepin_2 - if PD4.Mode=FullDuplex, add Pin PD0 is applicable
2023-02-10 16:30:27,663 [INFO] Rule:225 - rule FDCAN1_R4 - Rename Mode FullDuplex into Enable FDCAN_TXFD for pin PA10 is applicable
2023-02-10 16:30:27,663 [INFO] Rule:225 - rule FDCAN1_R4 - Rename Mode FullDuplex into Enable FDCAN_TXFD for pin PA9 is applicable
2023-02-10 16:30:27,663 [INFO] Rule:225 - rule FDCAN1_R4 - Alternatepin_1 - Rename Mode FullDuplex into Enable FDCAN_TXFD for pin PE1 is applicable
2023-02-10 16:30:27,664 [INFO] Rule:225 - rule FDCAN1_R4 - Alternatepin_1 - Rename Mode FullDuplex into Enable FDCAN_TXFD for pin PE0 is applicable
2023-02-10 16:30:27,664 [INFO] Rule:225 - rule FDCAN1_R4 - Alternatepin_2 - Rename Mode FullDuplex into Enable FDCAN_TXFD for pin PD5 is applicable
2023-02-10 16:30:27,664 [INFO] Rule:225 - rule FDCAN1_R4 - Alternatepin_2 - Rename Mode FullDuplex into Enable FDCAN_TXFD for pin PD4 is applicable
2023-02-10 16:30:27,664 [INFO] Rule:225 - rule FDCAN2_R3 - if PD10.Mode=FullDuplex, add Pin PB13 is applicable
2023-02-10 16:30:27,664 [INFO] Rule:225 - rule FDCAN2_R3 - if PD9.Mode=FullDuplex, add Pin PB12 is applicable
2023-02-10 16:30:27,664 [INFO] Rule:225 - rule FDCAN2_R3 - Alternatepin_1 - if PB7.Mode=FullDuplex, add Pin PB6 is applicable
2023-02-10 16:30:27,664 [INFO] Rule:225 - rule FDCAN2_R3 - Alternatepin_1 - if PD9.Mode=FullDuplex, add Pin PB12 is applicable
2023-02-10 16:30:27,664 [INFO] Rule:225 - rule FDCAN2_R4 - Rename Mode FullDuplex into Enable FDCAN_TXFD for pin PD10 is applicable
2023-02-10 16:30:27,664 [INFO] Rule:225 - rule FDCAN2_R4 - Rename Mode FullDuplex into Enable FDCAN_TXFD for pin PD9 is applicable
2023-02-10 16:30:27,664 [INFO] Rule:225 - rule FDCAN2_R4 - Alternatepin_1 - Rename Mode FullDuplex into Enable FDCAN_TXFD for pin PB7 is applicable
2023-02-10 16:30:27,664 [INFO] Rule:225 - rule FDCAN2_R4 - Alternatepin_1 - Rename Mode FullDuplex into Enable FDCAN_TXFD for pin PD6 is applicable
2023-02-10 16:30:27,664 [INFO] Rule:225 - rule USART TxPinLevelInvertParam Mode is applicable
2023-02-10 16:30:27,664 [INFO] Rule:225 - rule USART RxPinLevelInvertParam Mode is applicable
2023-02-10 16:30:27,664 [INFO] Rule:225 - rule USART DataInvertParam Mode is applicable
2023-02-10 16:30:27,664 [INFO] Rule:225 - rule USART SwapParam Mode is applicable
2023-02-10 16:30:27,664 [INFO] Rule:225 - rule USART OverrunDisableParam Mode is applicable
2023-02-10 16:30:27,664 [INFO] Rule:225 - rule USART DMADisableonRxErrorParam Mode is applicable
2023-02-10 16:30:27,664 [INFO] Rule:225 - rule USART MSBFirstParam Mode is applicable
2023-02-10 16:30:27,664 [INFO] Rule:225 - rule Update MwName for USB_DEVICE is applicable
2023-02-10 16:30:27,664 [INFO] Rule:225 - rule Change PWR_Regulator_Voltage_Scale Default Value for RCC  H7 family is applicable
2023-02-10 16:30:27,664 [INFO] Rule:225 - rule UART/USART IPParameter rename Prescaler parameter to ClockPrescaler is applicable
2023-02-10 16:30:27,664 [INFO] Rule:225 - rule UART/USART Prescaler rename Prescaler parameter to ClockPrescaler is applicable
2023-02-10 16:30:27,664 [INFO] Rule:225 - rule TIM1CLockSelection is applicable
2023-02-10 16:30:27,664 [INFO] Rule:225 - rule TIM15CLockSelection is applicable
2023-02-10 16:30:27,664 [INFO] Rule:225 - rule align RCC SDMMC3CLockSelection default value on MP1 is applicable
2023-02-10 16:30:27,664 [INFO] Rule:225 - rule align RCC SDMMC12CLockSelection default value on MP1 is applicable
2023-02-10 16:30:27,664 [INFO] Rule:225 - rule align RCC QSPICLockSelection default value on MP1 is applicable
2023-02-10 16:30:27,664 [INFO] Rule:225 - rule align RCC QSPICLockSelection default value on MP1 is applicable
2023-02-10 16:30:27,664 [INFO] Rule:225 - rule align RCC SPI6CLockSelection default value on MP1 is applicable
2023-02-10 16:30:27,664 [INFO] Rule:225 - rule align RCC LPTIM23CLockSelection default value on MP1 is applicable
2023-02-10 16:30:27,664 [INFO] Rule:225 - rule align RCC LPTIM1CLockSelection default value on MP1 is applicable
2023-02-10 16:30:27,664 [INFO] Rule:225 - rule align RCC USART1CLockSelection default value on MP1 is applicable
2023-02-10 16:30:27,664 [INFO] Rule:225 - rule align RCC USART24CLockSelection default value on MP1 is applicable
2023-02-10 16:30:27,664 [INFO] Rule:225 - rule align RCC USART6CLockSelection default value on MP1 is applicable
2023-02-10 16:30:27,664 [INFO] Rule:225 - rule align RCC UART78CLockSelection default value on MP1 is applicable
2023-02-10 16:30:27,671 [INFO] Rule:225 - rule align RCC USART35CLockSelection default value on MP1 is applicable
2023-02-10 16:30:27,671 [INFO] Rule:225 - rule align RCC SPI45CLockSelection default value on MP1 is applicable
2023-02-10 16:30:27,671 [INFO] Rule:225 - rule align RCC I2C46CLockSelection BCLK value on MP1 is applicable
2023-02-10 16:30:27,671 [INFO] Rule:225 - rule align RCC SPI45CLockSelection default value on MP1 is applicable
2023-02-10 16:30:27,671 [INFO] Rule:225 - rule align RCC I2C12CLockSelection default value on MP1 is applicable
2023-02-10 16:30:27,671 [INFO] Rule:225 - rule align RCC I2C35CLockSelection default value on MP1 is applicable
2023-02-10 16:30:27,671 [INFO] Rule:225 - rule align RCC LPTIM45CLockSelection default value on MP1 is applicable
2023-02-10 16:30:27,671 [INFO] Rule:225 - rule Rename DCMI PIXCK signal is applicable
2023-02-10 16:30:27,671 [INFO] Rule:225 - rule Change Default Value for I2C46CLockSelection MP1 family is applicable
2023-02-10 16:30:27,671 [INFO] Rule:225 - rule Change Default Value for UART for G4, G0 and WB families is applicable
2023-02-10 16:30:27,671 [INFO] Rule:225 - rule Change Default Value for USART for G4, G0 and WB families is applicable
2023-02-10 16:30:27,671 [INFO] Rule:225 - rule Change Default Value for USART for G4 family is applicable
2023-02-10 16:30:27,671 [INFO] Rule:225 - rule Change USART1CLockSelection refparam name for MP1 is applicable
2023-02-10 16:30:27,671 [INFO] Rule:225 - rule Change USART2CLockSelection refparam name for MP1 is applicable
2023-02-10 16:30:27,671 [INFO] Rule:225 - rule Change USART3CLockSelection refparam name for MP1 is applicable
2023-02-10 16:30:27,671 [INFO] Rule:225 - rule Change UART4CLockSelection refparam name for MP1 is applicable
2023-02-10 16:30:27,671 [INFO] Rule:225 - rule Change UART5CLockSelection refparam name for MP1 is applicable
2023-02-10 16:30:27,671 [INFO] Rule:225 - rule Change LPUART1CLockSelection refparam name for MP1 is applicable
2023-02-10 16:30:27,671 [INFO] Rule:225 - rule Change LPTIM1CLockSelection refparam name for MP1 is applicable
2023-02-10 16:30:27,671 [INFO] Rule:225 - rule Change LPTIM2CLockSelection refparam name for MP1 is applicable
2023-02-10 16:30:27,671 [INFO] Rule:225 - rule Change RCC_MCO1Source refparam name for MP1 is applicable
2023-02-10 16:30:27,671 [INFO] Rule:225 - rule Change LSCOSource1 refparam name for MP1 is applicable
2023-02-10 16:30:27,671 [INFO] Rule:225 - rule Change SMPSCLockSelection refparam name for MP1 is applicable
2023-02-10 16:30:27,671 [INFO] Rule:225 - rule Change LPTIM3CLockSelection refparam name for MP1 is applicable
2023-02-10 16:30:27,674 [INFO] Rule:225 - rule Change MPCBB* Default Template Mode to Parameters is applicable
2023-02-10 16:30:27,674 [INFO] Rule:225 - rule Change MPCWM* or MPCBB* Secure Mode to Parameters is applicable
2023-02-10 16:30:27,674 [INFO] Rule:225 - rule Change MPCWM* or MPCBB* No Secure Mode to Parameters is applicable
2023-02-10 16:30:27,674 [INFO] Rule:225 - rule Change TZSC IP Secure Mode to Parameters is applicable
2023-02-10 16:30:27,675 [INFO] Rule:225 - rule Change TZSC IP No Secure Mode to Parameters is applicable
2023-02-10 16:30:27,675 [INFO] Rule:225 - rule Change TZSC IP Privilege Mode to Parameters is applicable
2023-02-10 16:30:27,675 [INFO] Rule:225 - rule Change TZSC IP No Privilege Mode to Parameters is applicable
2023-02-10 16:30:27,675 [INFO] Rule:225 - rule Change TZIC IT Secure Mode to Parameters is applicable
2023-02-10 16:30:27,675 [INFO] Rule:225 - rule Change TZIC IT No Secure Mode to Parameters is applicable
2023-02-10 16:30:27,675 [INFO] Rule:225 - rule Add MPCBB1_NonSecureArea_Start_Address value with referenced to MPCBB1_NonSecureArea_Start value is applicable
2023-02-10 16:30:27,675 [INFO] Rule:225 - rule Add MPCBB2_NonSecureArea_Start_Address value with referenced to MPCBB2_NonSecureArea_Start value is applicable
2023-02-10 16:30:27,676 [INFO] Rule:225 - rule Add MPCWM1_NonSecureArea*_Start_Address value with referenced to MPCWM1_NonSecureArea*_Start value is applicable
2023-02-10 16:30:27,676 [INFO] Rule:225 - rule Add MPCWM2_NonSecureArea*_Start_Address value with referenced to MPCWM2_NonSecureArea*_Start value is applicable
2023-02-10 16:30:27,676 [INFO] Rule:225 - rule Add MPCWM3_NonSecureArea_Start_Address value with referenced to MPCWM3_NonSecureArea_Start value is applicable
2023-02-10 16:30:27,676 [INFO] Rule:225 - rule Change Default Value for PLL1UserDefinedConfig is applicable
2023-02-10 16:30:27,676 [INFO] Rule:225 - rule Change GPIO_PuPd Default Value for USART in async mode is applicable
2023-02-10 16:30:27,677 [INFO] Rule:225 - rule Change SMPSDivider Default Value is applicable
2023-02-10 16:30:27,677 [INFO] Rule:225 - rule OPAMP is applicable
2023-02-10 16:30:27,677 [INFO] Rule:225 - rule LPUART IPParameter rename Prescaler parameter to ClockPrescaler for STM32H7 is applicable
2023-02-10 16:30:27,677 [INFO] Rule:225 - rule LPUART IPParameter rename Prescaler parameter to ClockPrescaler for STM32H7 is applicable
2023-02-10 16:30:27,677 [INFO] Rule:225 - rule LPUART IPParameter rename Prescaler parameter to ClockPrescaler for STM32WB is applicable
2023-02-10 16:30:27,677 [INFO] Rule:225 - rule LPUART IPParameter rename Prescaler parameter to ClockPrescaler for STM32WB is applicable
2023-02-10 16:30:27,677 [INFO] Rule:225 - rule LPUART IPParameter rename Prescaler parameter to ClockPrescaler for STM32G4 is applicable
2023-02-10 16:30:27,677 [INFO] Rule:225 - rule LPUART IPParameter rename Prescaler parameter to ClockPrescaler for STM32G4 is applicable
2023-02-10 16:30:27,677 [INFO] Rule:225 - rule LPUART IPParameter rename Prescaler parameter to ClockPrescaler for STM32L5 is applicable
2023-02-10 16:30:27,677 [INFO] Rule:225 - rule LPUART IPParameter rename Prescaler parameter to ClockPrescaler for STM32L5 is applicable
2023-02-10 16:30:27,677 [INFO] Rule:225 - rule LPUART IPParameter rename Prescaler parameter to ClockPrescaler for STM32G4 is applicable
2023-02-10 16:30:27,677 [INFO] Rule:225 - rule LPUART IPParameter rename Prescaler parameter to ClockPrescaler for STM32G4 is applicable
2023-02-10 16:30:27,677 [INFO] Rule:225 - rule USB device lib V2.5.3 for L0 rename USBD_SUPPORT_USER_STRING parameter to USBD_SUPPORT_USER_STRING_DESC4 is applicable
2023-02-10 16:30:27,677 [INFO] Rule:225 - rule I2SCLockSelection clock entry align is applicable
2023-02-10 16:30:27,677 [INFO] Rule:225 - rule Assign TIMx context if used as SYS timebase is applicable
2023-02-10 16:30:27,677 [INFO] Rule:225 - rule Change GPIO_Pu Default Value for I2C is applicable
2023-02-10 16:30:27,677 [INFO] Rule:225 - rule Change GPIO_Pu Default Value for SMBus is applicable
2023-02-10 16:30:27,677 [INFO] Rule:225 - rule change FDCAN default value is applicable
2023-02-10 16:30:27,677 [INFO] Rule:225 - rule Change mode sai is applicable
2023-02-10 16:30:27,677 [INFO] Rule:225 - rule **Change sai mode is applicable
2023-02-10 16:30:27,713 [INFO] DbConfProperties:305 - Apply Compatibility (49/248 Rules)
2023-02-10 16:30:27,774 [INFO] ImportTextPane:193 - (OptionalMessage_ERROR) Unable to find key (Mcu.ThirdPartyNb) in loaded IOC file
2023-02-10 16:30:28,329 [INFO] RtosManager:489 - Registered RTOS mode: class=CMSIS, group=RTOS, mode=CMSIS_V1, owner=FREERTOS
2023-02-10 16:30:28,329 [INFO] RtosManager:489 - Registered RTOS mode: class=CMSIS, group=RTOS2, mode=CMSIS_V2, owner=FREERTOS
2023-02-10 16:30:28,329 [INFO] RtosManager:489 - Registered RTOS mode: class=RTOS, group=Core, mode=CMSIS_V1, owner=FREERTOS
2023-02-10 16:30:28,329 [INFO] RtosManager:489 - Registered RTOS mode: class=RTOS, group=Core, mode=CMSIS_V2, owner=FREERTOS
2023-02-10 16:30:28,329 [WARN] ModelIntegratedComponent:185 - Missing modes for component STMicroelectronics:FreeRTOS:0.0.1:STMicroelectronics:RTOS:FreeRTOS:Core:::10.2.0:
2023-02-10 16:30:28,376 [WARN] ModelIntegratedComponent:64 - No mode defined for component null
2023-02-10 16:30:28,376 [WARN] ModelIntegratedComponent:64 - No mode defined for component null
2023-02-10 16:30:28,376 [WARN] ModelIntegratedComponent:64 - No mode defined for component null
2023-02-10 16:30:28,376 [WARN] ModelIntegratedComponent:64 - No mode defined for component null
2023-02-10 16:30:28,376 [WARN] ModelIntegratedComponent:64 - No mode defined for component null
2023-02-10 16:30:28,376 [WARN] ModelIntegratedComponent:64 - No mode defined for component null
2023-02-10 16:30:28,376 [WARN] ModelIntegratedComponent:64 - No mode defined for component null
2023-02-10 16:30:28,376 [WARN] ModelIntegratedComponent:64 - No mode defined for component null
2023-02-10 16:30:28,376 [WARN] ModelIntegratedComponent:64 - No mode defined for component null
2023-02-10 16:30:28,376 [WARN] ModelIntegratedComponent:64 - No mode defined for component null
2023-02-10 16:30:28,376 [WARN] ModelIntegratedComponent:64 - No mode defined for component null
2023-02-10 16:30:28,376 [WARN] ModelIntegratedComponent:64 - No mode defined for component null
2023-02-10 16:30:28,376 [WARN] ModelIntegratedComponent:64 - No mode defined for component null
2023-02-10 16:30:28,376 [WARN] ModelIntegratedComponent:64 - No mode defined for component null
2023-02-10 16:30:28,376 [WARN] ModelIntegratedComponent:64 - No mode defined for component null
2023-02-10 16:30:28,376 [WARN] ModelIntegratedComponent:64 - No mode defined for component null
2023-02-10 16:30:28,376 [WARN] ModelIntegratedComponent:64 - No mode defined for component null
2023-02-10 16:30:28,376 [WARN] ModelIntegratedComponent:64 - No mode defined for component null
2023-02-10 16:30:28,376 [WARN] ModelIntegratedComponent:64 - No mode defined for component null
2023-02-10 16:30:28,376 [WARN] ModelIntegratedComponent:64 - No mode defined for component null
2023-02-10 16:30:28,376 [WARN] ModelIntegratedComponent:64 - No mode defined for component null
2023-02-10 16:30:28,376 [WARN] ModelIntegratedComponent:64 - No mode defined for component null
2023-02-10 16:30:28,376 [WARN] ModelIntegratedComponent:64 - No mode defined for component null
2023-02-10 16:30:28,376 [WARN] ModelIntegratedComponent:64 - No mode defined for component null
2023-02-10 16:30:28,376 [WARN] ModelIntegratedComponent:64 - No mode defined for component null
2023-02-10 16:30:28,376 [WARN] ModelIntegratedComponent:64 - No mode defined for component null
2023-02-10 16:30:28,376 [WARN] ModelIntegratedComponent:64 - No mode defined for component null
2023-02-10 16:30:28,376 [WARN] ModelIntegratedComponent:64 - No mode defined for component null
2023-02-10 16:30:28,376 [WARN] ModelIntegratedComponent:64 - No mode defined for component null
2023-02-10 16:30:28,376 [WARN] ModelIntegratedComponent:64 - No mode defined for component null
2023-02-10 16:30:28,376 [WARN] ModelIntegratedComponent:64 - No mode defined for component null
2023-02-10 16:30:28,376 [WARN] ModelIntegratedComponent:64 - No mode defined for component null
2023-02-10 16:30:28,376 [WARN] ModelIntegratedComponent:64 - No mode defined for component null
2023-02-10 16:30:28,723 [INFO] ThirdPartyModel:294 - Start build external matchings
2023-02-10 16:30:30,266 [INFO] ThirdPartyModel:310 - End build external matchings
2023-02-10 16:30:30,299 [INFO] ImportTextPane:193 - (OptionalMessage_ERROR) IP (RCC) : Invalid parameter (FamilyName)
2023-02-10 16:30:30,315 [INFO] ImportTextPane:193 - (OptionalMessage_ERROR) IP (RCC) : Parameter (RNGFreq_Value) has invalid value (64000000)
2023-02-10 16:30:30,315 [INFO] ImportTextPane:193 - (OptionalMessage_ERROR) IP (RCC) : Parameter (SDMMCFreq_Value) has invalid value (64000000)
2023-02-10 16:30:30,315 [INFO] ImportTextPane:193 - (OptionalMessage_ERROR) IP (RCC) : Parameter (USBFreq_Value) has invalid value (64000000)
2023-02-10 16:30:31,777 [INFO] UtilMem:74 - End LoadConfig() Used Memory: 704713832 Bytes (813694976)
2023-02-10 16:30:32,062 [WARN] ThirdParty:807 - waiting for thirdparty lock release [change project]
2023-02-10 16:30:32,062 [INFO] ThirdParty:809 - entering critical section [change project]
2023-02-10 16:30:32,062 [INFO] ThirdParty:999 - CMSIS Pack Vendor :STMicroelectronics X-CUBE-ISPU 1.1.0
2023-02-10 16:30:32,062 [INFO] ThirdParty:999 - CMSIS Pack Vendor :RoweBots I-CUBE-UNISONRTOS 5.5.0-4
2023-02-10 16:30:32,062 [INFO] ThirdParty:999 - CMSIS Pack Vendor :STMicroelectronics X-CUBE-GNSS1 6.0.0
2023-02-10 16:30:32,062 [INFO] ThirdParty:999 - CMSIS Pack Vendor :STMicroelectronics USB_HOST 2.0.0
2023-02-10 16:30:32,062 [INFO] ThirdParty:999 - CMSIS Pack Vendor :STMicroelectronics X-CUBE-AZRTOS-F4 1.1.0
2023-02-10 16:30:32,062 [INFO] ThirdParty:999 - CMSIS Pack Vendor :STMicroelectronics LIBJPEG 8.0.0
2023-02-10 16:30:32,062 [INFO] ThirdParty:999 - CMSIS Pack Vendor :STMicroelectronics USB_DEVICE 3.0.0
2023-02-10 16:30:32,062 [INFO] ThirdParty:999 - CMSIS Pack Vendor :STMicroelectronics X-CUBE-TOUCHGFX 4.21.1
2023-02-10 16:30:32,062 [INFO] ThirdParty:999 - CMSIS Pack Vendor :STMicroelectronics X-CUBE-AZRTOS-F7 1.1.0
2023-02-10 16:30:32,062 [INFO] ThirdParty:999 - CMSIS Pack Vendor :STMicroelectronics X-CUBE-MEMS1 9.4.0
2023-02-10 16:30:32,077 [INFO] ThirdParty:999 - CMSIS Pack Vendor :STMicroelectronics USB_DEVICE 2.0.0
2023-02-10 16:30:32,077 [INFO] ThirdParty:999 - CMSIS Pack Vendor :STMicroelectronics X-CUBE-AI 7.3.0
2023-02-10 16:30:32,077 [INFO] ThirdParty:999 - CMSIS Pack Vendor :STMicroelectronics X-CUBE-ALGOBUILD 1.3.0
2023-02-10 16:30:32,077 [INFO] ThirdParty:999 - CMSIS Pack Vendor :STMicroelectronics X-CUBE-BLE1 6.2.4
2023-02-10 16:30:32,077 [INFO] ThirdParty:999 - CMSIS Pack Vendor :STMicroelectronics X-CUBE-AZRTOS-L5 1.1.0
2023-02-10 16:30:32,077 [INFO] ThirdParty:999 - CMSIS Pack Vendor :STMicroelectronics FreeRTOS 0.0.1
2023-02-10 16:30:32,077 [INFO] ThirdParty:999 - CMSIS Pack Vendor :emotas I-CUBE-CANOPEN 1.1.3
2023-02-10 16:30:32,077 [INFO] ThirdParty:999 - CMSIS Pack Vendor :STMicroelectronics X-CUBE-AZRTOS-G0 1.1.0
2023-02-10 16:30:32,077 [INFO] ThirdParty:999 - CMSIS Pack Vendor :STMicroelectronics X-CUBE-SUBG2 5.0.0
2023-02-10 16:30:32,078 [INFO] ThirdParty:999 - CMSIS Pack Vendor :STMicroelectronics X-CUBE-NFC4 3.0.0
2023-02-10 16:30:32,078 [INFO] ThirdParty:999 - CMSIS Pack Vendor :STMicroelectronics STM32_WPAN 1.0.0
2023-02-10 16:30:32,078 [INFO] ThirdParty:999 - CMSIS Pack Vendor :STMicroelectronics lwIP 2.0.3
2023-02-10 16:30:32,078 [INFO] ThirdParty:999 - CMSIS Pack Vendor :STMicroelectronics USB_HOST 1.0.0
2023-02-10 16:30:32,078 [INFO] ThirdParty:999 - CMSIS Pack Vendor :STMicroelectronics PDM2PCM 3.1.0
2023-02-10 16:30:32,078 [INFO] ThirdParty:999 - CMSIS Pack Vendor :STMicroelectronics FP-ATR-ASTRA1 1.1.1
2023-02-10 16:30:32,078 [INFO] ThirdParty:999 - CMSIS Pack Vendor :STMicroelectronics PDM2PCM 3.3.0
2023-02-10 16:30:32,078 [INFO] ThirdParty:999 - CMSIS Pack Vendor :STMicroelectronics X-CUBE-DISPLAY 3.0.0
2023-02-10 16:30:32,078 [INFO] ThirdParty:999 - CMSIS Pack Vendor :STMicroelectronics X-CUBE-BLEMGR 1.3.0
2023-02-10 16:30:32,078 [INFO] ThirdParty:999 - CMSIS Pack Vendor :STMicroelectronics X-CUBE-AZRTOS-G4 1.0.0
2023-02-10 16:30:32,078 [INFO] ThirdParty:999 - CMSIS Pack Vendor :STMicroelectronics FP-ATR-SIGFOX1 3.2.0
2023-02-10 16:30:32,078 [INFO] ThirdParty:999 - CMSIS Pack Vendor :wolfSSL I-CUBE-wolfSSL 5.5.4
2023-02-10 16:30:32,078 [INFO] ThirdParty:999 - CMSIS Pack Vendor :STMicroelectronics X-CUBE-AZRTOS-L4 1.0.0
2023-02-10 16:30:32,078 [INFO] ThirdParty:999 - CMSIS Pack Vendor :STMicroelectronics HAL Drivers 0.0.0
2023-02-10 16:30:32,078 [INFO] ThirdParty:999 - CMSIS Pack Vendor :STMicroelectronics MBEDTLS 2.16.2
2023-02-10 16:30:32,078 [INFO] ThirdParty:999 - CMSIS Pack Vendor :STMicroelectronics MBEDTLS 2.14.1
2023-02-10 16:30:32,078 [INFO] ThirdParty:999 - CMSIS Pack Vendor :STMicroelectronics X-CUBE-NFC7 1.0.0
2023-02-10 16:30:32,078 [INFO] ThirdParty:999 - CMSIS Pack Vendor :STMicroelectronics X-CUBE-AZRTOS-WL 1.0.0
2023-02-10 16:30:32,078 [INFO] ThirdParty:999 - CMSIS Pack Vendor :STMicroelectronics X-CUBE-EEPRMA1 4.1.0
2023-02-10 16:30:32,078 [INFO] ThirdParty:999 - CMSIS Pack Vendor :portGmbH I-Cube-SoM-uGOAL 1.1.0
2023-02-10 16:30:32,078 [INFO] ThirdParty:999 - CMSIS Pack Vendor :STMicroelectronics X-CUBE-ALS 1.0.1
2023-02-10 16:30:32,078 [INFO] ThirdParty:999 - CMSIS Pack Vendor :STMicroelectronics X-CUBE-MEMS1 9.5.0
2023-02-10 16:30:32,078 [INFO] ThirdParty:999 - CMSIS Pack Vendor :STMicroelectronics ThreadX 1.0.0
2023-02-10 16:30:32,078 [INFO] ThirdParty:999 - CMSIS Pack Vendor :STMicroelectronics X-CUBE-AZRTOS-WB 1.1.0
2023-02-10 16:30:32,078 [INFO] ThirdParty:999 - CMSIS Pack Vendor :SEGGER I-CUBE-embOS 1.3.1
2023-02-10 16:30:32,078 [INFO] ThirdParty:999 - CMSIS Pack Vendor :STMicroelectronics USB_DEVICE 1.0.0
2023-02-10 16:30:32,078 [INFO] ThirdParty:999 - CMSIS Pack Vendor :STMicroelectronics ThreadX 0.0.2
2023-02-10 16:30:32,078 [INFO] ThirdParty:999 - CMSIS Pack Vendor :STMicroelectronics lwIP 2.1.2
2023-02-10 16:30:32,078 [INFO] ThirdParty:999 - CMSIS Pack Vendor :STMicroelectronics X-CUBE-SFXS2LP1 4.0.0
2023-02-10 16:30:32,078 [INFO] ThirdParty:999 - CMSIS Pack Vendor :STMicroelectronics X-CUBE-BLE2 3.3.0
2023-02-10 16:30:32,078 [INFO] ThirdParty:999 - CMSIS Pack Vendor :STMicroelectronics X-CUBE-TOF1 3.2.0
2023-02-10 16:30:32,078 [INFO] ThirdParty:999 - CMSIS Pack Vendor :STMicroelectronics PDM2PCM 3.2.0
2023-02-10 16:30:32,078 [INFO] ThirdParty:999 - CMSIS Pack Vendor :STMicroelectronics X-CUBE-AZRTOS-H7 3.0.0
2023-02-10 16:30:32,078 [INFO] ThirdParty:815 - exiting critical section [change project]
2023-02-10 16:30:33,178 [INFO] PinOutPanel:1477 - setPackage(No Configuration,No Configuration)
2023-02-10 16:30:33,178 [INFO] PinOutPanel:1477 - setPackage(STM32L476RGTx,LQFP64)
2023-02-10 16:30:35,933 [INFO] UtilMem:74 - Before build in PCC Used Memory: 715624488 Bytes (813694976)
2023-02-10 16:30:37,933 [INFO] UtilMem:74 - After build in PCC Used Memory: 732578872 Bytes (813694976)
2023-02-10 16:30:38,024 [INFO] IPUIPlugin:79 - create IPUIPlugin
2023-02-10 16:30:38,025 [INFO] IPUIPlugin:79 - create IPUIPlugin
2023-02-10 16:30:38,025 [INFO] IPUIPlugin:79 - create IPUIPlugin
2023-02-10 16:30:38,026 [INFO] IPUIPlugin:79 - create IPUIPlugin
2023-02-10 16:30:38,026 [INFO] IPUIPlugin:79 - create IPUIPlugin
2023-02-10 16:30:38,026 [INFO] IPUIPlugin:79 - create IPUIPlugin
2023-02-10 16:30:38,028 [INFO] IPUIPlugin:79 - create IPUIPlugin
2023-02-10 16:30:38,028 [INFO] IPUIPlugin:79 - create IPUIPlugin
2023-02-10 16:30:38,029 [INFO] IPUIPlugin:79 - create IPUIPlugin
2023-02-10 16:30:38,029 [INFO] IPUIPlugin:79 - create IPUIPlugin
2023-02-10 16:30:38,029 [INFO] IPUIPlugin:79 - create IPUIPlugin
2023-02-10 16:30:38,030 [INFO] IPUIPlugin:79 - create IPUIPlugin
2023-02-10 16:30:38,030 [INFO] IPUIPlugin:79 - create IPUIPlugin
2023-02-10 16:30:38,030 [INFO] IPUIPlugin:79 - create IPUIPlugin
2023-02-10 16:30:38,031 [INFO] IPUIPlugin:79 - create IPUIPlugin
2023-02-10 16:30:38,031 [INFO] IPUIPlugin:79 - create IPUIPlugin
2023-02-10 16:30:38,032 [INFO] IPUIPlugin:79 - create IPUIPlugin
2023-02-10 16:30:38,033 [INFO] IPUIPlugin:79 - create IPUIPlugin
2023-02-10 16:30:38,035 [INFO] IPUIPlugin:79 - create IPUIPlugin
2023-02-10 16:30:38,035 [INFO] IPUIPlugin:79 - create IPUIPlugin
2023-02-10 16:30:38,035 [INFO] IPUIPlugin:79 - create IPUIPlugin
2023-02-10 16:30:38,035 [INFO] IPUIPlugin:79 - create IPUIPlugin
2023-02-10 16:30:38,035 [INFO] IPUIPlugin:79 - create IPUIPlugin
2023-02-10 16:30:38,035 [INFO] IPUIPlugin:79 - create IPUIPlugin
2023-02-10 16:30:38,035 [INFO] IPUIPlugin:79 - create IPUIPlugin
2023-02-10 16:30:38,035 [INFO] IPUIPlugin:79 - create IPUIPlugin
2023-02-10 16:30:38,040 [INFO] IPUIPlugin:79 - create IPUIPlugin
2023-02-10 16:30:38,041 [INFO] IPUIPlugin:79 - create IPUIPlugin
2023-02-10 16:30:38,042 [INFO] IPUIPlugin:79 - create IPUIPlugin
2023-02-10 16:30:38,042 [INFO] IPUIPlugin:79 - create IPUIPlugin
2023-02-10 16:30:38,044 [INFO] IPUIPlugin:79 - create IPUIPlugin
2023-02-10 16:30:38,045 [INFO] IPUIPlugin:79 - create IPUIPlugin
2023-02-10 16:30:38,046 [INFO] IPUIPlugin:79 - create IPUIPlugin
2023-02-10 16:30:38,047 [INFO] IPUIPlugin:79 - create IPUIPlugin
2023-02-10 16:30:38,047 [INFO] IPUIPlugin:79 - create IPUIPlugin
2023-02-10 16:30:38,048 [INFO] IPUIPlugin:79 - create IPUIPlugin
2023-02-10 16:30:38,049 [INFO] IPUIPlugin:79 - create IPUIPlugin
2023-02-10 16:30:38,049 [INFO] IPUIPlugin:79 - create IPUIPlugin
2023-02-10 16:30:38,050 [INFO] IPUIPlugin:79 - create IPUIPlugin
2023-02-10 16:30:38,050 [INFO] IPUIPlugin:79 - create IPUIPlugin
2023-02-10 16:30:38,051 [INFO] IPUIPlugin:79 - create IPUIPlugin
2023-02-10 16:30:38,053 [INFO] IPUIPlugin:79 - create IPUIPlugin
2023-02-10 16:30:38,053 [INFO] IPUIPlugin:79 - create IPUIPlugin
2023-02-10 16:30:38,054 [INFO] IPUIPlugin:79 - create IPUIPlugin
2023-02-10 16:30:38,055 [INFO] IPUIPlugin:79 - create IPUIPlugin
2023-02-10 16:30:38,055 [INFO] IPUIPlugin:79 - create IPUIPlugin
2023-02-10 16:30:38,056 [INFO] IPUIPlugin:79 - create IPUIPlugin
2023-02-10 16:30:38,057 [INFO] IPUIPlugin:79 - create IPUIPlugin
2023-02-10 16:30:38,058 [INFO] IPUIPlugin:79 - create IPUIPlugin
2023-02-10 16:30:38,059 [INFO] IPUIPlugin:79 - create IPUIPlugin
2023-02-10 16:30:38,060 [INFO] IPUIPlugin:79 - create IPUIPlugin
2023-02-10 16:30:38,061 [INFO] IPUIPlugin:79 - create IPUIPlugin
2023-02-10 16:30:38,062 [INFO] IPUIPlugin:79 - create IPUIPlugin
2023-02-10 16:30:38,063 [INFO] IPUIPlugin:79 - create IPUIPlugin
2023-02-10 16:30:38,067 [INFO] IPUIPlugin:79 - create IPUIPlugin
2023-02-10 16:30:38,068 [INFO] IPUIPlugin:79 - create IPUIPlugin
2023-02-10 16:30:38,069 [INFO] IPUIPlugin:79 - create IPUIPlugin
2023-02-10 16:30:38,071 [INFO] IPUIPlugin:79 - create IPUIPlugin
2023-02-10 16:30:38,072 [INFO] IPUIPlugin:79 - create IPUIPlugin
2023-02-10 16:30:39,025 [INFO] CADModel:164 - CPN selected for project levelSTM32L476RGT3
2023-02-10 16:30:39,025 [INFO] CADModel:113 - Register for checkConnection events
2023-02-10 16:30:39,110 [INFO] OpenFileManager:327 - Restore cursor
2023-02-10 16:30:40,970 [INFO] UtilMem:74 - End SaveConfig() Used Memory: 742355456 Bytes (813694976)
2023-02-10 16:30:41,129 [INFO] UtilMem:74 - End SaveConfig() Used Memory: 723744928 Bytes (813694976)
2023-02-10 16:30:42,078 [INFO] BlockDiagram:2759 - set Specific Code input for plugin: SYS
2023-02-10 16:30:42,078 [INFO] BlockDiagram:2759 - set Specific Code input for plugin: RCC
2023-02-10 16:30:42,078 [INFO] BlockDiagram:2759 - set Specific Code input for plugin: NVIC
2023-02-10 16:30:42,078 [INFO] BlockDiagram:2759 - set Specific Code input for plugin: USART
2023-02-10 16:30:42,081 [INFO] BlockDiagram:2759 - set Specific Code input for plugin: GPIO
2023-02-10 16:30:42,081 [INFO] CodeGenerator:692 - code generatio: config db path: C:\ST\STM32CubeIDE_1.11.0\STM32CubeIDE\plugins\com.st.stm32cube.common.mx_6.7.0.202211181646\\db\
2023-02-10 16:30:42,978 [INFO] CodeEngine:247 - oldGeneratedFile, C:\Users\Nolas\OneDrive\Desktop\UNLV\spring 2023\CPE 477\notgithub\STM32L476 Nucleo Basic Labs\BL01_STM32L476RG_Blinky\Nucleo_L476RG_Blinky\MXTmpFiles\license.tmp_save
2023-02-10 16:30:43,772 [INFO] CodeEngine:271 - Generated code: C:\Users\Nolas\OneDrive\Desktop\UNLV\spring 2023\CPE 477\notgithub\STM32L476 Nucleo Basic Labs\BL01_STM32L476RG_Blinky\Nucleo_L476RG_Blinky\MXTmpFiles\license.tmp
2023-02-10 16:30:43,972 [INFO] CodeEngine:247 - oldGeneratedFile, C:\Users\Nolas\OneDrive\Desktop\UNLV\spring 2023\CPE 477\notgithub\STM32L476 Nucleo Basic Labs\BL01_STM32L476RG_Blinky\Nucleo_L476RG_Blinky\MXTmpFiles\gpio.tmp_save
2023-02-10 16:30:44,255 [INFO] CodeEngine:271 - Generated code: C:\Users\Nolas\OneDrive\Desktop\UNLV\spring 2023\CPE 477\notgithub\STM32L476 Nucleo Basic Labs\BL01_STM32L476RG_Blinky\Nucleo_L476RG_Blinky\MXTmpFiles\gpio.tmp
2023-02-10 16:30:44,713 [INFO] CodeEngine:247 - oldGeneratedFile, C:\Users\Nolas\OneDrive\Desktop\UNLV\spring 2023\CPE 477\notgithub\STM32L476 Nucleo Basic Labs\BL01_STM32L476RG_Blinky\Nucleo_L476RG_Blinky\Core\Src\stm32l4xx_it.c_save
2023-02-10 16:30:45,011 [INFO] CodeEngine:271 - Generated code: C:\Users\Nolas\OneDrive\Desktop\UNLV\spring 2023\CPE 477\notgithub\STM32L476 Nucleo Basic Labs\BL01_STM32L476RG_Blinky\Nucleo_L476RG_Blinky\Core\Src\stm32l4xx_it.c
2023-02-10 16:30:45,024 [INFO] CodeEngine:247 - oldGeneratedFile, C:\Users\Nolas\OneDrive\Desktop\UNLV\spring 2023\CPE 477\notgithub\STM32L476 Nucleo Basic Labs\BL01_STM32L476RG_Blinky\Nucleo_L476RG_Blinky\Core\Inc\stm32l4xx_it.h_save
2023-02-10 16:30:45,288 [INFO] CodeEngine:271 - Generated code: C:\Users\Nolas\OneDrive\Desktop\UNLV\spring 2023\CPE 477\notgithub\STM32L476 Nucleo Basic Labs\BL01_STM32L476RG_Blinky\Nucleo_L476RG_Blinky\Core\Inc\stm32l4xx_it.h
2023-02-10 16:30:45,348 [INFO] CodeEngine:247 - oldGeneratedFile, C:\Users\Nolas\OneDrive\Desktop\UNLV\spring 2023\CPE 477\notgithub\STM32L476 Nucleo Basic Labs\BL01_STM32L476RG_Blinky\Nucleo_L476RG_Blinky\Core\Src\stm32l4xx_hal_msp.c_save
2023-02-10 16:30:45,842 [INFO] CodeEngine:271 - Generated code: C:\Users\Nolas\OneDrive\Desktop\UNLV\spring 2023\CPE 477\notgithub\STM32L476 Nucleo Basic Labs\BL01_STM32L476RG_Blinky\Nucleo_L476RG_Blinky\Core\Src\stm32l4xx_hal_msp.c
2023-02-10 16:30:45,852 [INFO] CodeEngine:247 - oldGeneratedFile, C:\Users\Nolas\OneDrive\Desktop\UNLV\spring 2023\CPE 477\notgithub\STM32L476 Nucleo Basic Labs\BL01_STM32L476RG_Blinky\Nucleo_L476RG_Blinky\MXTmpFiles\system.tmp_save
2023-02-10 16:30:46,101 [INFO] CodeEngine:271 - Generated code: C:\Users\Nolas\OneDrive\Desktop\UNLV\spring 2023\CPE 477\notgithub\STM32L476 Nucleo Basic Labs\BL01_STM32L476RG_Blinky\Nucleo_L476RG_Blinky\MXTmpFiles\system.tmp
2023-02-10 16:30:46,133 [INFO] CodeEngine:303 - oldGeneratedFile, C:\Users\Nolas\OneDrive\Desktop\UNLV\spring 2023\CPE 477\notgithub\STM32L476 Nucleo Basic Labs\BL01_STM32L476RG_Blinky\Nucleo_L476RG_Blinky\Core\Inc\stm32l4xx_hal_conf.h_save
2023-02-10 16:30:46,469 [INFO] CodeEngine:327 - Generated code: C:\Users\Nolas\OneDrive\Desktop\UNLV\spring 2023\CPE 477\notgithub\STM32L476 Nucleo Basic Labs\BL01_STM32L476RG_Blinky\Nucleo_L476RG_Blinky\Core\Inc\stm32l4xx_hal_conf.h
2023-02-10 16:30:46,612 [INFO] CodeEngine:247 - oldGeneratedFile, C:\Users\Nolas\OneDrive\Desktop\UNLV\spring 2023\CPE 477\notgithub\STM32L476 Nucleo Basic Labs\BL01_STM32L476RG_Blinky\Nucleo_L476RG_Blinky\Core\Inc\main.h_save
2023-02-10 16:30:46,852 [INFO] CodeEngine:271 - Generated code: C:\Users\Nolas\OneDrive\Desktop\UNLV\spring 2023\CPE 477\notgithub\STM32L476 Nucleo Basic Labs\BL01_STM32L476RG_Blinky\Nucleo_L476RG_Blinky\Core\Inc\main.h
2023-02-10 16:30:46,855 [INFO] CodeEngine:247 - oldGeneratedFile, C:\Users\Nolas\OneDrive\Desktop\UNLV\spring 2023\CPE 477\notgithub\STM32L476 Nucleo Basic Labs\BL01_STM32L476RG_Blinky\Nucleo_L476RG_Blinky\Core\Src\main.c_save
2023-02-10 16:30:47,137 [INFO] CodeEngine:271 - Generated code: C:\Users\Nolas\OneDrive\Desktop\UNLV\spring 2023\CPE 477\notgithub\STM32L476 Nucleo Basic Labs\BL01_STM32L476RG_Blinky\Nucleo_L476RG_Blinky\Core\Src\main.c
2023-02-10 16:30:48,895 [INFO] ProjectBuilder:2919 - Time for Copy HAL[1] : 731mS.
2023-02-10 16:30:48,909 [INFO] ProjectBuilder:4183 - Project Generator version: 3.18.0-B7
2023-02-10 16:30:49,512 [INFO] ConfigFileManager:1396 - The Die is : DIE415
2023-02-10 16:30:49,545 [INFO] ApiDbMcu:505 - Load IP Config File for FATFS
2023-02-10 16:30:49,592 [INFO] ApiDbMcu:505 - Load IP Config File for FREERTOS
2023-02-10 16:30:49,780 [INFO] ApiDbMcu:505 - Load IP Config File for TOUCHSENSING
2023-02-10 16:30:49,813 [INFO] ApiDbMcu:505 - Load IP Config File for USB_DEVICE
2023-02-10 16:30:49,829 [INFO] ApiDbMcu:505 - Load IP Config File for USB_HOST
2023-02-10 16:30:55,396 [INFO] ProjectBuilder:4351 - Time for Generating toolchain IDE Files: 6487mS.
2023-02-10 16:30:55,396 [INFO] ProjectBuilder:2790 - Time for Copy CMSIS : 0mS.
2023-02-10 16:30:55,405 [INFO] ProjectBuilder:2790 - Time for Copy CMSIS : 0mS.
2023-02-10 16:30:56,255 [INFO] McuFinderGlobals:65 - Set McuFinderConnectedMode to true
2023-02-10 16:30:56,255 [INFO] ApiDb:447 - Save user favorites file C:\Users\Nolas/.stm32cubeide/favorites.mcus.txt: 0 item(s)
2023-02-10 16:30:56,255 [INFO] ApiDb:451 - User favorites MCUs=[]
2023-02-10 16:30:56,255 [INFO] ApiDb:447 - Save user favorites file C:\Users\Nolas/.stm32cubeide/favorites.boards.txt: 0 item(s)
2023-02-10 16:30:56,255 [INFO] ApiDb:451 - User favorites Boards=[]
2023-02-10 16:31:32,200 [INFO] Gpio:272 - dependency for GPIO [RCC, SYS, USART2]
2023-02-10 16:31:51,300 [INFO] UtilMem:74 - End SaveConfig() Used Memory: 719852312 Bytes (1055916032)
2023-02-10 16:31:52,728 [INFO] UtilMem:74 - End SaveConfig() Used Memory: 674768872 Bytes (1055916032)
2023-02-10 16:31:57,141 [INFO] UtilMem:74 - End SaveConfig() Used Memory: 854498616 Bytes (1055916032)
2023-02-10 16:31:57,875 [INFO] BlockDiagram:2759 - set Specific Code input for plugin: SYS
2023-02-10 16:31:57,875 [INFO] BlockDiagram:2759 - set Specific Code input for plugin: RCC
2023-02-10 16:31:57,875 [INFO] BlockDiagram:2759 - set Specific Code input for plugin: NVIC
2023-02-10 16:31:57,875 [INFO] BlockDiagram:2759 - set Specific Code input for plugin: USART
2023-02-10 16:31:57,876 [INFO] BlockDiagram:2759 - set Specific Code input for plugin: GPIO
2023-02-10 16:31:57,878 [INFO] CodeGenerator:692 - code generatio: config db path: C:\ST\STM32CubeIDE_1.11.0\STM32CubeIDE\plugins\com.st.stm32cube.common.mx_6.7.0.202211181646\\db\
2023-02-10 16:31:58,246 [INFO] CodeEngine:247 - oldGeneratedFile, C:\Users\Nolas\OneDrive\Desktop\UNLV\spring 2023\CPE 477\notgithub\STM32L476 Nucleo Basic Labs\BL01_STM32L476RG_Blinky\Nucleo_L476RG_Blinky\MXTmpFiles\license.tmp_save
2023-02-10 16:31:58,483 [INFO] CodeEngine:271 - Generated code: C:\Users\Nolas\OneDrive\Desktop\UNLV\spring 2023\CPE 477\notgithub\STM32L476 Nucleo Basic Labs\BL01_STM32L476RG_Blinky\Nucleo_L476RG_Blinky\MXTmpFiles\license.tmp
2023-02-10 16:31:58,569 [INFO] CodeEngine:247 - oldGeneratedFile, C:\Users\Nolas\OneDrive\Desktop\UNLV\spring 2023\CPE 477\notgithub\STM32L476 Nucleo Basic Labs\BL01_STM32L476RG_Blinky\Nucleo_L476RG_Blinky\MXTmpFiles\gpio.tmp_save
2023-02-10 16:31:58,773 [INFO] CodeEngine:271 - Generated code: C:\Users\Nolas\OneDrive\Desktop\UNLV\spring 2023\CPE 477\notgithub\STM32L476 Nucleo Basic Labs\BL01_STM32L476RG_Blinky\Nucleo_L476RG_Blinky\MXTmpFiles\gpio.tmp
2023-02-10 16:31:59,297 [INFO] CodeEngine:247 - oldGeneratedFile, C:\Users\Nolas\OneDrive\Desktop\UNLV\spring 2023\CPE 477\notgithub\STM32L476 Nucleo Basic Labs\BL01_STM32L476RG_Blinky\Nucleo_L476RG_Blinky\Core\Src\stm32l4xx_it.c_save
2023-02-10 16:31:59,488 [INFO] CodeEngine:271 - Generated code: C:\Users\Nolas\OneDrive\Desktop\UNLV\spring 2023\CPE 477\notgithub\STM32L476 Nucleo Basic Labs\BL01_STM32L476RG_Blinky\Nucleo_L476RG_Blinky\Core\Src\stm32l4xx_it.c
2023-02-10 16:31:59,503 [INFO] CodeEngine:247 - oldGeneratedFile, C:\Users\Nolas\OneDrive\Desktop\UNLV\spring 2023\CPE 477\notgithub\STM32L476 Nucleo Basic Labs\BL01_STM32L476RG_Blinky\Nucleo_L476RG_Blinky\Core\Inc\stm32l4xx_it.h_save
2023-02-10 16:31:59,670 [INFO] CodeEngine:271 - Generated code: C:\Users\Nolas\OneDrive\Desktop\UNLV\spring 2023\CPE 477\notgithub\STM32L476 Nucleo Basic Labs\BL01_STM32L476RG_Blinky\Nucleo_L476RG_Blinky\Core\Inc\stm32l4xx_it.h
2023-02-10 16:31:59,707 [INFO] CodeEngine:247 - oldGeneratedFile, C:\Users\Nolas\OneDrive\Desktop\UNLV\spring 2023\CPE 477\notgithub\STM32L476 Nucleo Basic Labs\BL01_STM32L476RG_Blinky\Nucleo_L476RG_Blinky\Core\Src\stm32l4xx_hal_msp.c_save
2023-02-10 16:31:59,929 [INFO] CodeEngine:271 - Generated code: C:\Users\Nolas\OneDrive\Desktop\UNLV\spring 2023\CPE 477\notgithub\STM32L476 Nucleo Basic Labs\BL01_STM32L476RG_Blinky\Nucleo_L476RG_Blinky\Core\Src\stm32l4xx_hal_msp.c
2023-02-10 16:31:59,938 [INFO] CodeEngine:247 - oldGeneratedFile, C:\Users\Nolas\OneDrive\Desktop\UNLV\spring 2023\CPE 477\notgithub\STM32L476 Nucleo Basic Labs\BL01_STM32L476RG_Blinky\Nucleo_L476RG_Blinky\MXTmpFiles\system.tmp_save
2023-02-10 16:32:00,056 [INFO] CodeEngine:271 - Generated code: C:\Users\Nolas\OneDrive\Desktop\UNLV\spring 2023\CPE 477\notgithub\STM32L476 Nucleo Basic Labs\BL01_STM32L476RG_Blinky\Nucleo_L476RG_Blinky\MXTmpFiles\system.tmp
2023-02-10 16:32:00,090 [INFO] CodeEngine:303 - oldGeneratedFile, C:\Users\Nolas\OneDrive\Desktop\UNLV\spring 2023\CPE 477\notgithub\STM32L476 Nucleo Basic Labs\BL01_STM32L476RG_Blinky\Nucleo_L476RG_Blinky\Core\Inc\stm32l4xx_hal_conf.h_save
2023-02-10 16:32:00,261 [INFO] CodeEngine:327 - Generated code: C:\Users\Nolas\OneDrive\Desktop\UNLV\spring 2023\CPE 477\notgithub\STM32L476 Nucleo Basic Labs\BL01_STM32L476RG_Blinky\Nucleo_L476RG_Blinky\Core\Inc\stm32l4xx_hal_conf.h
2023-02-10 16:32:00,384 [INFO] CodeEngine:247 - oldGeneratedFile, C:\Users\Nolas\OneDrive\Desktop\UNLV\spring 2023\CPE 477\notgithub\STM32L476 Nucleo Basic Labs\BL01_STM32L476RG_Blinky\Nucleo_L476RG_Blinky\Core\Inc\main.h_save
2023-02-10 16:32:00,522 [INFO] CodeEngine:271 - Generated code: C:\Users\Nolas\OneDrive\Desktop\UNLV\spring 2023\CPE 477\notgithub\STM32L476 Nucleo Basic Labs\BL01_STM32L476RG_Blinky\Nucleo_L476RG_Blinky\Core\Inc\main.h
2023-02-10 16:32:00,534 [INFO] CodeEngine:247 - oldGeneratedFile, C:\Users\Nolas\OneDrive\Desktop\UNLV\spring 2023\CPE 477\notgithub\STM32L476 Nucleo Basic Labs\BL01_STM32L476RG_Blinky\Nucleo_L476RG_Blinky\Core\Src\main.c_save
2023-02-10 16:32:00,690 [INFO] CodeEngine:271 - Generated code: C:\Users\Nolas\OneDrive\Desktop\UNLV\spring 2023\CPE 477\notgithub\STM32L476 Nucleo Basic Labs\BL01_STM32L476RG_Blinky\Nucleo_L476RG_Blinky\Core\Src\main.c
2023-02-10 16:32:02,809 [INFO] ProjectBuilder:2919 - Time for Copy HAL[1] : 704mS.
2023-02-10 16:32:02,809 [INFO] ProjectBuilder:4183 - Project Generator version: 3.18.0-B7
2023-02-10 16:32:03,349 [INFO] ConfigFileManager:1396 - The Die is : DIE415
2023-02-10 16:32:06,761 [INFO] ProjectBuilder:4351 - Time for Generating toolchain IDE Files: 3952mS.
2023-02-10 16:32:06,763 [INFO] ProjectBuilder:2790 - Time for Copy CMSIS : 1mS.
2023-02-10 16:32:06,770 [INFO] ProjectBuilder:2790 - Time for Copy CMSIS : 1mS.
2023-02-10 16:33:10,782 [INFO] JxBrowserEngine:114 - Initiate JxBrowser Engine with user profile folder
2023-02-10 16:33:13,686 [INFO] WebAppUi:459 - Close the Jxbrowser engine manually
2023-02-10 16:33:13,776 [INFO] WebAppUi:462 - Profiles folder deleted
2023-02-10 16:33:14,298 [ERROR] LogOutputStream:74 - [STDERR_REDIRECT] 
