2023-03-08 13:34:18,881 [INFO] Activator:179 - 


2023-03-08 13:34:18,884 [INFO] Activator:180 - !SESSION log4j initialized
2023-03-08 13:34:44,970 [ERROR] LogOutputStream:74 - [STDERR_REDIRECT] SLF4J: Failed to load class "org.slf4j.impl.StaticLoggerBinder".
2023-03-08 13:34:44,974 [ERROR] LogOutputStream:74 - [STDERR_REDIRECT] SLF4J: Defaulting to no-operation (NOP) logger implementation
2023-03-08 13:34:44,974 [ERROR] LogOutputStream:74 - [STDERR_REDIRECT] SLF4J: See http://www.slf4j.org/codes.html#StaticLoggerBinder for further details.
2023-03-08 13:58:32,657 [INFO] McuFinderGlobals:52 - Set McuFinder mode to 2 (CubeIDE integrated)
2023-03-08 13:58:33,347 [INFO] ApplicationProperties:181 - Using Application install path: C:\ST\STM32CubeIDE_1.11.0\STM32CubeIDE\plugins\com.st.stm32cube.common.mx_6.7.0.202211181646
2023-03-08 13:58:33,380 [INFO] DbMcusXml:77 - Set database path to: C:\ST\STM32CubeIDE_1.11.0\STM32CubeIDE\plugins\com.st.stm32cube.common.mx_6.7.0.202211181646\\db\/mcu/
2023-03-08 13:58:33,380 [INFO] ApiDb:273 - Set plugin database path to: C:\ST\STM32CubeIDE_1.11.0\STM32CubeIDE\plugins\com.st.stm32cube.common.mx_6.7.0.202211181646\\db\/plugins/boardmanager/
2023-03-08 13:58:33,388 [WARN] ApiDb:258 - Overriding images path with different value:  => C:\ST\STM32CubeIDE_1.11.0\STM32CubeIDE\plugins\com.st.stm32cube.common.mx_6.7.0.202211181646\\db\/plugins/mcufinder/images/
2023-03-08 13:58:33,432 [INFO] ApiDb:249 - Set database path to: C:\Users\Nolas\.stmcufinder\plugins\mcufinder//mcu/
2023-03-08 13:58:33,432 [INFO] DbMcusAds:124 - Set database path to: C:\Users\Nolas\.stmcufinder\plugins\mcufinder//mcu/
2023-03-08 13:58:33,488 [INFO] CrossReferenceDbSqlite:202 - Set database path to: C:\Users\Nolas\.stmcufinder\plugins\mcufinder//mcu/cs/
2023-03-08 13:58:33,776 [INFO] RulesReader:61 - Compatibility file has been processed (283 Rules)
2023-03-08 13:58:33,957 [INFO] DbMcusXml:77 - Set database path to: C:\ST\STM32CubeIDE_1.11.0\STM32CubeIDE\plugins\com.st.stm32cube.common.mx_6.7.0.202211181646\\db\/mcu/
2023-03-08 13:58:33,957 [INFO] ApiDb:273 - Set plugin database path to: C:\ST\STM32CubeIDE_1.11.0\STM32CubeIDE\plugins\com.st.stm32cube.common.mx_6.7.0.202211181646\\db\/plugins/boardmanager/
2023-03-08 13:58:33,958 [INFO] ApiDb:260 - Set plugin images path to: C:\ST\STM32CubeIDE_1.11.0\STM32CubeIDE\plugins\com.st.stm32cube.common.mx_6.7.0.202211181646\\db\/plugins/mcufinder/images/
2023-03-08 13:58:33,960 [WARN] DbFile:40 - Overriding database path with different value: C:\Users\Nolas\.stmcufinder\plugins\mcufinder/ => C:\Users\Nolas\.stmcufinder\plugins\mcufinder
2023-03-08 13:58:33,960 [INFO] ApiDb:249 - Set database path to: C:\Users\Nolas\.stmcufinder\plugins\mcufinder//mcu/
2023-03-08 13:58:33,960 [WARN] DbFile:40 - Overriding database path with different value: C:\Users\Nolas\.stmcufinder\plugins\mcufinder/ => C:\Users\Nolas\.stmcufinder\plugins\mcufinder
2023-03-08 13:58:33,960 [INFO] DbMcusAds:124 - Set database path to: C:\Users\Nolas\.stmcufinder\plugins\mcufinder//mcu/
2023-03-08 13:58:33,963 [WARN] DbFile:40 - Overriding database path with different value: C:\Users\Nolas\.stmcufinder\plugins\mcufinder/ => C:\Users\Nolas\.stmcufinder\plugins\mcufinder
2023-03-08 13:58:33,963 [WARN] DbFile:40 - Overriding database path with different value: C:\Users\Nolas\.stmcufinder\plugins\mcufinder/ => C:\Users\Nolas\.stmcufinder\plugins\mcufinder
2023-03-08 13:58:33,963 [INFO] CrossReferenceDbSqlite:202 - Set database path to: C:\Users\Nolas\.stmcufinder\plugins\mcufinder//mcu/cs/
2023-03-08 13:58:34,121 [INFO] MainPanel:252 - HeapMemory: 416284672
2023-03-08 13:58:34,348 [INFO] DbMcusXml:77 - Set database path to: C:\ST\STM32CubeIDE_1.11.0\STM32CubeIDE\plugins\com.st.stm32cube.common.mx_6.7.0.202211181646\\db\/mcu/
2023-03-08 13:58:34,355 [INFO] ApiDb:273 - Set plugin database path to: C:\ST\STM32CubeIDE_1.11.0\STM32CubeIDE\plugins\com.st.stm32cube.common.mx_6.7.0.202211181646\\db\/plugins/boardmanager/
2023-03-08 13:58:34,355 [INFO] ApiDb:260 - Set plugin images path to: C:\ST\STM32CubeIDE_1.11.0\STM32CubeIDE\plugins\com.st.stm32cube.common.mx_6.7.0.202211181646\\db\/plugins/mcufinder/images/
2023-03-08 13:58:34,355 [WARN] DbFile:40 - Overriding database path with different value: C:\Users\Nolas\.stmcufinder\plugins\mcufinder/ => C:\Users\Nolas\.stmcufinder\plugins\mcufinder
2023-03-08 13:58:34,355 [INFO] ApiDb:249 - Set database path to: C:\Users\Nolas\.stmcufinder\plugins\mcufinder//mcu/
2023-03-08 13:58:34,355 [WARN] DbFile:40 - Overriding database path with different value: C:\Users\Nolas\.stmcufinder\plugins\mcufinder/ => C:\Users\Nolas\.stmcufinder\plugins\mcufinder
2023-03-08 13:58:34,355 [INFO] DbMcusAds:124 - Set database path to: C:\Users\Nolas\.stmcufinder\plugins\mcufinder//mcu/
2023-03-08 13:58:34,355 [WARN] DbFile:40 - Overriding database path with different value: C:\Users\Nolas\.stmcufinder\plugins\mcufinder/ => C:\Users\Nolas\.stmcufinder\plugins\mcufinder
2023-03-08 13:58:34,355 [WARN] DbFile:40 - Overriding database path with different value: C:\Users\Nolas\.stmcufinder\plugins\mcufinder/ => C:\Users\Nolas\.stmcufinder\plugins\mcufinder
2023-03-08 13:58:34,355 [INFO] CrossReferenceDbSqlite:202 - Set database path to: C:\Users\Nolas\.stmcufinder\plugins\mcufinder//mcu/cs/
2023-03-08 13:58:34,417 [INFO] ApplicationProperties:181 - Using Application install path: C:\ST\STM32CubeIDE_1.11.0\STM32CubeIDE\plugins\com.st.stm32cube.common.mx_6.7.0.202211181646
2023-03-08 13:58:34,417 [INFO] PluginManage:193 - Search for loadable plugins [exclusion list=, ]
2023-03-08 13:58:34,425 [INFO] PluginManage:307 - Check plugin analytics
2023-03-08 13:58:34,879 [INFO] AnalyticsPlugin:262 - Accepted Software Licenses: 
2023-03-08 13:58:34,880 [INFO] AnalyticsPlugin:264 - Accepted CMSIS Pack Licenses: 
2023-03-08 13:58:34,881 [INFO] AnalyticsPlugin:266 - Accepted Firmware Licenses: 
2023-03-08 13:58:34,903 [INFO] PluginManage:356 - Loaded plugin analytics (category:tool,tabindex:-1)
2023-03-08 13:58:34,904 [INFO] PluginManage:307 - Check plugin cadmodel
2023-03-08 13:58:34,929 [INFO] CADModel:104 - Init CAD model plugin
2023-03-08 13:58:34,934 [INFO] PluginManage:356 - Loaded plugin cadmodel (category:power,tabindex:5)
2023-03-08 13:58:34,935 [INFO] PluginManage:307 - Check plugin clock
2023-03-08 13:58:34,976 [INFO] PluginManage:356 - Loaded plugin clock (category:base,tabindex:2)
2023-03-08 13:58:34,976 [INFO] PluginManage:307 - Check plugin ddr
2023-03-08 13:58:34,983 [INFO] PluginManage:356 - Loaded plugin ddr (category:tool,tabindex:6)
2023-03-08 13:58:34,983 [INFO] PluginManage:307 - Check plugin filemanager
2023-03-08 13:58:35,316 [INFO] PluginManage:356 - Loaded plugin filemanager (category:base,tabindex:10)
2023-03-08 13:58:35,316 [INFO] PluginManage:307 - Check plugin ipmanager
2023-03-08 13:58:35,332 [INFO] PluginManage:356 - Loaded plugin ipmanager (category:base,tabindex:5)
2023-03-08 13:58:35,332 [INFO] PluginManage:307 - Check plugin lpbam
2023-03-08 13:58:35,364 [INFO] PluginManage:356 - Loaded plugin lpbam (category:base,tabindex:0)
2023-03-08 13:58:35,364 [INFO] PluginManage:307 - Check plugin pinoutandconfiguration
2023-03-08 13:58:35,396 [INFO] PluginManage:356 - Loaded plugin pinoutandconfiguration (category:base,tabindex:1)
2023-03-08 13:58:35,398 [INFO] PluginManage:307 - Check plugin pinoutconfig
2023-03-08 13:58:35,511 [INFO] PluginManage:356 - Loaded plugin pinoutconfig (category:base,tabindex:0)
2023-03-08 13:58:35,512 [INFO] PluginManage:307 - Check plugin power
2023-03-08 13:58:35,555 [INFO] PluginManage:356 - Loaded plugin power (category:power,tabindex:4)
2023-03-08 13:58:35,555 [INFO] PluginManage:307 - Check plugin projectmanager
2023-03-08 13:58:35,592 [INFO] PluginManage:356 - Loaded plugin projectmanager (category:projectmanager,tabindex:3)
2023-03-08 13:58:35,592 [INFO] PluginManage:307 - Check plugin thirdparty
2023-03-08 13:58:36,062 [WARN] IntegrityCheckThread:82 - waiting for thirdparty lock release [integrity check]
2023-03-08 13:58:36,062 [INFO] PluginManage:356 - Loaded plugin thirdparty (category:base,tabindex:-1)
2023-03-08 13:58:36,068 [INFO] IntegrityCheckThread:84 - entering critical section [integrity check]
2023-03-08 13:58:36,068 [INFO] PluginManage:307 - Check plugin tools
2023-03-08 13:58:36,068 [INFO] ThirdPartyUpdaterWithRetryManager:70 - Updater plugin not ready yet. [1/15]
2023-03-08 13:58:36,101 [INFO] PluginManage:356 - Loaded plugin tools (category:base,tabindex:7)
2023-03-08 13:58:36,101 [INFO] PluginManage:307 - Check plugin tutovideos
2023-03-08 13:58:36,639 [INFO] PluginManage:356 - Loaded plugin tutovideos (category:base,tabindex:-1)
2023-03-08 13:58:36,639 [INFO] PluginManage:307 - Check plugin updater
2023-03-08 13:58:36,681 [INFO] PluginManage:356 - Loaded plugin updater (category:base,tabindex:12)
2023-03-08 13:58:36,682 [INFO] PluginManage:280 - PluginManage : Loaded plugins [15]
2023-03-08 13:58:37,565 [INFO] PinOutPanel:1477 - setPackage(No Configuration,No Configuration)
2023-03-08 13:58:37,863 [INFO] CADModel:164 - CPN selected for project level
2023-03-08 13:58:37,863 [INFO] CADModel:113 - Register for checkConnection events
2023-03-08 13:58:37,964 [INFO] IPUIPlugin:79 - create IPUIPlugin
2023-03-08 13:58:37,964 [INFO] PluginManager:219 - loadIPPluginJar : add adc
2023-03-08 13:58:38,051 [INFO] IPUIPlugin:79 - create IPUIPlugin
2023-03-08 13:58:38,052 [INFO] PluginManager:219 - loadIPPluginJar : add aes
2023-03-08 13:58:38,172 [INFO] IPUIPlugin:79 - create IPUIPlugin
2023-03-08 13:58:38,172 [INFO] PluginManager:219 - loadIPPluginJar : add can
2023-03-08 13:58:38,246 [INFO] IPUIPlugin:79 - create IPUIPlugin
2023-03-08 13:58:38,246 [INFO] PluginManager:219 - loadIPPluginJar : add comp
2023-03-08 13:58:38,352 [INFO] IPUIPlugin:79 - create IPUIPlugin
2023-03-08 13:58:38,360 [INFO] PluginManager:219 - loadIPPluginJar : add cryp
2023-03-08 13:58:38,448 [INFO] IPUIPlugin:79 - create IPUIPlugin
2023-03-08 13:58:38,448 [INFO] PluginManager:219 - loadIPPluginJar : add dfsdm
2023-03-08 13:58:38,488 [INFO] IPUIPlugin:79 - create IPUIPlugin
2023-03-08 13:58:38,488 [INFO] PluginManager:219 - loadIPPluginJar : add dma
2023-03-08 13:58:38,621 [INFO] IPUIPlugin:79 - create IPUIPlugin
2023-03-08 13:58:38,621 [INFO] PluginManager:219 - loadIPPluginJar : add dma3
2023-03-08 13:58:38,696 [INFO] IPUIPlugin:79 - create IPUIPlugin
2023-03-08 13:58:38,696 [INFO] PluginManager:219 - loadIPPluginJar : add fatfs
2023-03-08 13:58:38,864 [INFO] IPUIPlugin:79 - create IPUIPlugin
2023-03-08 13:58:38,864 [INFO] PluginManager:219 - loadIPPluginJar : add fmc
2023-03-08 13:58:38,904 [INFO] IPUIPlugin:79 - create IPUIPlugin
2023-03-08 13:58:38,904 [INFO] PluginManager:219 - loadIPPluginJar : add freertos
2023-03-08 13:58:38,973 [INFO] IPUIPlugin:79 - create IPUIPlugin
2023-03-08 13:58:38,973 [INFO] PluginManager:219 - loadIPPluginJar : add genericplugin
2023-03-08 13:58:39,080 [INFO] ThirdPartyUpdaterWithRetryManager:70 - Updater plugin not ready yet. [2/15]
2023-03-08 13:58:39,241 [INFO] IPUIPlugin:79 - create IPUIPlugin
2023-03-08 13:58:39,241 [INFO] PluginManager:219 - loadIPPluginJar : add gfxmmu
2023-03-08 13:58:39,578 [INFO] IPUIPlugin:79 - create IPUIPlugin
2023-03-08 13:58:39,578 [INFO] PluginManager:219 - loadIPPluginJar : add gic
2023-03-08 13:58:39,618 [INFO] IPUIPlugin:79 - create IPUIPlugin
2023-03-08 13:58:39,618 [INFO] PluginManager:219 - loadIPPluginJar : add gpio
2023-03-08 13:58:39,888 [INFO] IPUIPlugin:79 - create IPUIPlugin
2023-03-08 13:58:39,888 [INFO] PluginManager:219 - loadIPPluginJar : add gtzc
2023-03-08 13:58:39,954 [INFO] IPUIPlugin:79 - create IPUIPlugin
2023-03-08 13:58:39,954 [INFO] PluginManager:219 - loadIPPluginJar : add hash
2023-03-08 13:58:40,104 [INFO] IPUIPlugin:79 - create IPUIPlugin
2023-03-08 13:58:40,104 [INFO] PluginManager:219 - loadIPPluginJar : add i2c
2023-03-08 13:58:40,208 [INFO] IPUIPlugin:79 - create IPUIPlugin
2023-03-08 13:58:40,208 [INFO] PluginManager:219 - loadIPPluginJar : add i2s
2023-03-08 13:58:40,532 [INFO] IPUIPlugin:79 - create IPUIPlugin
2023-03-08 13:58:40,532 [INFO] PluginManager:219 - loadIPPluginJar : add ipddr
2023-03-08 13:58:40,823 [INFO] IPUIPlugin:79 - create IPUIPlugin
2023-03-08 13:58:40,823 [INFO] PluginManager:219 - loadIPPluginJar : add linkedlist
2023-03-08 13:58:40,943 [INFO] IPUIPlugin:79 - create IPUIPlugin
2023-03-08 13:58:40,943 [INFO] PluginManager:219 - loadIPPluginJar : add lorawan
2023-03-08 13:58:41,064 [INFO] IPUIPlugin:79 - create IPUIPlugin
2023-03-08 13:58:41,064 [INFO] PluginManager:219 - loadIPPluginJar : add ltdc
2023-03-08 13:58:41,105 [INFO] IPUIPlugin:79 - create IPUIPlugin
2023-03-08 13:58:41,105 [INFO] PluginManager:219 - loadIPPluginJar : add mdma
2023-03-08 13:58:41,133 [INFO] IPUIPlugin:79 - create IPUIPlugin
2023-03-08 13:58:41,141 [INFO] PluginManager:219 - loadIPPluginJar : add nvic
2023-03-08 13:58:41,221 [INFO] IPUIPlugin:79 - create IPUIPlugin
2023-03-08 13:58:41,221 [INFO] PluginManager:219 - loadIPPluginJar : add opamp
2023-03-08 13:58:41,369 [INFO] IPUIPlugin:79 - create IPUIPlugin
2023-03-08 13:58:41,369 [INFO] PluginManager:219 - loadIPPluginJar : add openamp
2023-03-08 13:58:41,472 [INFO] IPUIPlugin:79 - create IPUIPlugin
2023-03-08 13:58:41,472 [INFO] PluginManager:219 - loadIPPluginJar : add pdm2pcm
2023-03-08 13:58:41,533 [INFO] IPUIPlugin:79 - create IPUIPlugin
2023-03-08 13:58:41,546 [INFO] PluginManager:219 - loadIPPluginJar : add plateformsettings
2023-03-08 13:58:41,605 [INFO] IPUIPlugin:79 - create IPUIPlugin
2023-03-08 13:58:41,613 [INFO] PluginManager:219 - loadIPPluginJar : add quadspi
2023-03-08 13:58:41,636 [INFO] IPUIPlugin:79 - create IPUIPlugin
2023-03-08 13:58:41,636 [INFO] PluginManager:219 - loadIPPluginJar : add resmgrutility
2023-03-08 13:58:41,805 [INFO] IPUIPlugin:79 - create IPUIPlugin
2023-03-08 13:58:41,805 [INFO] PluginManager:219 - loadIPPluginJar : add sai
2023-03-08 13:58:41,922 [INFO] IPUIPlugin:79 - create IPUIPlugin
2023-03-08 13:58:41,922 [INFO] PluginManager:219 - loadIPPluginJar : add spi
2023-03-08 13:58:42,072 [INFO] IPUIPlugin:79 - create IPUIPlugin
2023-03-08 13:58:42,072 [INFO] PluginManager:219 - loadIPPluginJar : add stm32_wpan
2023-03-08 13:58:42,086 [INFO] ThirdPartyUpdaterWithRetryManager:70 - Updater plugin not ready yet. [3/15]
2023-03-08 13:58:42,137 [INFO] IPUIPlugin:79 - create IPUIPlugin
2023-03-08 13:58:42,137 [INFO] PluginManager:219 - loadIPPluginJar : add tim
2023-03-08 13:58:42,278 [INFO] IPUIPlugin:79 - create IPUIPlugin
2023-03-08 13:58:42,286 [INFO] PluginManager:219 - loadIPPluginJar : add touchsensing
2023-03-08 13:58:42,372 [INFO] IPUIPlugin:79 - create IPUIPlugin
2023-03-08 13:58:42,372 [INFO] PluginManager:219 - loadIPPluginJar : add tracer_emb
2023-03-08 13:58:42,430 [INFO] IPUIPlugin:79 - create IPUIPlugin
2023-03-08 13:58:42,430 [INFO] PluginManager:219 - loadIPPluginJar : add ts
2023-03-08 13:58:42,498 [INFO] IPUIPlugin:79 - create IPUIPlugin
2023-03-08 13:58:42,498 [INFO] PluginManager:219 - loadIPPluginJar : add tsc
2023-03-08 13:58:42,570 [INFO] IPUIPlugin:79 - create IPUIPlugin
2023-03-08 13:58:42,570 [INFO] PluginManager:219 - loadIPPluginJar : add ucpd
2023-03-08 13:58:42,698 [INFO] IPUIPlugin:79 - create IPUIPlugin
2023-03-08 13:58:42,698 [INFO] PluginManager:219 - loadIPPluginJar : add usart
2023-03-08 13:58:42,822 [INFO] IPUIPlugin:79 - create IPUIPlugin
2023-03-08 13:58:42,822 [INFO] PluginManager:219 - loadIPPluginJar : add usbx
2023-03-08 13:58:43,186 [INFO] CADModel:164 - CPN selected for project level
2023-03-08 13:58:43,188 [INFO] CADModel:113 - Register for checkConnection events
2023-03-08 13:58:43,188 [FATAL] Updater:308 - Updater called before beeing initialized
2023-03-08 13:58:43,188 [ERROR] CADModel:124 - Updater not yet initialized, retry later 
2023-03-08 13:58:43,813 [INFO] CADModel:164 - CPN selected for project level
2023-03-08 13:58:43,814 [INFO] CADModel:113 - Register for checkConnection events
2023-03-08 13:58:43,815 [FATAL] Updater:308 - Updater called before beeing initialized
2023-03-08 13:58:43,815 [ERROR] CADModel:124 - Updater not yet initialized, retry later 
2023-03-08 13:58:43,827 [FATAL] Updater:308 - Updater called before beeing initialized
2023-03-08 13:58:44,414 [FATAL] Updater:308 - Updater called before beeing initialized
2023-03-08 13:58:44,462 [INFO] DbMcusAds:52 - JSON generation date=Tue Feb 21 06:58:20 PST 2023 (1676991500156)
2023-03-08 13:58:44,470 [FATAL] Updater:308 - Updater called before beeing initialized
2023-03-08 13:58:44,729 [WARN] DetailPanel:344 - Failed to get advertising image, set to default
2023-03-08 13:58:45,089 [INFO] ThirdPartyUpdaterWithRetryManager:70 - Updater plugin not ready yet. [4/15]
2023-03-08 13:58:45,336 [FATAL] Updater:308 - Updater called before beeing initialized
2023-03-08 13:58:45,347 [FATAL] Updater:308 - Updater called before beeing initialized
2023-03-08 13:58:45,347 [FATAL] Updater:308 - Updater called before beeing initialized
2023-03-08 13:58:45,347 [WARN] DetailPanel:344 - Failed to get advertising image, set to default
2023-03-08 13:58:45,355 [FATAL] Updater:308 - Updater called before beeing initialized
2023-03-08 13:58:45,613 [ERROR] Updater:1120 - MainUpdater not yet initialized. External WinMGr cannot be set.
2023-03-08 13:58:45,629 [INFO] Updater:1056 - Updater Version found : 6.7.0
2023-03-08 13:58:45,702 [INFO] ApplicationProperties:181 - Using Application install path: C:\ST\STM32CubeIDE_1.11.0\STM32CubeIDE\plugins\com.st.stm32cube.common.mx_6.7.0.202211181646
2023-03-08 13:58:46,461 [INFO] MainUpdater:2800 - connection check result : 10
2023-03-08 13:58:46,461 [INFO] MainUpdater:3494 - Updater definition file requires update
2023-03-08 13:58:46,469 [INFO] MainUpdater:282 - Updater Check For Update Now.
2023-03-08 13:58:46,500 [INFO] MicroXplorer:481 - Change Database Version : DB.6.0.70
2023-03-08 13:58:46,622 [INFO] ServerAccessManage:474 - Download File updaters.zip
2023-03-08 13:58:46,813 [INFO] FileExtend:239 - Unzip File : updaters.zip
2023-03-08 13:58:46,813 [INFO] FileExtend:254 - Standard Zip Deflate
2023-03-08 13:58:48,115 [WARN] MainUpdater:1186 - Updater busy. Cannot search thirdparties
2023-03-08 13:58:48,116 [INFO] ThirdPartyUpdaterWithRetryManager:96 - Updater plugin is busy. [1/15]
2023-03-08 13:58:48,263 [INFO] ServerAccessManage:474 - Download File PacksControlFlags.xml
2023-03-08 13:58:48,426 [INFO] ServerAccessManage:474 - Download File cubemx.pidx
2023-03-08 13:58:49,889 [INFO] ServerAccessManage:474 - Download File STMicroelectronics.X-CUBE-BLEMGR.pdsc
2023-03-08 13:58:50,281 [INFO] ServerAccessManage:474 - Download File STMicroelectronics.X-CUBE-FREERTOS.pdsc
2023-03-08 13:58:51,130 [WARN] MainUpdater:1186 - Updater busy. Cannot search thirdparties
2023-03-08 13:58:51,130 [INFO] ThirdPartyUpdaterWithRetryManager:96 - Updater plugin is busy. [2/15]
2023-03-08 13:58:53,047 [ERROR] ServerAccessManage:1090 - Problem, file not found on Server
2023-03-08 13:58:53,056 [ERROR] ServerAccessManage:652 - Problem, file not found on Server : WES.I-CUBE-Cesium.pdsc.
2023-03-08 13:58:53,347 [WARN] PackLoader:242 - Cannot read IP mode file for STMicroelectronics.X-CUBE-BLEMGR.2.0.0
2023-03-08 13:58:53,406 [WARN] PackLoader:242 - Cannot read IP mode file for STMicroelectronics.X-CUBE-FREERTOS.1.0.0
2023-03-08 13:58:53,415 [INFO] PopulateThirdPartyThread:64 - Ending populate Thread
2023-03-08 13:58:53,423 [INFO] ThirdParty:999 - CMSIS Pack Vendor :STMicroelectronics X-CUBE-FREERTOS 1.0.0
2023-03-08 13:58:53,423 [INFO] ThirdParty:999 - CMSIS Pack Vendor :STMicroelectronics X-CUBE-BLEMGR 2.0.0
2023-03-08 13:58:53,423 [INFO] LoadServerUpdatesThread:367 - End of LoadServerUpdate Thread
2023-03-08 13:58:53,514 [INFO] CheckServerUpdateThread:119 - End of CheckServer Thread
2023-03-08 13:58:53,646 [INFO] MainUpdater:2800 - connection check result : 10
2023-03-08 13:58:53,702 [INFO] McuFinderGlobals:65 - Set McuFinderConnectedMode to true
2023-03-08 13:58:54,119 [INFO] ServerAccessManage:474 - Download File mcusAds.json._tmp_
2023-03-08 13:58:54,137 [WARN] MainUpdater:1186 - Updater busy. Cannot search thirdparties
2023-03-08 13:58:54,137 [INFO] ThirdPartyUpdaterWithRetryManager:96 - Updater plugin is busy. [3/15]
2023-03-08 13:58:54,248 [INFO] LoadUrlFilesThread:150 - End of LoadUrlFiles Thread
2023-03-08 13:58:54,456 [INFO] ServerAccessManage:474 - Download File cube-finder-db.zip
2023-03-08 13:58:56,831 [INFO] FileExtend:239 - Unzip File : cube-finder-db.zip
2023-03-08 13:58:56,832 [INFO] FileExtend:254 - Standard Zip Deflate
2023-03-08 13:58:57,146 [WARN] MainUpdater:1186 - Updater busy. Cannot search thirdparties
2023-03-08 13:58:57,146 [INFO] ThirdPartyUpdaterWithRetryManager:96 - Updater plugin is busy. [4/15]
2023-03-08 13:58:58,267 [INFO] LoadUrlFilesThread:150 - End of LoadUrlFiles Thread
2023-03-08 13:58:59,263 [INFO] ServerAccessManage:474 - Download File crdb.zip
2023-03-08 13:59:00,147 [WARN] MainUpdater:1186 - Updater busy. Cannot search thirdparties
2023-03-08 13:59:00,147 [INFO] ThirdPartyUpdaterWithRetryManager:96 - Updater plugin is busy. [5/15]
2023-03-08 13:59:00,741 [INFO] FileExtend:239 - Unzip File : crdb.zip
2023-03-08 13:59:00,741 [INFO] FileExtend:254 - Standard Zip Deflate
2023-03-08 13:59:00,922 [INFO] LoadUrlFilesThread:150 - End of LoadUrlFiles Thread
2023-03-08 13:59:00,981 [INFO] ServerAccessManage:474 - Download File tutoVideoDB.zip
2023-03-08 13:59:00,998 [INFO] FileExtend:239 - Unzip File : tutoVideoDB.zip
2023-03-08 13:59:00,998 [INFO] FileExtend:254 - Standard Zip Deflate
2023-03-08 13:59:01,131 [INFO] LoadUrlFilesThread:150 - End of LoadUrlFiles Thread
2023-03-08 13:59:01,147 [INFO] JxBrowserEngine:114 - Initiate JxBrowser Engine with user profile folder
2023-03-08 13:59:03,451 [WARN] PackLoader:242 - Cannot read IP mode file for STMicroelectronics.X-CUBE-GNSS1.6.0.0
2023-03-08 13:59:03,530 [WARN] PackLoader:242 - Cannot read IP mode file for STMicroelectronics.X-CUBE-AZRTOS-F4.1.1.0
2023-03-08 13:59:03,610 [WARN] PackLoader:242 - Cannot read IP mode file for STMicroelectronics.X-CUBE-AZRTOS-F7.1.1.0
2023-03-08 13:59:03,640 [WARN] PackLoader:242 - Cannot read IP mode file for STMicroelectronics.X-CUBE-BLE1.6.2.4
2023-03-08 13:59:03,681 [WARN] PackLoader:242 - Cannot read IP mode file for emotas.I-CUBE-CANOPEN.1.1.3
2023-03-08 13:59:03,706 [WARN] PackLoader:242 - Cannot read IP mode file for STMicroelectronics.X-CUBE-BLEMGR.2.0.0
2023-03-08 13:59:03,739 [WARN] PackLoader:242 - Cannot read IP mode file for STMicroelectronics.X-CUBE-DISPLAY.3.0.0
2023-03-08 13:59:03,776 [WARN] PackLoader:242 - Cannot read IP mode file for wolfSSL.I-CUBE-wolfSSL.5.5.4
2023-03-08 13:59:03,800 [WARN] PackLoader:242 - Cannot read IP mode file for STMicroelectronics.X-CUBE-NFC7.1.0.0
2023-03-08 13:59:03,826 [WARN] PackLoader:242 - Cannot read IP mode file for STMicroelectronics.X-CUBE-EEPRMA1.4.1.0
2023-03-08 13:59:03,856 [WARN] PackLoader:242 - Cannot read IP mode file for STMicroelectronics.X-CUBE-SFXS2LP1.4.0.0
2023-03-08 13:59:03,881 [WARN] PackLoader:242 - Cannot read IP mode file for STMicroelectronics.X-CUBE-BLE2.3.3.0
2023-03-08 13:59:03,920 [WARN] PackLoader:242 - Cannot read IP mode file for STMicroelectronics.X-CUBE-TOF1.3.2.0
2023-03-08 13:59:04,016 [WARN] PackLoader:242 - Cannot read IP mode file for STMicroelectronics.X-CUBE-AZRTOS-H7.3.0.0
2023-03-08 13:59:04,055 [WARN] PackLoader:242 - Cannot read IP mode file for STMicroelectronics.X-CUBE-ISPU.1.1.0
2023-03-08 13:59:04,098 [WARN] PackLoader:242 - Cannot read IP mode file for RoweBots.I-CUBE-UNISONRTOS.5.5.0-4
2023-03-08 13:59:04,124 [WARN] PackLoader:242 - Cannot read IP mode file for STMicroelectronics.X-CUBE-AI.8.0.0
2023-03-08 13:59:04,132 [WARN] PackLoader:242 - Cannot read IP mode file for STMicroelectronics.X-CUBE-FREERTOS.1.0.0
2023-03-08 13:59:04,159 [WARN] PackLoader:242 - Cannot read IP mode file for STMicroelectronics.X-CUBE-TOUCHGFX.4.21.1
2023-03-08 13:59:04,273 [WARN] PackLoader:242 - Cannot read IP mode file for STMicroelectronics.X-CUBE-MEMS1.9.4.0
2023-03-08 13:59:04,681 [WARN] PackLoader:242 - Cannot read IP mode file for STMicroelectronics.X-CUBE-AI.7.3.0
2023-03-08 13:59:04,711 [WARN] PackLoader:242 - Cannot read IP mode file for STMicroelectronics.X-CUBE-ALGOBUILD.1.3.0
2023-03-08 13:59:04,772 [WARN] PackLoader:242 - Cannot read IP mode file for STMicroelectronics.X-CUBE-AZRTOS-L5.1.1.0
2023-03-08 13:59:04,832 [WARN] PackLoader:242 - Cannot read IP mode file for STMicroelectronics.X-CUBE-AZRTOS-G0.1.1.0
2023-03-08 13:59:04,881 [WARN] PackLoader:242 - Cannot read IP mode file for STMicroelectronics.X-CUBE-SUBG2.5.0.0
2023-03-08 13:59:04,919 [WARN] PackLoader:242 - Cannot read IP mode file for STMicroelectronics.X-CUBE-NFC4.3.0.0
2023-03-08 13:59:04,932 [WARN] PackLoader:242 - Cannot read IP mode file for STMicroelectronics.FP-ATR-ASTRA1.1.1.1
2023-03-08 13:59:04,959 [WARN] PackLoader:242 - Cannot read IP mode file for STMicroelectronics.X-CUBE-BLEMGR.1.3.0
2023-03-08 13:59:05,016 [WARN] PackLoader:242 - Cannot read IP mode file for STMicroelectronics.X-CUBE-AZRTOS-G4.1.0.0
2023-03-08 13:59:05,026 [WARN] PackLoader:242 - Cannot read IP mode file for STMicroelectronics.FP-ATR-SIGFOX1.3.2.0
2023-03-08 13:59:05,085 [WARN] PackLoader:242 - Cannot read IP mode file for STMicroelectronics.X-CUBE-AZRTOS-L4.1.0.0
2023-03-08 13:59:05,131 [WARN] PackLoader:242 - Cannot read IP mode file for STMicroelectronics.X-CUBE-AZRTOS-WL.1.0.0
2023-03-08 13:59:05,164 [WARN] PackLoader:242 - Cannot read IP mode file for portGmbH.I-Cube-SoM-uGOAL.1.1.0
2023-03-08 13:59:05,188 [WARN] PackLoader:242 - Cannot read IP mode file for STMicroelectronics.X-CUBE-ALS.1.0.1
2023-03-08 13:59:05,289 [WARN] PackLoader:242 - Cannot read IP mode file for STMicroelectronics.X-CUBE-MEMS1.9.5.0
2023-03-08 13:59:05,667 [WARN] PackLoader:242 - Cannot read IP mode file for STMicroelectronics.X-CUBE-AZRTOS-WB.1.1.0
2023-03-08 13:59:05,783 [WARN] PackLoader:242 - Cannot read IP mode file for SEGGER.I-CUBE-embOS.1.3.1
2023-03-08 13:59:05,860 [INFO] ThirdParty:947 - Integrity check success = true
2023-03-08 13:59:05,860 [INFO] IntegrityCheckThread:98 - exiting critical section [integrity check]
2023-03-08 13:59:05,860 [INFO] IntegrityCheckThread:101 - End integrity checks thread
2023-03-08 13:59:07,332 [WARN] DbFile:40 - Overriding database path with different value: C:\Users\Nolas\.stmcufinder\plugins\mcufinder/ => C:\Users\Nolas\.stmcufinder\plugins\mcufinder
2023-03-08 13:59:07,440 [INFO] ServerAccessManage:474 - Download File api_config.json
2023-03-08 13:59:07,571 [INFO] LoadUrlFilesThread:150 - End of LoadUrlFiles Thread
2023-03-08 13:59:07,576 [INFO] DbMcusAds:52 - JSON generation date=Tue Mar 07 00:50:55 PST 2023 (1678179055114)
2023-03-08 13:59:07,705 [INFO] ServerAccessManage:474 - Download File 
2023-03-08 13:59:07,722 [INFO] LoadUrlFilesThread:179 - End of LoadServerUrlFiles without Thread
2023-03-08 13:59:07,722 [INFO] TargetSelectorAdapter:258 - Refresh data is successful
2023-03-08 13:59:07,909 [INFO] ApiDb:580 - Connected to CubeFinder SQLite database (C:\Users\Nolas\.stmcufinder\plugins\mcufinder\mcu\cube-finder-db.db)
2023-03-08 13:59:08,022 [INFO] ApiDb:667 - CubeFinder database Data Model version=2.1
2023-03-08 13:59:08,023 [INFO] ApiDb:668 - CubeFinder database Configuration version=3.0.35
2023-03-08 13:59:08,023 [INFO] ApiDb:669 - CubeFinder database generation date=2023-02-20 (1676964986)
2023-03-08 13:59:08,023 [INFO] ApiDb:670 - CubeFinder database FW Pack versions=[FP-ATR-ASTRA1_V1.1.1, STM32Cube_FW_C0_V1.0.1, STM32Cube_FW_F0_V1.11.4, STM32Cube_FW_F3_V1.11.4, STM32Cube_FW_F4_V1.27.1, STM32Cube_FW_F7_V1.17.0, STM32Cube_FW_G0_V1.6.1, STM32Cube_FW_G4_V1.5.1, STM32Cube_FW_H5_V0.5.1, STM32Cube_FW_H5_V1.0.0, STM32Cube_FW_H7_V1.11.0, STM32Cube_FW_L0_V1.12.2, STM32Cube_FW_L5_V1.5.0, STM32Cube_FW_U5_V1.2.0, STM32Cube_FW_WBA_V1.0.0, STM32Cube_FW_WBA_V1.0.0RC1, STM32Cube_FW_WBA_V1.0.0RC3, STM32Cube_FW_WB_V1.15.0RC1, STM32Cube_FW_WB_V1.16.0, STM32Cube_FW_WB_V1.16.0RC2, STM32Cube_FW_WL_V1.3.0, X-CUBE-ALGOBUILD_V1.3.0, X-CUBE-ALS_V1.0.1, X-CUBE-AZRTOS-F4_V1.1.0, X-CUBE-AZRTOS-F7_V1.1.0, X-CUBE-AZRTOS-G0_V1.1.0, X-CUBE-AZRTOS-G4_V1.0.0, X-CUBE-AZRTOS-H7_V3.0.0, X-CUBE-AZRTOS-L4_V1.0.0, X-CUBE-AZRTOS-L5_V1.1.0, X-CUBE-AZRTOS-WB_V1.1.0, X-CUBE-AZRTOS-WL_V1.0.0, X-CUBE-BLE1_V6.2.4, X-CUBE-BLE2_V3.3.0, X-CUBE-BLEMGR_V1.3.0, X-CUBE-EEPRMA1_V4.1.0, X-CUBE-GNSS1_V6.0.0, X-CUBE-MEMS1_V9.1.0, X-CUBE-MEMS1_V9.4.0, X-CUBE-MEMS1_V9.5.0, X-CUBE-NFC4_V3.0.0, X-CUBE-NFC7_V1.0.0, X-CUBE-SFXS2LP1_V4.0.0, X-CUBE-SUBG2_V5.0.0]
2023-03-08 13:59:10,998 [INFO] ApiDb:239 - Found 143 in-development CPN: [B-WB1M-WPAN1, B-WL5M-SUBG1, NUCLEO-C031C6, STEVAL-PROTEUS1, STEVAL-STWINBX1, STM320518-EVAL, STM32C0116-DK, STM32C011D6Y3TR, STM32C011D6Y6TR, STM32C011F4P3, STM32C011F4P6, STM32C011F4U3, STM32C011F4U6TR, STM32C011F6P3, STM32C011F6P6, STM32C011F6U3, STM32C011F6U6TR, STM32C011J4M3, STM32C011J4M6, STM32C011J6M3, STM32C011J6M6, STM32C0316-DK, STM32C031C4T3, STM32C031C4T6, STM32C031C4U3, STM32C031C4U6, STM32C031C6T3, STM32C031C6T6, STM32C031C6U3, STM32C031C6U6, STM32C031F4P3, STM32C031F4P6, STM32C031F6P3, STM32C031F6P6, STM32C031G4U3, STM32C031G4U6, STM32C031G6U3, STM32C031G6U6, STM32C031K4T3, STM32C031K4T6, STM32C031K4U3, STM32C031K4U6, STM32C031K6T3, STM32C031K6T6, STM32C031K6U3, STM32C031K6U6, STM32G071K8TXN, STM32G071K8UXN, STM32G081GBU6N, STM32G081KBT6N, STM32G081KBUXN, STM32G0B1CCT6N, STM32G0B1KCT6, STM32G0B1NEY6TR, STM32G0B1RCT6N, STM32G0C1CCT6, STM32G0C1CCT6N, STM32G0C1CCU6N, STM32G0C1CET6N, STM32G0C1CEU6N, STM32G0C1KCT6, STM32G0C1NEY6TR, STM32G0C1RCI6N, STM32G0C1RCT6N, STM32G0C1REI6N, STM32G0C1RET6N, STM32G0C1VCI6, STM32G0C1VEI6, STM32G471CCT6, STM32G471CCU6, STM32G471CET3, STM32G471CET6, STM32G471CEU3, STM32G471CEU6, STM32G471MCT6, STM32G471MET3, STM32G471MET6, STM32G471MEY6TR, STM32G471QCT6, STM32G471QET3, STM32G471RCT6, STM32G471RET3, STM32G471RET6, STM32G471VCH6, STM32G471VCI6, STM32G471VCT6, STM32G471VEH3, STM32G471VEH6, STM32G471VEI3, STM32G471VEI6, STM32G471VET3, STM32G471VET6, STM32G474CCT6, STM32L476VGY6PTR, STM32L4R5QGI6STR, STM32MP131AAE3, STM32MP131AAF3, STM32MP131AAG3, STM32MP131CAE3, STM32MP131CAF3, STM32MP131CAG3, STM32MP131DAE7, STM32MP131DAF7, STM32MP131DAG7, STM32MP131FAE7, STM32MP131FAF7, STM32MP131FAG7, STM32MP133AAE3, STM32MP133AAF3, STM32MP133AAG3, STM32MP133CAE3, STM32MP133CAF3, STM32MP133CAG3, STM32MP133DAE7, STM32MP133DAF7, STM32MP133DAG7, STM32MP133FAE7, STM32MP133FAF7, STM32MP133FAG7, STM32MP135AAE3, STM32MP135AAF3, STM32MP135AAG3, STM32MP135CAE3, STM32MP135CAF3, STM32MP135CAG3, STM32MP135DAE7, STM32MP135DAF7, STM32MP135DAG7, STM32MP135F-DK, STM32MP135FAE7, STM32MP135FAF7, STM32MP135FAF7T, STM32MP135FAF7U, STM32MP135FAG7, STM32U595ZJT6Q, STM32U599BJY6QTR, STM32U599NIH6Q, STM32U599NJH6Q, STM32U5A5ZJT6Q, STM32U5A9BJY6QTR, STM32U5A9NJH6Q, STM32WB1MMCH6, STM32WL5MOCH6TR]
2023-03-08 13:59:11,006 [INFO] DbMcus:215 - Found 3626 MCUs, 3626 are supported
2023-03-08 13:59:11,011 [INFO] ApiDb:422 - Load user favorites file C:\Users\Nolas/.stm32cubeide/favorites.mcus.txt: 0 item(s)
2023-03-08 13:59:11,011 [INFO] ApiDb:426 - User favorites MCUs=[]
2023-03-08 13:59:11,011 [INFO] DbMcus:221 - Set 0 / 0 favorites MCUs
2023-03-08 13:59:11,388 [INFO] ApiDb:667 - CubeFinder database Data Model version=2.1
2023-03-08 13:59:11,388 [INFO] ApiDb:668 - CubeFinder database Configuration version=3.0.35
2023-03-08 13:59:11,388 [INFO] ApiDb:669 - CubeFinder database generation date=2023-02-20 (1676964986)
2023-03-08 13:59:11,388 [INFO] ApiDb:670 - CubeFinder database FW Pack versions=[FP-ATR-ASTRA1_V1.1.1, STM32Cube_FW_C0_V1.0.1, STM32Cube_FW_F0_V1.11.4, STM32Cube_FW_F3_V1.11.4, STM32Cube_FW_F4_V1.27.1, STM32Cube_FW_F7_V1.17.0, STM32Cube_FW_G0_V1.6.1, STM32Cube_FW_G4_V1.5.1, STM32Cube_FW_H5_V0.5.1, STM32Cube_FW_H5_V1.0.0, STM32Cube_FW_H7_V1.11.0, STM32Cube_FW_L0_V1.12.2, STM32Cube_FW_L5_V1.5.0, STM32Cube_FW_U5_V1.2.0, STM32Cube_FW_WBA_V1.0.0, STM32Cube_FW_WBA_V1.0.0RC1, STM32Cube_FW_WBA_V1.0.0RC3, STM32Cube_FW_WB_V1.15.0RC1, STM32Cube_FW_WB_V1.16.0, STM32Cube_FW_WB_V1.16.0RC2, STM32Cube_FW_WL_V1.3.0, X-CUBE-ALGOBUILD_V1.3.0, X-CUBE-ALS_V1.0.1, X-CUBE-AZRTOS-F4_V1.1.0, X-CUBE-AZRTOS-F7_V1.1.0, X-CUBE-AZRTOS-G0_V1.1.0, X-CUBE-AZRTOS-G4_V1.0.0, X-CUBE-AZRTOS-H7_V3.0.0, X-CUBE-AZRTOS-L4_V1.0.0, X-CUBE-AZRTOS-L5_V1.1.0, X-CUBE-AZRTOS-WB_V1.1.0, X-CUBE-AZRTOS-WL_V1.0.0, X-CUBE-BLE1_V6.2.4, X-CUBE-BLE2_V3.3.0, X-CUBE-BLEMGR_V1.3.0, X-CUBE-EEPRMA1_V4.1.0, X-CUBE-GNSS1_V6.0.0, X-CUBE-MEMS1_V9.1.0, X-CUBE-MEMS1_V9.4.0, X-CUBE-MEMS1_V9.5.0, X-CUBE-NFC4_V3.0.0, X-CUBE-NFC7_V1.0.0, X-CUBE-SFXS2LP1_V4.0.0, X-CUBE-SUBG2_V5.0.0]
2023-03-08 13:59:11,566 [INFO] DbBoardsSqlite:225 - include board P-NUCLEO-WB55-NUCLEO as a kit item of type 'Nucleo-64'
2023-03-08 13:59:11,566 [INFO] DbBoardsSqlite:225 - include board P-NUCLEO-WB55-USBDONGLE as a kit item of type 'Nucleo USB Dongle'
2023-03-08 13:59:11,566 [INFO] DbBoardsSqlite:225 - include board STEVAL-IDP005V1 as a kit item of type 'Evaluation Board'
2023-03-08 13:59:11,566 [INFO] DbBoardsSqlite:225 - include board STEVAL-IDP005V2 as a kit item of type 'Evaluation Board'
2023-03-08 13:59:11,640 [INFO] ApiDb:239 - Found 143 in-development CPN: [B-WB1M-WPAN1, B-WL5M-SUBG1, NUCLEO-C031C6, STEVAL-PROTEUS1, STEVAL-STWINBX1, STM320518-EVAL, STM32C0116-DK, STM32C011D6Y3TR, STM32C011D6Y6TR, STM32C011F4P3, STM32C011F4P6, STM32C011F4U3, STM32C011F4U6TR, STM32C011F6P3, STM32C011F6P6, STM32C011F6U3, STM32C011F6U6TR, STM32C011J4M3, STM32C011J4M6, STM32C011J6M3, STM32C011J6M6, STM32C0316-DK, STM32C031C4T3, STM32C031C4T6, STM32C031C4U3, STM32C031C4U6, STM32C031C6T3, STM32C031C6T6, STM32C031C6U3, STM32C031C6U6, STM32C031F4P3, STM32C031F4P6, STM32C031F6P3, STM32C031F6P6, STM32C031G4U3, STM32C031G4U6, STM32C031G6U3, STM32C031G6U6, STM32C031K4T3, STM32C031K4T6, STM32C031K4U3, STM32C031K4U6, STM32C031K6T3, STM32C031K6T6, STM32C031K6U3, STM32C031K6U6, STM32G071K8TXN, STM32G071K8UXN, STM32G081GBU6N, STM32G081KBT6N, STM32G081KBUXN, STM32G0B1CCT6N, STM32G0B1KCT6, STM32G0B1NEY6TR, STM32G0B1RCT6N, STM32G0C1CCT6, STM32G0C1CCT6N, STM32G0C1CCU6N, STM32G0C1CET6N, STM32G0C1CEU6N, STM32G0C1KCT6, STM32G0C1NEY6TR, STM32G0C1RCI6N, STM32G0C1RCT6N, STM32G0C1REI6N, STM32G0C1RET6N, STM32G0C1VCI6, STM32G0C1VEI6, STM32G471CCT6, STM32G471CCU6, STM32G471CET3, STM32G471CET6, STM32G471CEU3, STM32G471CEU6, STM32G471MCT6, STM32G471MET3, STM32G471MET6, STM32G471MEY6TR, STM32G471QCT6, STM32G471QET3, STM32G471RCT6, STM32G471RET3, STM32G471RET6, STM32G471VCH6, STM32G471VCI6, STM32G471VCT6, STM32G471VEH3, STM32G471VEH6, STM32G471VEI3, STM32G471VEI6, STM32G471VET3, STM32G471VET6, STM32G474CCT6, STM32L476VGY6PTR, STM32L4R5QGI6STR, STM32MP131AAE3, STM32MP131AAF3, STM32MP131AAG3, STM32MP131CAE3, STM32MP131CAF3, STM32MP131CAG3, STM32MP131DAE7, STM32MP131DAF7, STM32MP131DAG7, STM32MP131FAE7, STM32MP131FAF7, STM32MP131FAG7, STM32MP133AAE3, STM32MP133AAF3, STM32MP133AAG3, STM32MP133CAE3, STM32MP133CAF3, STM32MP133CAG3, STM32MP133DAE7, STM32MP133DAF7, STM32MP133DAG7, STM32MP133FAE7, STM32MP133FAF7, STM32MP133FAG7, STM32MP135AAE3, STM32MP135AAF3, STM32MP135AAG3, STM32MP135CAE3, STM32MP135CAF3, STM32MP135CAG3, STM32MP135DAE7, STM32MP135DAF7, STM32MP135DAG7, STM32MP135F-DK, STM32MP135FAE7, STM32MP135FAF7, STM32MP135FAF7T, STM32MP135FAF7U, STM32MP135FAG7, STM32U595ZJT6Q, STM32U599BJY6QTR, STM32U599NIH6Q, STM32U599NJH6Q, STM32U5A5ZJT6Q, STM32U5A9BJY6QTR, STM32U5A9NJH6Q, STM32WB1MMCH6, STM32WL5MOCH6TR]
2023-03-08 13:59:11,866 [INFO] BoardInfo:879 - No configuration file found for board P-NUCLEO-WB55
2023-03-08 13:59:11,867 [INFO] DbBoards:156 - Kit is not supported: P-NUCLEO-WB55
2023-03-08 13:59:11,875 [INFO] BoardInfo:879 - No configuration file found for board STEVAL-BFA001V1B
2023-03-08 13:59:11,875 [INFO] DbBoards:156 - Kit is not supported: STEVAL-BFA001V1B
2023-03-08 13:59:11,875 [INFO] BoardInfo:879 - No configuration file found for board STEVAL-BFA001V2B
2023-03-08 13:59:11,875 [INFO] DbBoards:156 - Kit is not supported: STEVAL-BFA001V2B
2023-03-08 13:59:12,049 [INFO] DbBoards:160 - Found 179 boards, 176 are supported
2023-03-08 13:59:12,057 [INFO] ApiDb:422 - Load user favorites file C:\Users\Nolas/.stm32cubeide/favorites.boards.txt: 0 item(s)
2023-03-08 13:59:12,057 [INFO] ApiDb:426 - User favorites Boards=[]
2023-03-08 13:59:12,057 [INFO] DbBoards:189 - Set 0 / 0 favorites Boards
2023-03-08 13:59:12,065 [INFO] ApiDb:667 - CubeFinder database Data Model version=2.1
2023-03-08 13:59:12,065 [INFO] ApiDb:668 - CubeFinder database Configuration version=3.0.35
2023-03-08 13:59:12,065 [INFO] ApiDb:669 - CubeFinder database generation date=2023-02-20 (1676964986)
2023-03-08 13:59:12,065 [INFO] ApiDb:670 - CubeFinder database FW Pack versions=[FP-ATR-ASTRA1_V1.1.1, STM32Cube_FW_C0_V1.0.1, STM32Cube_FW_F0_V1.11.4, STM32Cube_FW_F3_V1.11.4, STM32Cube_FW_F4_V1.27.1, STM32Cube_FW_F7_V1.17.0, STM32Cube_FW_G0_V1.6.1, STM32Cube_FW_G4_V1.5.1, STM32Cube_FW_H5_V0.5.1, STM32Cube_FW_H5_V1.0.0, STM32Cube_FW_H7_V1.11.0, STM32Cube_FW_L0_V1.12.2, STM32Cube_FW_L5_V1.5.0, STM32Cube_FW_U5_V1.2.0, STM32Cube_FW_WBA_V1.0.0, STM32Cube_FW_WBA_V1.0.0RC1, STM32Cube_FW_WBA_V1.0.0RC3, STM32Cube_FW_WB_V1.15.0RC1, STM32Cube_FW_WB_V1.16.0, STM32Cube_FW_WB_V1.16.0RC2, STM32Cube_FW_WL_V1.3.0, X-CUBE-ALGOBUILD_V1.3.0, X-CUBE-ALS_V1.0.1, X-CUBE-AZRTOS-F4_V1.1.0, X-CUBE-AZRTOS-F7_V1.1.0, X-CUBE-AZRTOS-G0_V1.1.0, X-CUBE-AZRTOS-G4_V1.0.0, X-CUBE-AZRTOS-H7_V3.0.0, X-CUBE-AZRTOS-L4_V1.0.0, X-CUBE-AZRTOS-L5_V1.1.0, X-CUBE-AZRTOS-WB_V1.1.0, X-CUBE-AZRTOS-WL_V1.0.0, X-CUBE-BLE1_V6.2.4, X-CUBE-BLE2_V3.3.0, X-CUBE-BLEMGR_V1.3.0, X-CUBE-EEPRMA1_V4.1.0, X-CUBE-GNSS1_V6.0.0, X-CUBE-MEMS1_V9.1.0, X-CUBE-MEMS1_V9.4.0, X-CUBE-MEMS1_V9.5.0, X-CUBE-NFC4_V3.0.0, X-CUBE-NFC7_V1.0.0, X-CUBE-SFXS2LP1_V4.0.0, X-CUBE-SUBG2_V5.0.0]
2023-03-08 13:59:13,877 [INFO] DbExamplesSqlite:375 - Ignored 46 examples not supported by CubeIDE
2023-03-08 13:59:13,877 [INFO] DbExamplesSqlite:376 - Found 7328 examples active
2023-03-08 13:59:13,877 [INFO] DbExamplesSqlite:377 - Found 1095 examples obsolete
2023-03-08 13:59:13,877 [INFO] DbExamplesSqlite:378 - Found 0 examples under development
2023-03-08 13:59:13,877 [INFO] DbExamplesSqlite:379 - Found 77 examples not building
2023-03-08 13:59:13,877 [INFO] DbExamples:124 - Found 7359 examples
2023-03-08 13:59:14,263 [ERROR] DbExamples:207 - Found 498 examples with invalid data (board or MCU)
2023-03-08 13:59:14,263 [INFO] DbExamples:221 - Found 85 boards with related examples
2023-03-08 13:59:14,263 [INFO] DbExamples:234 - Found 73 MCUs with related examples
2023-03-08 13:59:14,293 [INFO] ApiDb:413 - User favorites file not found: C:\Users\Nolas/.stm32cubeide/favorites.examples.txt
2023-03-08 13:59:14,293 [INFO] DbExamples:249 - Set 0 / 0 favorites Examples
2023-03-08 13:59:14,794 [INFO] McuFinderGlobals:65 - Set McuFinderConnectedMode to true
2023-03-08 13:59:14,851 [INFO] MultiScanPanel:196 - Auto-refresh data requested => check proxy status ongoing
2023-03-08 13:59:14,859 [INFO] FinderPluginLoader:92 - Searching for filters in installed packs
2023-03-08 13:59:17,789 [INFO] LoadUrlFilesThread:179 - End of LoadServerUrlFiles without Thread
2023-03-08 13:59:17,943 [INFO] DetailPanel:339 - Set advertising image to C:/Users/Nolas/STM32Cube/Repository/\en.prom-stm32h5-mcu-finder.jpg
2023-03-08 13:59:27,722 [INFO] MultiScanPanel:196 - Auto-refresh data requested => check proxy status ongoing
2023-03-08 13:59:27,989 [INFO] LoadUrlFilesThread:179 - End of LoadServerUrlFiles without Thread
2023-03-08 13:59:27,989 [INFO] DetailPanel:339 - Set advertising image to C:/Users/Nolas/STM32Cube/Repository/\en.prom-stm32h5-mcu-finder.jpg
2023-03-08 13:59:28,015 [INFO] DbBoards:633 - Loading board mini-images...
2023-03-08 13:59:31,670 [INFO] DbBoards:656 - Loaded 179 board mini-images
2023-03-08 14:00:26,540 [INFO] MainUpdater:2800 - connection check result : 10
2023-03-08 14:00:26,540 [INFO] MainUpdater:2800 - connection check result : 10
2023-03-08 14:00:26,605 [INFO] MicroXplorer:451 - Change Database Path : 
2023-03-08 14:00:26,608 [INFO] MicroXplorer:481 - Change Database Version : DB.6.0.70
2023-03-08 14:00:26,608 [WARN] ThirdParty:845 - waiting for thirdparty lock release [close project]
2023-03-08 14:00:26,608 [INFO] ThirdParty:847 - entering critical section [close project]
2023-03-08 14:00:26,608 [INFO] ThirdParty:857 - exiting critical section [close project]
2023-03-08 14:00:26,619 [INFO] PinOutPanel:1477 - setPackage(No Configuration,No Configuration)
2023-03-08 14:00:26,633 [INFO] UtilMem:74 - Begin LoadConfig() Used Memory: 671874592 Bytes (726663168)
2023-03-08 14:00:26,642 [INFO] OpenFileManager:307 - Change cursor
2023-03-08 14:00:26,720 [INFO] ProjectFactory:399 - No CPN specified for board NUCLEO-L476RG => set CPN to STM32L476RGT3
2023-03-08 14:00:26,720 [INFO] Mcu:1925 - Initializing MCU STM32L476R(C-E-G)Tx STM32L476RGTx STM32L476RGT3
2023-03-08 14:00:32,359 [INFO] Context:654 - Trying to add GPIOservice into a context  which must be forbidden
2023-03-08 14:00:33,831 [INFO] Rule:225 - rule 117617 - U5Cobra4M][GTZC] default value MPCBB3 and MPCBB5 - Not Secured memory - MPCBB1 is applicable
2023-03-08 14:00:33,831 [INFO] Rule:225 - rule 117617 - U5Cobra4M][GTZC] default value MPCBB3 and MPCBB5 - Not Secured memory - MPCBB1 is applicable
2023-03-08 14:00:33,831 [INFO] Rule:225 - rule 117617 - U5Cobra4M][GTZC] default value MPCBB3 and MPCBB5 - Not Secured memory - MPCBB2 is applicable
2023-03-08 14:00:33,831 [INFO] Rule:225 - rule 117617 - U5Cobra4M][GTZC] default value MPCBB3 and MPCBB5 - Not Secured memory - MPCBB2 is applicable
2023-03-08 14:00:33,831 [INFO] Rule:225 - rule 117617 - U5Cobra4M][GTZC] default value MPCBB3 and MPCBB5 - Not Secured memory - MPCBB3 is applicable
2023-03-08 14:00:33,831 [INFO] Rule:225 - rule 117617 - U5Cobra4M][GTZC] default value MPCBB3 and MPCBB5 - Not Secured memory - MPCBB3 is applicable
2023-03-08 14:00:33,831 [INFO] Rule:225 - rule 117617 - U5Cobra4M][GTZC] default value MPCBB3 and MPCBB5 - Not Secured memory - MPCBB4 is applicable
2023-03-08 14:00:33,831 [INFO] Rule:225 - rule 117617 - U5Cobra4M][GTZC] default value MPCBB3 and MPCBB5 - Not Secured memory - MPCBB4 is applicable
2023-03-08 14:00:33,831 [INFO] Rule:225 - rule 117617 - U5Cobra4M][GTZC] default value MPCBB3 and MPCBB5 - Secured memory - MPCBB1 is applicable
2023-03-08 14:00:33,836 [INFO] Rule:225 - rule 117617 - U5Cobra4M][GTZC] default value MPCBB3 and MPCBB5 - Secured memory - MPCBB2 is applicable
2023-03-08 14:00:33,836 [INFO] Rule:225 - rule 117617 - U5Cobra4M][GTZC] default value MPCBB3 and MPCBB5 - Secured memory - MPCBB3 is applicable
2023-03-08 14:00:33,836 [INFO] Rule:225 - rule 117617 - U5Cobra4M][GTZC] default value MPCBB3 and MPCBB5 - Secured memory - MPCBB4 is applicable
2023-03-08 14:00:33,837 [INFO] Rule:225 - rule 117617 - U5Cobra4M][GTZC] default value MPCBB3 and MPCBB5 - Privileged memory - MPCBB1 is applicable
2023-03-08 14:00:33,837 [INFO] Rule:225 - rule 117617 - U5Cobra4M][GTZC] default value MPCBB3 and MPCBB5 - Privileged memory - MPCBB2 is applicable
2023-03-08 14:00:33,837 [INFO] Rule:225 - rule 117617 - U5Cobra4M][GTZC] default value MPCBB3 and MPCBB5 - Privileged memory - MPCBB3 is applicable
2023-03-08 14:00:33,837 [INFO] Rule:225 - rule 117617 - U5Cobra4M][GTZC] default value MPCBB3 and MPCBB5 - Privileged memory - MPCBB4 is applicable
2023-03-08 14:00:33,837 [INFO] Rule:225 - rule 117617 - U5Cobra4M][GTZC] default value MPCBB3 and MPCBB5 - Not Privileged memory - MPCBB1 is applicable
2023-03-08 14:00:33,837 [INFO] Rule:225 - rule 117617 - U5Cobra4M][GTZC] default value MPCBB3 and MPCBB5 - Not Privileged memory - MPCBB2 is applicable
2023-03-08 14:00:33,837 [INFO] Rule:225 - rule 117617 - U5Cobra4M][GTZC] default value MPCBB3 and MPCBB5 - Not Privileged memory - MPCBB3 is applicable
2023-03-08 14:00:33,837 [INFO] Rule:225 - rule 117617 - U5Cobra4M][GTZC] default value MPCBB3 and MPCBB5 - Not Privileged memory - MPCBB4 is applicable
2023-03-08 14:00:33,837 [INFO] Rule:225 - rule 117617 - U5Cobra4M][GTZC] default value MPCBB3 and MPCBB5 - Privileged memory - MPCBB1 is applicable
2023-03-08 14:00:33,838 [INFO] Rule:225 - rule 117617 - U5Cobra4M][GTZC] default value MPCBB3 and MPCBB5 - Privileged memory - MPCBB2 is applicable
2023-03-08 14:00:33,838 [INFO] Rule:225 - rule 117617 - U5Cobra4M][GTZC] default value MPCBB3 and MPCBB5 - Privileged memory - MPCBB3 is applicable
2023-03-08 14:00:33,839 [INFO] Rule:225 - rule 117617 - U5Cobra4M][GTZC] default value MPCBB3 and MPCBB5 - Privileged memory - MPCBB4 is applicable
2023-03-08 14:00:33,839 [INFO] Rule:225 - rule 117617 - U5Cobra4M][GTZC] default value MPCBB3 and MPCBB5 - Privileged memory - MPCBB1 is applicable
2023-03-08 14:00:33,839 [INFO] Rule:225 - rule 117617 - U5Cobra4M][GTZC] default value MPCBB3 and MPCBB5 - Privileged memory - MPCBB2 is applicable
2023-03-08 14:00:33,840 [INFO] Rule:225 - rule 117617 - U5Cobra4M][GTZC] default value MPCBB3 and MPCBB5 - Privileged memory - MPCBB3 is applicable
2023-03-08 14:00:33,840 [INFO] Rule:225 - rule 117617 - U5Cobra4M][GTZC] default value MPCBB3 and MPCBB5 - Privileged memory - MPCBB4 is applicable
2023-03-08 14:00:33,840 [INFO] Rule:225 - rule 117617 - U5Cobra4M][GTZC] default value MPCBB3 and MPCBB5 - Not Privileged memory - MPCBB1 is applicable
2023-03-08 14:00:33,841 [INFO] Rule:225 - rule 117617 - U5Cobra4M][GTZC] default value MPCBB3 and MPCBB5 - Not Privileged memory - MPCBB2 is applicable
2023-03-08 14:00:33,841 [INFO] Rule:225 - rule 117617 - U5Cobra4M][GTZC] default value MPCBB3 and MPCBB5 - Not Privileged memory - MPCBB3 is applicable
2023-03-08 14:00:33,841 [INFO] Rule:225 - rule 117617 - U5Cobra4M][GTZC] default value MPCBB3 and MPCBB5 - Not Privileged memory - MPCBB4 is applicable
2023-03-08 14:00:33,841 [INFO] Rule:225 - rule 117617 - U5Cobra4M][GTZC] default value MPCBB3 and MPCBB5 - Privileged memory - MPCBB1 is applicable
2023-03-08 14:00:33,841 [INFO] Rule:225 - rule 117617 - U5Cobra4M][GTZC] default value MPCBB3 and MPCBB5 - Privileged memory - MPCBB2 is applicable
2023-03-08 14:00:33,841 [INFO] Rule:225 - rule 117617 - U5Cobra4M][GTZC] default value MPCBB3 and MPCBB5 - Privileged memory - MPCBB3 is applicable
2023-03-08 14:00:33,842 [INFO] Rule:225 - rule 117617 - U5Cobra4M][GTZC] default value MPCBB3 and MPCBB5 - Privileged memory - MPCBB4 is applicable
2023-03-08 14:00:33,842 [INFO] Rule:225 - rule Rename SubGHz_Phy SUBGHZ_APPLICATION SUBGHZ_PINGPONG to SUBGHZ_ADV_APPLICATION is applicable
2023-03-08 14:00:33,842 [INFO] Rule:225 - rule Rename Enabled to IBEACON is applicable
2023-03-08 14:00:33,842 [INFO] Rule:225 - rule GTZC_S instance for project manager is applicable
2023-03-08 14:00:33,842 [INFO] Rule:225 - rule GTZC_S instance for context M33S is applicable
2023-03-08 14:00:33,842 [INFO] Rule:225 - rule GTZC_S instance value for IP GTZC is applicable
2023-03-08 14:00:33,843 [INFO] Rule:225 - rule GTZC_S instance for mcu.IP is applicable
2023-03-08 14:00:33,843 [INFO] Rule:225 - rule GTZC_S instance for VP is applicable
2023-03-08 14:00:33,843 [INFO] Rule:225 - rule GTZC_S instance for signal is applicable
2023-03-08 14:00:33,844 [INFO] Rule:225 - rule GTZC_S instance for mcu.Pin is applicable
2023-03-08 14:00:33,844 [INFO] Rule:225 - rule GTZC_S instance for VP is applicable
2023-03-08 14:00:33,844 [INFO] Rule:225 - rule GTZC_S instance for signal is applicable
2023-03-08 14:00:33,844 [INFO] Rule:225 - rule GTZC_S instance for mcu is applicable
2023-03-08 14:00:33,844 [INFO] Rule:225 - rule GTZC_S instance for mcu.Pin is applicable
2023-03-08 14:00:33,845 [INFO] Rule:225 - rule GTZC_S instance value for IP GTZC is applicable
2023-03-08 14:00:33,845 [INFO] Rule:225 - rule GTZC_S instance for project manager is applicable
2023-03-08 14:00:33,845 [INFO] Rule:225 - rule GTZC_S instance for context M33S is applicable
2023-03-08 14:00:33,845 [INFO] Rule:225 - rule GTZC_S instance for VP is applicable
2023-03-08 14:00:33,845 [INFO] Rule:225 - rule GTZC_S instance for signal is applicable
2023-03-08 14:00:33,845 [INFO] Rule:225 - rule SPDIFRX instance for mcu is applicable
2023-03-08 14:00:33,845 [INFO] Rule:225 - rule Rename Tracer Mode is applicable
2023-03-08 14:00:33,846 [INFO] Rule:225 - rule SPDIFRX instance value for IP SPDIFRX is applicable
2023-03-08 14:00:33,846 [INFO] Rule:225 - rule SPDIFRX instance for signal is applicable
2023-03-08 14:00:33,847 [INFO] Rule:225 - rule SPDIFRX instance for project manager is applicable
2023-03-08 14:00:33,847 [INFO] Rule:225 - rule SPDIFRX instance for project manager is applicable
2023-03-08 14:00:33,847 [INFO] Rule:225 - rule ADC Scan  fix with FW F7 is applicable
2023-03-08 14:00:33,847 [INFO] Rule:225 - rule ADC Scan  fix with FW F7 is applicable
2023-03-08 14:00:33,847 [INFO] Rule:225 - rule Add RTC Activate Clock Source is applicable
2023-03-08 14:00:33,847 [INFO] Rule:225 - rule Add RTC Activate Calendar 1 is applicable
2023-03-08 14:00:33,847 [INFO] Rule:225 - rule Add RTC Activate Calendar 2 is applicable
2023-03-08 14:00:33,848 [INFO] Rule:225 - rule Add RTC Activate Calendar 3 is applicable
2023-03-08 14:00:33,848 [INFO] Rule:225 - rule UART/USART TX Mode is applicable
2023-03-08 14:00:33,848 [INFO] Rule:225 - rule UART/USART RX Mode is applicable
2023-03-08 14:00:33,848 [INFO] Rule:225 - rule UART/USART RX TX Mode is applicable
2023-03-08 14:00:33,848 [INFO] Rule:225 - rule UART/USART PARITY NONE is applicable
2023-03-08 14:00:33,848 [INFO] Rule:225 - rule UART/USART PARITY EVEN is applicable
2023-03-08 14:00:33,850 [INFO] Rule:225 - rule UART/USART PARITY ODD is applicable
2023-03-08 14:00:33,850 [INFO] Rule:225 - rule USART StopBits 1 is applicable
2023-03-08 14:00:33,850 [INFO] Rule:225 - rule USART StopBits 2 is applicable
2023-03-08 14:00:33,850 [INFO] Rule:225 - rule USART StopBits 1.5 is applicable
2023-03-08 14:00:33,850 [INFO] Rule:225 - rule USART StopBits 0.5 is applicable
2023-03-08 14:00:33,850 [INFO] Rule:225 - rule UART/USART WORD LENGTH 7 is applicable
2023-03-08 14:00:33,851 [INFO] Rule:225 - rule UART/USART WORD LENGTH 8 is applicable
2023-03-08 14:00:33,851 [INFO] Rule:225 - rule UART/USART WORD LENGTH 9 is applicable
2023-03-08 14:00:33,851 [INFO] Rule:225 - rule Rename FMC NAND NCE signal is applicable
2023-03-08 14:00:33,851 [INFO] Rule:225 - rule Rename FMC NAND INT signal is applicable
2023-03-08 14:00:33,851 [INFO] Rule:225 - rule Change Default Value for LSE Drive Capability for WB family is applicable
2023-03-08 14:00:33,851 [INFO] Rule:225 - rule Change Default Value for ADC Clock Prescaler G0 family is applicable
2023-03-08 14:00:33,851 [INFO] Rule:225 - rule Change Default Value for ADC ExternalTrigConv L4 family is applicable
2023-03-08 14:00:33,852 [INFO] Rule:225 - rule Change Default Value for ADC ExternalTrigInjecConv L4 family is applicable
2023-03-08 14:00:33,852 [INFO] Rule:225 - rule Change Default Value for ADC ExternalTrigConv F3 family is applicable
2023-03-08 14:00:33,852 [INFO] Rule:225 - rule Change Default Value for ADC ExternalTrigInjecConv F3 family is applicable
2023-03-08 14:00:33,853 [INFO] Rule:225 - rule Change Default Value for ADC ExternalTrigConv Goldfish serie is applicable
2023-03-08 14:00:33,853 [INFO] Rule:225 - rule Change Default Value for ADC ExternalTrigInjecConv Goldfish serie is applicable
2023-03-08 14:00:33,853 [INFO] Rule:225 - rule Change Default Value for ADC ExternalTrigConv L0 family is applicable
2023-03-08 14:00:33,853 [INFO] Rule:225 - rule Change Default Value for ADC ExternalTrigConv F0 family is applicable
2023-03-08 14:00:33,853 [INFO] Rule:225 - rule Change Default Value for ADC ExternalTrigConvn L1 family is applicable
2023-03-08 14:00:33,853 [INFO] Rule:225 - rule Change Default Value for ADC ExternalTrigInjecConv L1 family is applicable
2023-03-08 14:00:33,854 [INFO] Rule:225 - rule Change Default Value for ADC ExternalTrigConv F1 family is applicable
2023-03-08 14:00:33,854 [INFO] Rule:225 - rule Change Default Value for ADC ExternalTrigInjecConv F1 family is applicable
2023-03-08 14:00:33,854 [INFO] Rule:225 - rule Change Default Value for ADC ExternalTrigConv F7 family is applicable
2023-03-08 14:00:33,854 [INFO] Rule:225 - rule Change Default Value for ADC ExternalTrigInjecConv F7 family is applicable
2023-03-08 14:00:33,854 [INFO] Rule:225 - rule Change Default Value for ADC ExternalTrigConv F4 and F2 family is applicable
2023-03-08 14:00:33,854 [INFO] Rule:225 - rule Change Default Value for ADC ExternalTrigInjecConv F4 and F2 family is applicable
2023-03-08 14:00:33,854 [INFO] Rule:225 - rule ADC SamplingTime fix with FW L0  is applicable
2023-03-08 14:00:33,854 [INFO] Rule:225 - rule ADC SamplingTime fix with FW L0  is applicable
2023-03-08 14:00:33,854 [INFO] Rule:225 - rule ADC SamplingTime fix with FW L0 is applicable
2023-03-08 14:00:33,855 [INFO] Rule:225 - rule ADC SamplingTime fix with FW L0 is applicable
2023-03-08 14:00:33,855 [INFO] Rule:225 - rule ADC SamplingTime fix with FW L0  is applicable
2023-03-08 14:00:33,855 [INFO] Rule:225 - rule ADC SamplingTime fix with FW L0 is applicable
2023-03-08 14:00:33,856 [INFO] Rule:225 - rule Rename USB_OE Signal is applicable
2023-03-08 14:00:33,856 [INFO] Rule:225 - rule Rename Activate_OE Mode is applicable
2023-03-08 14:00:33,856 [INFO] Rule:225 - rule Rename DIE462/DIE415 pin PC14/OSC32_IN -> PC14-OSC32_IN (PC14) is applicable
2023-03-08 14:00:33,856 [INFO] Rule:225 - rule Rename DIE462/DIE415 pin PC15/OSC32_OUT -> PC15-OSC32_OUT (PC15) is applicable
2023-03-08 14:00:33,856 [INFO] Rule:225 - rule Rename DIE462/DIE415 pin PH0/OSC_IN -> PH0-OSC_IN (PH0) is applicable
2023-03-08 14:00:33,856 [INFO] Rule:225 - rule Rename DIE462/DIE415 pin PH1/OSC_OUT -> PH1-OSC_OUT (PH1) is applicable
2023-03-08 14:00:33,857 [INFO] Rule:225 - rule Rename DIE462 pin PA13 -> PA13 (JTMS/SWDIO) is applicable
2023-03-08 14:00:33,857 [INFO] Rule:225 - rule Rename DIE415 pin PA13 -> PA13 (JTMS/SWDIO) is applicable
2023-03-08 14:00:33,857 [INFO] Rule:225 - rule Rename DIE462 pin PA14 -> PA14 (JTCK/SWCLK) is applicable
2023-03-08 14:00:33,857 [INFO] Rule:225 - rule Rename DIE415 pin PA14 -> PA14 (JTCK/SWCLK) is applicable
2023-03-08 14:00:33,857 [INFO] Rule:225 - rule Rename DIE462/DIE415 pin PA15 -> PA15 (JTDI) is applicable
2023-03-08 14:00:33,857 [INFO] Rule:225 - rule Rename DIE462 pin PB3 -> PB3 (JTD0/TRACESWO) is applicable
2023-03-08 14:00:33,858 [INFO] Rule:225 - rule Rename DIE415 pin PB3 -> PB3 (JTD0-TRACESWO) is applicable
2023-03-08 14:00:33,858 [INFO] Rule:225 - rule Rename DIE462/DIE415 pin PB4 -> PB4 (NJTRST) is applicable
2023-03-08 14:00:33,858 [INFO] Rule:225 - rule Rename DIE462 pin PH3/BOOT0 -> PH3-BOOT0 (BOOT0) is applicable
2023-03-08 14:00:33,858 [INFO] Rule:225 - rule Rename CRYP DataEncryptionTypesList to Algorithm is applicable
2023-03-08 14:00:33,858 [INFO] Rule:225 - rule Rename AES DataEncryptionTypesList to Algorithm is applicable
2023-03-08 14:00:33,858 [INFO] Rule:225 - rule Rename TDESECB to CRYP_TDES_ECB is applicable
2023-03-08 14:00:33,859 [INFO] Rule:225 - rule Rename TDESCBC to CRYP_TDES_CBC is applicable
2023-03-08 14:00:33,859 [INFO] Rule:225 - rule Rename DESECB to CRYP_DES_ECB is applicable
2023-03-08 14:00:33,859 [INFO] Rule:225 - rule Rename DESCBC to CRYP_DES_CBC is applicable
2023-03-08 14:00:33,859 [INFO] Rule:225 - rule Rename AESECB to CRYP_AES_ECB is applicable
2023-03-08 14:00:33,859 [INFO] Rule:225 - rule Rename AESCBC to CRYP_AES_CBC is applicable
2023-03-08 14:00:33,859 [INFO] Rule:225 - rule Rename AESCTR to CRYP_AES_CTR is applicable
2023-03-08 14:00:33,859 [INFO] Rule:225 - rule Rename AESGCM to CRYP_AES_GCM is applicable
2023-03-08 14:00:33,860 [INFO] Rule:225 - rule Rename AESCCM to CRYP_AES_CCM is applicable
2023-03-08 14:00:33,860 [INFO] Rule:225 - rule Rename CAN TimeSeg1 to BS1 is applicable
2023-03-08 14:00:33,860 [INFO] Rule:225 - rule Rename CAN TimeSeg2 to BS2 is applicable
2023-03-08 14:00:33,860 [INFO] Rule:225 - rule Rename CAN SyncJumpWidth to SJW is applicable
2023-03-08 14:00:33,860 [INFO] Rule:225 - rule TimeTriggeredMode to TTCM is applicable
2023-03-08 14:00:33,861 [INFO] Rule:225 - rule Rename CAN AutoBusOff to ABOM is applicable
2023-03-08 14:00:33,861 [INFO] Rule:225 - rule Rename CAN AutoWakeUp to AWUM is applicable
2023-03-08 14:00:33,861 [INFO] Rule:225 - rule Rename CAN AutoRetransmission to NART is applicable
2023-03-08 14:00:33,861 [INFO] Rule:225 - rule Rename CAN ReceiveFifoLocked to RFLM is applicable
2023-03-08 14:00:33,862 [INFO] Rule:225 - rule Rename CAN TransmitFifoPriority to TXFP is applicable
2023-03-08 14:00:33,862 [INFO] Rule:225 - rule Rename HRTIMER HRTIM_OUTPUTFAULTLEVEL_HIGH in HRTIMER HRTIM_OUTPUTFAULTLEVEL_HIGHZ is applicable
2023-03-08 14:00:33,862 [INFO] Rule:225 - rule Rename TIMER TIM_CLEARINPUTSOURCE_OCREFCLR in  TIMER TIM_CLEARINPUTSOURCE_NONE for F7 family is applicable
2023-03-08 14:00:33,862 [INFO] Rule:225 - rule FDCAN_R1 - Rename FDCAN mode Master into Classic is applicable
2023-03-08 14:00:33,862 [INFO] Rule:225 - rule FDCAN_R2 - Rename FDCAN mode Slave into Classic is applicable
2023-03-08 14:00:33,863 [INFO] Rule:225 - rule FDCAN1_R3 - if PA10.Mode=FullDuplex, add Pin PA12 is applicable
2023-03-08 14:00:33,863 [INFO] Rule:225 - rule FDCAN1_R3 - if PA9.Mode=FullDuplex, add Pin PA11 is applicable
2023-03-08 14:00:33,863 [INFO] Rule:225 - rule FDCAN1_R3 - Alternatepin_1 - if PE1.Mode=FullDuplex, add Pin PB9 is applicable
2023-03-08 14:00:33,863 [INFO] Rule:225 - rule FDCAN1_R3 - Alternatepin_1 - if PE0.Mode=FullDuplex, add Pin PB8 is applicable
2023-03-08 14:00:33,863 [INFO] Rule:225 - rule FDCAN1_R3 - Alternatepin_2 - if PD5.Mode=FullDuplex, add Pin PD1 is applicable
2023-03-08 14:00:33,863 [INFO] Rule:225 - rule FDCAN1_R3 - Alternatepin_2 - if PD4.Mode=FullDuplex, add Pin PD0 is applicable
2023-03-08 14:00:33,864 [INFO] Rule:225 - rule FDCAN1_R4 - Rename Mode FullDuplex into Enable FDCAN_TXFD for pin PA10 is applicable
2023-03-08 14:00:33,864 [INFO] Rule:225 - rule FDCAN1_R4 - Rename Mode FullDuplex into Enable FDCAN_TXFD for pin PA9 is applicable
2023-03-08 14:00:33,864 [INFO] Rule:225 - rule FDCAN1_R4 - Alternatepin_1 - Rename Mode FullDuplex into Enable FDCAN_TXFD for pin PE1 is applicable
2023-03-08 14:00:33,864 [INFO] Rule:225 - rule FDCAN1_R4 - Alternatepin_1 - Rename Mode FullDuplex into Enable FDCAN_TXFD for pin PE0 is applicable
2023-03-08 14:00:33,865 [INFO] Rule:225 - rule FDCAN1_R4 - Alternatepin_2 - Rename Mode FullDuplex into Enable FDCAN_TXFD for pin PD5 is applicable
2023-03-08 14:00:33,865 [INFO] Rule:225 - rule FDCAN1_R4 - Alternatepin_2 - Rename Mode FullDuplex into Enable FDCAN_TXFD for pin PD4 is applicable
2023-03-08 14:00:33,866 [INFO] Rule:225 - rule FDCAN2_R3 - if PD10.Mode=FullDuplex, add Pin PB13 is applicable
2023-03-08 14:00:33,866 [INFO] Rule:225 - rule FDCAN2_R3 - if PD9.Mode=FullDuplex, add Pin PB12 is applicable
2023-03-08 14:00:33,866 [INFO] Rule:225 - rule FDCAN2_R3 - Alternatepin_1 - if PB7.Mode=FullDuplex, add Pin PB6 is applicable
2023-03-08 14:00:33,866 [INFO] Rule:225 - rule FDCAN2_R3 - Alternatepin_1 - if PD9.Mode=FullDuplex, add Pin PB12 is applicable
2023-03-08 14:00:33,867 [INFO] Rule:225 - rule FDCAN2_R4 - Rename Mode FullDuplex into Enable FDCAN_TXFD for pin PD10 is applicable
2023-03-08 14:00:33,867 [INFO] Rule:225 - rule FDCAN2_R4 - Rename Mode FullDuplex into Enable FDCAN_TXFD for pin PD9 is applicable
2023-03-08 14:00:33,867 [INFO] Rule:225 - rule FDCAN2_R4 - Alternatepin_1 - Rename Mode FullDuplex into Enable FDCAN_TXFD for pin PB7 is applicable
2023-03-08 14:00:33,867 [INFO] Rule:225 - rule FDCAN2_R4 - Alternatepin_1 - Rename Mode FullDuplex into Enable FDCAN_TXFD for pin PD6 is applicable
2023-03-08 14:00:33,868 [INFO] Rule:225 - rule USART TxPinLevelInvertParam Mode is applicable
2023-03-08 14:00:33,868 [INFO] Rule:225 - rule USART RxPinLevelInvertParam Mode is applicable
2023-03-08 14:00:33,868 [INFO] Rule:225 - rule USART DataInvertParam Mode is applicable
2023-03-08 14:00:33,868 [INFO] Rule:225 - rule USART SwapParam Mode is applicable
2023-03-08 14:00:33,869 [INFO] Rule:225 - rule USART OverrunDisableParam Mode is applicable
2023-03-08 14:00:33,869 [INFO] Rule:225 - rule USART DMADisableonRxErrorParam Mode is applicable
2023-03-08 14:00:33,869 [INFO] Rule:225 - rule USART MSBFirstParam Mode is applicable
2023-03-08 14:00:33,870 [INFO] Rule:225 - rule Update MwName for USB_DEVICE is applicable
2023-03-08 14:00:33,870 [INFO] Rule:225 - rule Change PWR_Regulator_Voltage_Scale Default Value for RCC  H7 family is applicable
2023-03-08 14:00:33,870 [INFO] Rule:225 - rule UART/USART IPParameter rename Prescaler parameter to ClockPrescaler is applicable
2023-03-08 14:00:33,871 [INFO] Rule:225 - rule UART/USART Prescaler rename Prescaler parameter to ClockPrescaler is applicable
2023-03-08 14:00:33,871 [INFO] Rule:225 - rule TIM1CLockSelection is applicable
2023-03-08 14:00:33,871 [INFO] Rule:225 - rule TIM15CLockSelection is applicable
2023-03-08 14:00:33,871 [INFO] Rule:225 - rule align RCC SDMMC3CLockSelection default value on MP1 is applicable
2023-03-08 14:00:33,871 [INFO] Rule:225 - rule align RCC SDMMC12CLockSelection default value on MP1 is applicable
2023-03-08 14:00:33,872 [INFO] Rule:225 - rule align RCC QSPICLockSelection default value on MP1 is applicable
2023-03-08 14:00:33,873 [INFO] Rule:225 - rule align RCC QSPICLockSelection default value on MP1 is applicable
2023-03-08 14:00:33,873 [INFO] Rule:225 - rule align RCC SPI6CLockSelection default value on MP1 is applicable
2023-03-08 14:00:33,873 [INFO] Rule:225 - rule align RCC LPTIM23CLockSelection default value on MP1 is applicable
2023-03-08 14:00:33,874 [INFO] Rule:225 - rule align RCC LPTIM1CLockSelection default value on MP1 is applicable
2023-03-08 14:00:33,874 [INFO] Rule:225 - rule align RCC USART1CLockSelection default value on MP1 is applicable
2023-03-08 14:00:33,874 [INFO] Rule:225 - rule align RCC USART24CLockSelection default value on MP1 is applicable
2023-03-08 14:00:33,875 [INFO] Rule:225 - rule align RCC USART6CLockSelection default value on MP1 is applicable
2023-03-08 14:00:33,875 [INFO] Rule:225 - rule align RCC UART78CLockSelection default value on MP1 is applicable
2023-03-08 14:00:33,875 [INFO] Rule:225 - rule align RCC USART35CLockSelection default value on MP1 is applicable
2023-03-08 14:00:33,875 [INFO] Rule:225 - rule align RCC SPI45CLockSelection default value on MP1 is applicable
2023-03-08 14:00:33,876 [INFO] Rule:225 - rule align RCC I2C46CLockSelection BCLK value on MP1 is applicable
2023-03-08 14:00:33,876 [INFO] Rule:225 - rule align RCC SPI45CLockSelection default value on MP1 is applicable
2023-03-08 14:00:33,876 [INFO] Rule:225 - rule align RCC I2C12CLockSelection default value on MP1 is applicable
2023-03-08 14:00:33,876 [INFO] Rule:225 - rule align RCC I2C35CLockSelection default value on MP1 is applicable
2023-03-08 14:00:33,877 [INFO] Rule:225 - rule align RCC LPTIM45CLockSelection default value on MP1 is applicable
2023-03-08 14:00:33,877 [INFO] Rule:225 - rule Rename DCMI PIXCK signal is applicable
2023-03-08 14:00:33,877 [INFO] Rule:225 - rule Change Default Value for I2C46CLockSelection MP1 family is applicable
2023-03-08 14:00:33,877 [INFO] Rule:225 - rule Change Default Value for UART for G4, G0 and WB families is applicable
2023-03-08 14:00:33,878 [INFO] Rule:225 - rule Change Default Value for USART for G4, G0 and WB families is applicable
2023-03-08 14:00:33,878 [INFO] Rule:225 - rule Change Default Value for USART for G4 family is applicable
2023-03-08 14:00:33,878 [INFO] Rule:225 - rule Change USART1CLockSelection refparam name for MP1 is applicable
2023-03-08 14:00:33,878 [INFO] Rule:225 - rule Change USART2CLockSelection refparam name for MP1 is applicable
2023-03-08 14:00:33,878 [INFO] Rule:225 - rule Change USART3CLockSelection refparam name for MP1 is applicable
2023-03-08 14:00:33,879 [INFO] Rule:225 - rule Change UART4CLockSelection refparam name for MP1 is applicable
2023-03-08 14:00:33,879 [INFO] Rule:225 - rule Change UART5CLockSelection refparam name for MP1 is applicable
2023-03-08 14:00:33,879 [INFO] Rule:225 - rule Change LPUART1CLockSelection refparam name for MP1 is applicable
2023-03-08 14:00:33,879 [INFO] Rule:225 - rule Change LPTIM1CLockSelection refparam name for MP1 is applicable
2023-03-08 14:00:33,880 [INFO] Rule:225 - rule Change LPTIM2CLockSelection refparam name for MP1 is applicable
2023-03-08 14:00:33,880 [INFO] Rule:225 - rule Change RCC_MCO1Source refparam name for MP1 is applicable
2023-03-08 14:00:33,880 [INFO] Rule:225 - rule Change LSCOSource1 refparam name for MP1 is applicable
2023-03-08 14:00:33,880 [INFO] Rule:225 - rule Change SMPSCLockSelection refparam name for MP1 is applicable
2023-03-08 14:00:33,880 [INFO] Rule:225 - rule Change LPTIM3CLockSelection refparam name for MP1 is applicable
2023-03-08 14:00:33,881 [INFO] Rule:225 - rule Change MPCBB* Default Template Mode to Parameters is applicable
2023-03-08 14:00:33,881 [INFO] Rule:225 - rule Change MPCWM* or MPCBB* Secure Mode to Parameters is applicable
2023-03-08 14:00:33,881 [INFO] Rule:225 - rule Change MPCWM* or MPCBB* No Secure Mode to Parameters is applicable
2023-03-08 14:00:33,881 [INFO] Rule:225 - rule Change TZSC IP Secure Mode to Parameters is applicable
2023-03-08 14:00:33,881 [INFO] Rule:225 - rule Change TZSC IP No Secure Mode to Parameters is applicable
2023-03-08 14:00:33,882 [INFO] Rule:225 - rule Change TZSC IP Privilege Mode to Parameters is applicable
2023-03-08 14:00:33,882 [INFO] Rule:225 - rule Change TZSC IP No Privilege Mode to Parameters is applicable
2023-03-08 14:00:33,882 [INFO] Rule:225 - rule Change TZIC IT Secure Mode to Parameters is applicable
2023-03-08 14:00:33,882 [INFO] Rule:225 - rule Change TZIC IT No Secure Mode to Parameters is applicable
2023-03-08 14:00:33,882 [INFO] Rule:225 - rule Add MPCBB1_NonSecureArea_Start_Address value with referenced to MPCBB1_NonSecureArea_Start value is applicable
2023-03-08 14:00:33,882 [INFO] Rule:225 - rule Add MPCBB2_NonSecureArea_Start_Address value with referenced to MPCBB2_NonSecureArea_Start value is applicable
2023-03-08 14:00:33,882 [INFO] Rule:225 - rule Add MPCWM1_NonSecureArea*_Start_Address value with referenced to MPCWM1_NonSecureArea*_Start value is applicable
2023-03-08 14:00:33,883 [INFO] Rule:225 - rule Add MPCWM2_NonSecureArea*_Start_Address value with referenced to MPCWM2_NonSecureArea*_Start value is applicable
2023-03-08 14:00:33,883 [INFO] Rule:225 - rule Add MPCWM3_NonSecureArea_Start_Address value with referenced to MPCWM3_NonSecureArea_Start value is applicable
2023-03-08 14:00:33,883 [INFO] Rule:225 - rule Change Default Value for PLL1UserDefinedConfig is applicable
2023-03-08 14:00:33,883 [INFO] Rule:225 - rule Change GPIO_PuPd Default Value for USART in async mode is applicable
2023-03-08 14:00:33,884 [INFO] Rule:225 - rule Change SMPSDivider Default Value is applicable
2023-03-08 14:00:33,884 [INFO] Rule:225 - rule OPAMP is applicable
2023-03-08 14:00:33,884 [INFO] Rule:225 - rule LPUART IPParameter rename Prescaler parameter to ClockPrescaler for STM32H7 is applicable
2023-03-08 14:00:33,885 [INFO] Rule:225 - rule LPUART IPParameter rename Prescaler parameter to ClockPrescaler for STM32H7 is applicable
2023-03-08 14:00:33,885 [INFO] Rule:225 - rule LPUART IPParameter rename Prescaler parameter to ClockPrescaler for STM32WB is applicable
2023-03-08 14:00:33,885 [INFO] Rule:225 - rule LPUART IPParameter rename Prescaler parameter to ClockPrescaler for STM32WB is applicable
2023-03-08 14:00:33,885 [INFO] Rule:225 - rule LPUART IPParameter rename Prescaler parameter to ClockPrescaler for STM32G4 is applicable
2023-03-08 14:00:33,886 [INFO] Rule:225 - rule LPUART IPParameter rename Prescaler parameter to ClockPrescaler for STM32G4 is applicable
2023-03-08 14:00:33,886 [INFO] Rule:225 - rule LPUART IPParameter rename Prescaler parameter to ClockPrescaler for STM32L5 is applicable
2023-03-08 14:00:33,886 [INFO] Rule:225 - rule LPUART IPParameter rename Prescaler parameter to ClockPrescaler for STM32L5 is applicable
2023-03-08 14:00:33,886 [INFO] Rule:225 - rule LPUART IPParameter rename Prescaler parameter to ClockPrescaler for STM32G4 is applicable
2023-03-08 14:00:33,886 [INFO] Rule:225 - rule LPUART IPParameter rename Prescaler parameter to ClockPrescaler for STM32G4 is applicable
2023-03-08 14:00:33,886 [INFO] Rule:225 - rule USB device lib V2.5.3 for L0 rename USBD_SUPPORT_USER_STRING parameter to USBD_SUPPORT_USER_STRING_DESC4 is applicable
2023-03-08 14:00:33,886 [INFO] Rule:225 - rule I2SCLockSelection clock entry align is applicable
2023-03-08 14:00:33,886 [INFO] Rule:225 - rule Assign TIMx context if used as SYS timebase is applicable
2023-03-08 14:00:33,886 [INFO] Rule:225 - rule Change GPIO_Pu Default Value for I2C is applicable
2023-03-08 14:00:33,886 [INFO] Rule:225 - rule Change GPIO_Pu Default Value for SMBus is applicable
2023-03-08 14:00:33,886 [INFO] Rule:225 - rule change FDCAN default value is applicable
2023-03-08 14:00:33,886 [INFO] Rule:225 - rule Change mode sai is applicable
2023-03-08 14:00:33,886 [INFO] Rule:225 - rule **Change sai mode is applicable
2023-03-08 14:00:33,920 [INFO] DbConfProperties:305 - Apply Compatibility (49/248 Rules)
2023-03-08 14:00:34,003 [INFO] ImportTextPane:193 - (OptionalMessage_ERROR) Unable to find key (Mcu.ThirdPartyNb) in loaded IOC file
2023-03-08 14:00:34,540 [INFO] RtosManager:489 - Registered RTOS mode: class=CMSIS, group=RTOS, mode=CMSIS_V1, owner=FREERTOS
2023-03-08 14:00:34,541 [INFO] RtosManager:489 - Registered RTOS mode: class=CMSIS, group=RTOS2, mode=CMSIS_V2, owner=FREERTOS
2023-03-08 14:00:34,542 [INFO] RtosManager:489 - Registered RTOS mode: class=RTOS, group=Core, mode=CMSIS_V1, owner=FREERTOS
2023-03-08 14:00:34,542 [INFO] RtosManager:489 - Registered RTOS mode: class=RTOS, group=Core, mode=CMSIS_V2, owner=FREERTOS
2023-03-08 14:00:34,542 [WARN] ModelIntegratedComponent:185 - Missing modes for component STMicroelectronics:FreeRTOS:0.0.1:STMicroelectronics:RTOS:FreeRTOS:Core:::10.2.0:
2023-03-08 14:00:34,575 [WARN] ModelIntegratedComponent:64 - No mode defined for component null
2023-03-08 14:00:34,575 [WARN] ModelIntegratedComponent:64 - No mode defined for component null
2023-03-08 14:00:34,575 [WARN] ModelIntegratedComponent:64 - No mode defined for component null
2023-03-08 14:00:34,575 [WARN] ModelIntegratedComponent:64 - No mode defined for component null
2023-03-08 14:00:34,575 [WARN] ModelIntegratedComponent:64 - No mode defined for component null
2023-03-08 14:00:34,576 [WARN] ModelIntegratedComponent:64 - No mode defined for component null
2023-03-08 14:00:34,577 [WARN] ModelIntegratedComponent:64 - No mode defined for component null
2023-03-08 14:00:34,577 [WARN] ModelIntegratedComponent:64 - No mode defined for component null
2023-03-08 14:00:34,577 [WARN] ModelIntegratedComponent:64 - No mode defined for component null
2023-03-08 14:00:34,577 [WARN] ModelIntegratedComponent:64 - No mode defined for component null
2023-03-08 14:00:34,577 [WARN] ModelIntegratedComponent:64 - No mode defined for component null
2023-03-08 14:00:34,578 [WARN] ModelIntegratedComponent:64 - No mode defined for component null
2023-03-08 14:00:34,578 [WARN] ModelIntegratedComponent:64 - No mode defined for component null
2023-03-08 14:00:34,578 [WARN] ModelIntegratedComponent:64 - No mode defined for component null
2023-03-08 14:00:34,579 [WARN] ModelIntegratedComponent:64 - No mode defined for component null
2023-03-08 14:00:34,579 [WARN] ModelIntegratedComponent:64 - No mode defined for component null
2023-03-08 14:00:34,579 [WARN] ModelIntegratedComponent:64 - No mode defined for component null
2023-03-08 14:00:34,579 [WARN] ModelIntegratedComponent:64 - No mode defined for component null
2023-03-08 14:00:34,580 [WARN] ModelIntegratedComponent:64 - No mode defined for component null
2023-03-08 14:00:34,580 [WARN] ModelIntegratedComponent:64 - No mode defined for component null
2023-03-08 14:00:34,580 [WARN] ModelIntegratedComponent:64 - No mode defined for component null
2023-03-08 14:00:34,580 [WARN] ModelIntegratedComponent:64 - No mode defined for component null
2023-03-08 14:00:34,580 [WARN] ModelIntegratedComponent:64 - No mode defined for component null
2023-03-08 14:00:34,580 [WARN] ModelIntegratedComponent:64 - No mode defined for component null
2023-03-08 14:00:34,580 [WARN] ModelIntegratedComponent:64 - No mode defined for component null
2023-03-08 14:00:34,580 [WARN] ModelIntegratedComponent:64 - No mode defined for component null
2023-03-08 14:00:34,580 [WARN] ModelIntegratedComponent:64 - No mode defined for component null
2023-03-08 14:00:34,580 [WARN] ModelIntegratedComponent:64 - No mode defined for component null
2023-03-08 14:00:34,580 [WARN] ModelIntegratedComponent:64 - No mode defined for component null
2023-03-08 14:00:34,582 [WARN] ModelIntegratedComponent:64 - No mode defined for component null
2023-03-08 14:00:34,582 [WARN] ModelIntegratedComponent:64 - No mode defined for component null
2023-03-08 14:00:34,582 [WARN] ModelIntegratedComponent:64 - No mode defined for component null
2023-03-08 14:00:34,582 [WARN] ModelIntegratedComponent:64 - No mode defined for component null
2023-03-08 14:00:34,835 [INFO] ThirdPartyModel:294 - Start build external matchings
2023-03-08 14:00:35,923 [INFO] ThirdPartyModel:310 - End build external matchings
2023-03-08 14:00:35,957 [INFO] ImportTextPane:193 - (OptionalMessage_ERROR) IP (RCC) : Invalid parameter (FamilyName)
2023-03-08 14:00:35,965 [INFO] ImportTextPane:193 - (OptionalMessage_ERROR) IP (RCC) : Parameter (RNGFreq_Value) has invalid value (64000000)
2023-03-08 14:00:35,966 [INFO] ImportTextPane:193 - (OptionalMessage_ERROR) IP (RCC) : Parameter (SDMMCFreq_Value) has invalid value (64000000)
2023-03-08 14:00:35,966 [INFO] ImportTextPane:193 - (OptionalMessage_ERROR) IP (RCC) : Parameter (USBFreq_Value) has invalid value (64000000)
2023-03-08 14:00:37,385 [INFO] UtilMem:74 - End LoadConfig() Used Memory: 705180704 Bytes (812646400)
2023-03-08 14:00:37,566 [WARN] ThirdParty:807 - waiting for thirdparty lock release [change project]
2023-03-08 14:00:37,566 [INFO] ThirdParty:809 - entering critical section [change project]
2023-03-08 14:00:37,566 [INFO] ThirdParty:999 - CMSIS Pack Vendor :STMicroelectronics X-CUBE-ISPU 1.1.0
2023-03-08 14:00:37,566 [INFO] ThirdParty:999 - CMSIS Pack Vendor :RoweBots I-CUBE-UNISONRTOS 5.5.0-4
2023-03-08 14:00:37,566 [INFO] ThirdParty:999 - CMSIS Pack Vendor :STMicroelectronics X-CUBE-GNSS1 6.0.0
2023-03-08 14:00:37,566 [INFO] ThirdParty:999 - CMSIS Pack Vendor :STMicroelectronics USB_HOST 2.0.0
2023-03-08 14:00:37,566 [INFO] ThirdParty:999 - CMSIS Pack Vendor :STMicroelectronics X-CUBE-AZRTOS-F4 1.1.0
2023-03-08 14:00:37,566 [INFO] ThirdParty:999 - CMSIS Pack Vendor :STMicroelectronics LIBJPEG 8.0.0
2023-03-08 14:00:37,566 [INFO] ThirdParty:999 - CMSIS Pack Vendor :STMicroelectronics USB_DEVICE 3.0.0
2023-03-08 14:00:37,566 [INFO] ThirdParty:999 - CMSIS Pack Vendor :STMicroelectronics X-CUBE-AI 8.0.0
2023-03-08 14:00:37,566 [INFO] ThirdParty:999 - CMSIS Pack Vendor :STMicroelectronics X-CUBE-FREERTOS 1.0.0
2023-03-08 14:00:37,566 [INFO] ThirdParty:999 - CMSIS Pack Vendor :STMicroelectronics X-CUBE-TOUCHGFX 4.21.1
2023-03-08 14:00:37,566 [INFO] ThirdParty:999 - CMSIS Pack Vendor :STMicroelectronics X-CUBE-AZRTOS-F7 1.1.0
2023-03-08 14:00:37,566 [INFO] ThirdParty:999 - CMSIS Pack Vendor :STMicroelectronics X-CUBE-MEMS1 9.4.0
2023-03-08 14:00:37,566 [INFO] ThirdParty:999 - CMSIS Pack Vendor :STMicroelectronics USB_DEVICE 2.0.0
2023-03-08 14:00:37,566 [INFO] ThirdParty:999 - CMSIS Pack Vendor :STMicroelectronics X-CUBE-AI 7.3.0
2023-03-08 14:00:37,566 [INFO] ThirdParty:999 - CMSIS Pack Vendor :STMicroelectronics X-CUBE-ALGOBUILD 1.3.0
2023-03-08 14:00:37,566 [INFO] ThirdParty:999 - CMSIS Pack Vendor :STMicroelectronics X-CUBE-BLE1 6.2.4
2023-03-08 14:00:37,566 [INFO] ThirdParty:999 - CMSIS Pack Vendor :STMicroelectronics X-CUBE-AZRTOS-L5 1.1.0
2023-03-08 14:00:37,566 [INFO] ThirdParty:999 - CMSIS Pack Vendor :STMicroelectronics FreeRTOS 0.0.1
2023-03-08 14:00:37,566 [INFO] ThirdParty:999 - CMSIS Pack Vendor :emotas I-CUBE-CANOPEN 1.1.3
2023-03-08 14:00:37,566 [INFO] ThirdParty:999 - CMSIS Pack Vendor :STMicroelectronics X-CUBE-AZRTOS-G0 1.1.0
2023-03-08 14:00:37,566 [INFO] ThirdParty:999 - CMSIS Pack Vendor :STMicroelectronics X-CUBE-BLEMGR 2.0.0
2023-03-08 14:00:37,566 [INFO] ThirdParty:999 - CMSIS Pack Vendor :STMicroelectronics X-CUBE-SUBG2 5.0.0
2023-03-08 14:00:37,566 [INFO] ThirdParty:999 - CMSIS Pack Vendor :STMicroelectronics X-CUBE-NFC4 3.0.0
2023-03-08 14:00:37,566 [INFO] ThirdParty:999 - CMSIS Pack Vendor :STMicroelectronics STM32_WPAN 1.0.0
2023-03-08 14:00:37,566 [INFO] ThirdParty:999 - CMSIS Pack Vendor :STMicroelectronics lwIP 2.0.3
2023-03-08 14:00:37,566 [INFO] ThirdParty:999 - CMSIS Pack Vendor :STMicroelectronics USB_HOST 1.0.0
2023-03-08 14:00:37,566 [INFO] ThirdParty:999 - CMSIS Pack Vendor :STMicroelectronics PDM2PCM 3.1.0
2023-03-08 14:00:37,566 [INFO] ThirdParty:999 - CMSIS Pack Vendor :STMicroelectronics FP-ATR-ASTRA1 1.1.1
2023-03-08 14:00:37,566 [INFO] ThirdParty:999 - CMSIS Pack Vendor :STMicroelectronics PDM2PCM 3.3.0
2023-03-08 14:00:37,566 [INFO] ThirdParty:999 - CMSIS Pack Vendor :STMicroelectronics X-CUBE-DISPLAY 3.0.0
2023-03-08 14:00:37,572 [INFO] ThirdParty:999 - CMSIS Pack Vendor :STMicroelectronics X-CUBE-BLEMGR 1.3.0
2023-03-08 14:00:37,572 [INFO] ThirdParty:999 - CMSIS Pack Vendor :STMicroelectronics X-CUBE-AZRTOS-G4 1.0.0
2023-03-08 14:00:37,572 [INFO] ThirdParty:999 - CMSIS Pack Vendor :STMicroelectronics FP-ATR-SIGFOX1 3.2.0
2023-03-08 14:00:37,572 [INFO] ThirdParty:999 - CMSIS Pack Vendor :wolfSSL I-CUBE-wolfSSL 5.5.4
2023-03-08 14:00:37,573 [INFO] ThirdParty:999 - CMSIS Pack Vendor :STMicroelectronics X-CUBE-AZRTOS-L4 1.0.0
2023-03-08 14:00:37,573 [INFO] ThirdParty:999 - CMSIS Pack Vendor :STMicroelectronics HAL Drivers 0.0.0
2023-03-08 14:00:37,573 [INFO] ThirdParty:999 - CMSIS Pack Vendor :STMicroelectronics MBEDTLS 2.16.2
2023-03-08 14:00:37,573 [INFO] ThirdParty:999 - CMSIS Pack Vendor :STMicroelectronics MBEDTLS 2.14.1
2023-03-08 14:00:37,573 [INFO] ThirdParty:999 - CMSIS Pack Vendor :STMicroelectronics X-CUBE-NFC7 1.0.0
2023-03-08 14:00:37,573 [INFO] ThirdParty:999 - CMSIS Pack Vendor :STMicroelectronics X-CUBE-AZRTOS-WL 1.0.0
2023-03-08 14:00:37,573 [INFO] ThirdParty:999 - CMSIS Pack Vendor :STMicroelectronics X-CUBE-EEPRMA1 4.1.0
2023-03-08 14:00:37,573 [INFO] ThirdParty:999 - CMSIS Pack Vendor :portGmbH I-Cube-SoM-uGOAL 1.1.0
2023-03-08 14:00:37,573 [INFO] ThirdParty:999 - CMSIS Pack Vendor :STMicroelectronics X-CUBE-ALS 1.0.1
2023-03-08 14:00:37,573 [INFO] ThirdParty:999 - CMSIS Pack Vendor :STMicroelectronics X-CUBE-MEMS1 9.5.0
2023-03-08 14:00:37,573 [INFO] ThirdParty:999 - CMSIS Pack Vendor :STMicroelectronics ThreadX 1.0.0
2023-03-08 14:00:37,573 [INFO] ThirdParty:999 - CMSIS Pack Vendor :STMicroelectronics X-CUBE-AZRTOS-WB 1.1.0
2023-03-08 14:00:37,573 [INFO] ThirdParty:999 - CMSIS Pack Vendor :SEGGER I-CUBE-embOS 1.3.1
2023-03-08 14:00:37,573 [INFO] ThirdParty:999 - CMSIS Pack Vendor :STMicroelectronics USB_DEVICE 1.0.0
2023-03-08 14:00:37,573 [INFO] ThirdParty:999 - CMSIS Pack Vendor :STMicroelectronics ThreadX 0.0.2
2023-03-08 14:00:37,573 [INFO] ThirdParty:999 - CMSIS Pack Vendor :STMicroelectronics lwIP 2.1.2
2023-03-08 14:00:37,573 [INFO] ThirdParty:999 - CMSIS Pack Vendor :STMicroelectronics X-CUBE-SFXS2LP1 4.0.0
2023-03-08 14:00:37,573 [INFO] ThirdParty:999 - CMSIS Pack Vendor :STMicroelectronics X-CUBE-BLE2 3.3.0
2023-03-08 14:00:37,573 [INFO] ThirdParty:999 - CMSIS Pack Vendor :STMicroelectronics X-CUBE-TOF1 3.2.0
2023-03-08 14:00:37,573 [INFO] ThirdParty:999 - CMSIS Pack Vendor :STMicroelectronics PDM2PCM 3.2.0
2023-03-08 14:00:37,573 [INFO] ThirdParty:999 - CMSIS Pack Vendor :STMicroelectronics X-CUBE-AZRTOS-H7 3.0.0
2023-03-08 14:00:37,573 [INFO] ThirdParty:815 - exiting critical section [change project]
2023-03-08 14:00:38,643 [INFO] PinOutPanel:1477 - setPackage(No Configuration,No Configuration)
2023-03-08 14:00:38,646 [INFO] PinOutPanel:1477 - setPackage(STM32L476RGTx,LQFP64)
2023-03-08 14:00:40,890 [INFO] UtilMem:74 - Before build in PCC Used Memory: 715484232 Bytes (812646400)
2023-03-08 14:00:43,051 [INFO] UtilMem:74 - After build in PCC Used Memory: 696876784 Bytes (812646400)
2023-03-08 14:00:43,127 [INFO] IPUIPlugin:79 - create IPUIPlugin
2023-03-08 14:00:43,127 [INFO] IPUIPlugin:79 - create IPUIPlugin
2023-03-08 14:00:43,127 [INFO] IPUIPlugin:79 - create IPUIPlugin
2023-03-08 14:00:43,127 [INFO] IPUIPlugin:79 - create IPUIPlugin
2023-03-08 14:00:43,127 [INFO] IPUIPlugin:79 - create IPUIPlugin
2023-03-08 14:00:43,127 [INFO] IPUIPlugin:79 - create IPUIPlugin
2023-03-08 14:00:43,127 [INFO] IPUIPlugin:79 - create IPUIPlugin
2023-03-08 14:00:43,127 [INFO] IPUIPlugin:79 - create IPUIPlugin
2023-03-08 14:00:43,131 [INFO] IPUIPlugin:79 - create IPUIPlugin
2023-03-08 14:00:43,132 [INFO] IPUIPlugin:79 - create IPUIPlugin
2023-03-08 14:00:43,132 [INFO] IPUIPlugin:79 - create IPUIPlugin
2023-03-08 14:00:43,132 [INFO] IPUIPlugin:79 - create IPUIPlugin
2023-03-08 14:00:43,133 [INFO] IPUIPlugin:79 - create IPUIPlugin
2023-03-08 14:00:43,133 [INFO] IPUIPlugin:79 - create IPUIPlugin
2023-03-08 14:00:43,133 [INFO] IPUIPlugin:79 - create IPUIPlugin
2023-03-08 14:00:43,133 [INFO] IPUIPlugin:79 - create IPUIPlugin
2023-03-08 14:00:43,133 [INFO] IPUIPlugin:79 - create IPUIPlugin
2023-03-08 14:00:43,133 [INFO] IPUIPlugin:79 - create IPUIPlugin
2023-03-08 14:00:43,133 [INFO] IPUIPlugin:79 - create IPUIPlugin
2023-03-08 14:00:43,133 [INFO] IPUIPlugin:79 - create IPUIPlugin
2023-03-08 14:00:43,133 [INFO] IPUIPlugin:79 - create IPUIPlugin
2023-03-08 14:00:43,133 [INFO] IPUIPlugin:79 - create IPUIPlugin
2023-03-08 14:00:43,133 [INFO] IPUIPlugin:79 - create IPUIPlugin
2023-03-08 14:00:43,133 [INFO] IPUIPlugin:79 - create IPUIPlugin
2023-03-08 14:00:43,138 [INFO] IPUIPlugin:79 - create IPUIPlugin
2023-03-08 14:00:43,139 [INFO] IPUIPlugin:79 - create IPUIPlugin
2023-03-08 14:00:43,140 [INFO] IPUIPlugin:79 - create IPUIPlugin
2023-03-08 14:00:43,140 [INFO] IPUIPlugin:79 - create IPUIPlugin
2023-03-08 14:00:43,140 [INFO] IPUIPlugin:79 - create IPUIPlugin
2023-03-08 14:00:43,140 [INFO] IPUIPlugin:79 - create IPUIPlugin
2023-03-08 14:00:43,140 [INFO] IPUIPlugin:79 - create IPUIPlugin
2023-03-08 14:00:43,140 [INFO] IPUIPlugin:79 - create IPUIPlugin
2023-03-08 14:00:43,140 [INFO] IPUIPlugin:79 - create IPUIPlugin
2023-03-08 14:00:43,140 [INFO] IPUIPlugin:79 - create IPUIPlugin
2023-03-08 14:00:43,140 [INFO] IPUIPlugin:79 - create IPUIPlugin
2023-03-08 14:00:43,140 [INFO] IPUIPlugin:79 - create IPUIPlugin
2023-03-08 14:00:43,158 [INFO] IPUIPlugin:79 - create IPUIPlugin
2023-03-08 14:00:43,158 [INFO] IPUIPlugin:79 - create IPUIPlugin
2023-03-08 14:00:43,158 [INFO] IPUIPlugin:79 - create IPUIPlugin
2023-03-08 14:00:43,158 [INFO] IPUIPlugin:79 - create IPUIPlugin
2023-03-08 14:00:43,158 [INFO] IPUIPlugin:79 - create IPUIPlugin
2023-03-08 14:00:43,158 [INFO] IPUIPlugin:79 - create IPUIPlugin
2023-03-08 14:00:43,158 [INFO] IPUIPlugin:79 - create IPUIPlugin
2023-03-08 14:00:43,158 [INFO] IPUIPlugin:79 - create IPUIPlugin
2023-03-08 14:00:43,158 [INFO] IPUIPlugin:79 - create IPUIPlugin
2023-03-08 14:00:43,158 [INFO] IPUIPlugin:79 - create IPUIPlugin
2023-03-08 14:00:43,158 [INFO] IPUIPlugin:79 - create IPUIPlugin
2023-03-08 14:00:43,165 [INFO] IPUIPlugin:79 - create IPUIPlugin
2023-03-08 14:00:43,166 [INFO] IPUIPlugin:79 - create IPUIPlugin
2023-03-08 14:00:43,166 [INFO] IPUIPlugin:79 - create IPUIPlugin
2023-03-08 14:00:43,166 [INFO] IPUIPlugin:79 - create IPUIPlugin
2023-03-08 14:00:43,166 [INFO] IPUIPlugin:79 - create IPUIPlugin
2023-03-08 14:00:43,166 [INFO] IPUIPlugin:79 - create IPUIPlugin
2023-03-08 14:00:43,166 [INFO] IPUIPlugin:79 - create IPUIPlugin
2023-03-08 14:00:43,166 [INFO] IPUIPlugin:79 - create IPUIPlugin
2023-03-08 14:00:43,166 [INFO] IPUIPlugin:79 - create IPUIPlugin
2023-03-08 14:00:43,175 [INFO] IPUIPlugin:79 - create IPUIPlugin
2023-03-08 14:00:43,175 [INFO] IPUIPlugin:79 - create IPUIPlugin
2023-03-08 14:00:43,175 [INFO] IPUIPlugin:79 - create IPUIPlugin
2023-03-08 14:00:43,795 [INFO] CADModel:164 - CPN selected for project levelSTM32L476RGT3
2023-03-08 14:00:43,795 [INFO] CADModel:113 - Register for checkConnection events
2023-03-08 14:00:43,864 [INFO] OpenFileManager:327 - Restore cursor
2023-03-08 14:00:46,349 [INFO] UtilMem:74 - End SaveConfig() Used Memory: 715576248 Bytes (812646400)
2023-03-08 14:00:46,542 [INFO] UtilMem:74 - End SaveConfig() Used Memory: 703081416 Bytes (812646400)
2023-03-08 14:00:47,777 [INFO] BlockDiagram:2759 - set Specific Code input for plugin: SYS
2023-03-08 14:00:47,777 [INFO] BlockDiagram:2759 - set Specific Code input for plugin: RCC
2023-03-08 14:00:47,777 [INFO] BlockDiagram:2759 - set Specific Code input for plugin: NVIC
2023-03-08 14:00:47,777 [INFO] BlockDiagram:2759 - set Specific Code input for plugin: USART
2023-03-08 14:00:47,777 [INFO] BlockDiagram:2759 - set Specific Code input for plugin: GPIO
2023-03-08 14:00:47,782 [INFO] CodeGenerator:692 - code generatio: config db path: C:\ST\STM32CubeIDE_1.11.0\STM32CubeIDE\plugins\com.st.stm32cube.common.mx_6.7.0.202211181646\\db\
2023-03-08 14:00:48,871 [INFO] CodeEngine:247 - oldGeneratedFile, C:\Users\Nolas\OneDrive\Desktop\UNLV\spring 2023\CPE 477\notgithub\Nucelo Sercuity\SL07_STM32L4\SL07\MXTmpFiles\license.tmp_save
2023-03-08 14:00:49,913 [INFO] CodeEngine:271 - Generated code: C:\Users\Nolas\OneDrive\Desktop\UNLV\spring 2023\CPE 477\notgithub\Nucelo Sercuity\SL07_STM32L4\SL07\MXTmpFiles\license.tmp
2023-03-08 14:00:50,214 [INFO] CodeEngine:247 - oldGeneratedFile, C:\Users\Nolas\OneDrive\Desktop\UNLV\spring 2023\CPE 477\notgithub\Nucelo Sercuity\SL07_STM32L4\SL07\MXTmpFiles\gpio.tmp_save
2023-03-08 14:00:50,542 [INFO] CodeEngine:271 - Generated code: C:\Users\Nolas\OneDrive\Desktop\UNLV\spring 2023\CPE 477\notgithub\Nucelo Sercuity\SL07_STM32L4\SL07\MXTmpFiles\gpio.tmp
2023-03-08 14:00:50,934 [INFO] CodeEngine:247 - oldGeneratedFile, C:\Users\Nolas\OneDrive\Desktop\UNLV\spring 2023\CPE 477\notgithub\Nucelo Sercuity\SL07_STM32L4\SL07\Core\Src\stm32l4xx_it.c_save
2023-03-08 14:00:51,230 [INFO] CodeEngine:271 - Generated code: C:\Users\Nolas\OneDrive\Desktop\UNLV\spring 2023\CPE 477\notgithub\Nucelo Sercuity\SL07_STM32L4\SL07\Core\Src\stm32l4xx_it.c
2023-03-08 14:00:51,249 [INFO] CodeEngine:247 - oldGeneratedFile, C:\Users\Nolas\OneDrive\Desktop\UNLV\spring 2023\CPE 477\notgithub\Nucelo Sercuity\SL07_STM32L4\SL07\Core\Inc\stm32l4xx_it.h_save
2023-03-08 14:00:51,418 [INFO] CodeEngine:271 - Generated code: C:\Users\Nolas\OneDrive\Desktop\UNLV\spring 2023\CPE 477\notgithub\Nucelo Sercuity\SL07_STM32L4\SL07\Core\Inc\stm32l4xx_it.h
2023-03-08 14:00:51,457 [INFO] CodeEngine:247 - oldGeneratedFile, C:\Users\Nolas\OneDrive\Desktop\UNLV\spring 2023\CPE 477\notgithub\Nucelo Sercuity\SL07_STM32L4\SL07\Core\Src\stm32l4xx_hal_msp.c_save
2023-03-08 14:00:51,774 [INFO] CodeEngine:271 - Generated code: C:\Users\Nolas\OneDrive\Desktop\UNLV\spring 2023\CPE 477\notgithub\Nucelo Sercuity\SL07_STM32L4\SL07\Core\Src\stm32l4xx_hal_msp.c
2023-03-08 14:00:51,801 [INFO] CodeEngine:247 - oldGeneratedFile, C:\Users\Nolas\OneDrive\Desktop\UNLV\spring 2023\CPE 477\notgithub\Nucelo Sercuity\SL07_STM32L4\SL07\MXTmpFiles\system.tmp_save
2023-03-08 14:00:51,960 [INFO] CodeEngine:271 - Generated code: C:\Users\Nolas\OneDrive\Desktop\UNLV\spring 2023\CPE 477\notgithub\Nucelo Sercuity\SL07_STM32L4\SL07\MXTmpFiles\system.tmp
2023-03-08 14:00:51,995 [INFO] CodeEngine:303 - oldGeneratedFile, C:\Users\Nolas\OneDrive\Desktop\UNLV\spring 2023\CPE 477\notgithub\Nucelo Sercuity\SL07_STM32L4\SL07\Core\Inc\stm32l4xx_hal_conf.h_save
2023-03-08 14:00:52,201 [INFO] CodeEngine:327 - Generated code: C:\Users\Nolas\OneDrive\Desktop\UNLV\spring 2023\CPE 477\notgithub\Nucelo Sercuity\SL07_STM32L4\SL07\Core\Inc\stm32l4xx_hal_conf.h
2023-03-08 14:00:52,387 [INFO] CodeEngine:247 - oldGeneratedFile, C:\Users\Nolas\OneDrive\Desktop\UNLV\spring 2023\CPE 477\notgithub\Nucelo Sercuity\SL07_STM32L4\SL07\Core\Inc\main.h_save
2023-03-08 14:00:52,735 [INFO] CodeEngine:271 - Generated code: C:\Users\Nolas\OneDrive\Desktop\UNLV\spring 2023\CPE 477\notgithub\Nucelo Sercuity\SL07_STM32L4\SL07\Core\Inc\main.h
2023-03-08 14:00:52,771 [INFO] CodeEngine:247 - oldGeneratedFile, C:\Users\Nolas\OneDrive\Desktop\UNLV\spring 2023\CPE 477\notgithub\Nucelo Sercuity\SL07_STM32L4\SL07\Core\Src\main.c_save
2023-03-08 14:00:53,202 [INFO] CodeEngine:271 - Generated code: C:\Users\Nolas\OneDrive\Desktop\UNLV\spring 2023\CPE 477\notgithub\Nucelo Sercuity\SL07_STM32L4\SL07\Core\Src\main.c
2023-03-08 14:00:55,149 [INFO] ProjectBuilder:2919 - Time for Copy HAL[1] : 926mS.
2023-03-08 14:00:55,179 [INFO] ProjectBuilder:4183 - Project Generator version: 3.18.0-B7
2023-03-08 14:00:55,748 [INFO] ConfigFileManager:1396 - The Die is : DIE415
2023-03-08 14:00:55,781 [INFO] ApiDbMcu:505 - Load IP Config File for FATFS
2023-03-08 14:00:55,797 [INFO] ApiDbMcu:505 - Load IP Config File for FREERTOS
2023-03-08 14:00:55,822 [INFO] ApiDbMcu:505 - Load IP Config File for TOUCHSENSING
2023-03-08 14:00:55,849 [INFO] ApiDbMcu:505 - Load IP Config File for USB_DEVICE
2023-03-08 14:00:55,881 [INFO] ApiDbMcu:505 - Load IP Config File for USB_HOST
2023-03-08 14:01:03,117 [INFO] ProjectBuilder:4351 - Time for Generating toolchain IDE Files: 7938mS.
2023-03-08 14:01:03,122 [INFO] ProjectBuilder:2790 - Time for Copy CMSIS : 5mS.
2023-03-08 14:01:03,123 [INFO] ProjectBuilder:2790 - Time for Copy CMSIS : 0mS.
2023-03-08 14:01:04,362 [INFO] McuFinderGlobals:65 - Set McuFinderConnectedMode to true
2023-03-08 14:01:04,367 [INFO] ApiDb:447 - Save user favorites file C:\Users\Nolas/.stm32cubeide/favorites.mcus.txt: 0 item(s)
2023-03-08 14:01:04,368 [INFO] ApiDb:451 - User favorites MCUs=[]
2023-03-08 14:01:04,370 [INFO] ApiDb:447 - Save user favorites file C:\Users\Nolas/.stm32cubeide/favorites.boards.txt: 0 item(s)
2023-03-08 14:01:04,370 [INFO] ApiDb:451 - User favorites Boards=[]
2023-03-08 14:01:53,959 [INFO] UtilMem:74 - End SaveConfig() Used Memory: 704634672 Bytes (1063256064)
2023-03-08 14:01:55,467 [INFO] UtilMem:74 - End SaveConfig() Used Memory: 729800496 Bytes (1063256064)
2023-03-08 14:01:59,015 [INFO] UtilMem:74 - End SaveConfig() Used Memory: 717954392 Bytes (1063256064)
2023-03-08 14:01:59,764 [INFO] BlockDiagram:2759 - set Specific Code input for plugin: SYS
2023-03-08 14:01:59,764 [INFO] BlockDiagram:2759 - set Specific Code input for plugin: RCC
2023-03-08 14:01:59,764 [INFO] BlockDiagram:2759 - set Specific Code input for plugin: CRC
2023-03-08 14:01:59,765 [INFO] BlockDiagram:2759 - set Specific Code input for plugin: NVIC
2023-03-08 14:01:59,765 [INFO] BlockDiagram:2759 - set Specific Code input for plugin: USART
2023-03-08 14:01:59,766 [INFO] BlockDiagram:2759 - set Specific Code input for plugin: GPIO
2023-03-08 14:01:59,767 [INFO] CodeGenerator:692 - code generatio: config db path: C:\ST\STM32CubeIDE_1.11.0\STM32CubeIDE\plugins\com.st.stm32cube.common.mx_6.7.0.202211181646\\db\
2023-03-08 14:02:00,170 [INFO] CodeEngine:247 - oldGeneratedFile, C:\Users\Nolas\OneDrive\Desktop\UNLV\spring 2023\CPE 477\notgithub\Nucelo Sercuity\SL07_STM32L4\SL07\MXTmpFiles\license.tmp_save
2023-03-08 14:02:00,447 [INFO] CodeEngine:271 - Generated code: C:\Users\Nolas\OneDrive\Desktop\UNLV\spring 2023\CPE 477\notgithub\Nucelo Sercuity\SL07_STM32L4\SL07\MXTmpFiles\license.tmp
2023-03-08 14:02:00,535 [INFO] CodeEngine:247 - oldGeneratedFile, C:\Users\Nolas\OneDrive\Desktop\UNLV\spring 2023\CPE 477\notgithub\Nucelo Sercuity\SL07_STM32L4\SL07\MXTmpFiles\gpio.tmp_save
2023-03-08 14:02:00,770 [INFO] CodeEngine:271 - Generated code: C:\Users\Nolas\OneDrive\Desktop\UNLV\spring 2023\CPE 477\notgithub\Nucelo Sercuity\SL07_STM32L4\SL07\MXTmpFiles\gpio.tmp
2023-03-08 14:02:01,092 [INFO] CodeEngine:247 - oldGeneratedFile, C:\Users\Nolas\OneDrive\Desktop\UNLV\spring 2023\CPE 477\notgithub\Nucelo Sercuity\SL07_STM32L4\SL07\Core\Src\stm32l4xx_it.c_save
2023-03-08 14:02:01,241 [INFO] CodeEngine:271 - Generated code: C:\Users\Nolas\OneDrive\Desktop\UNLV\spring 2023\CPE 477\notgithub\Nucelo Sercuity\SL07_STM32L4\SL07\Core\Src\stm32l4xx_it.c
2023-03-08 14:02:01,261 [INFO] CodeEngine:247 - oldGeneratedFile, C:\Users\Nolas\OneDrive\Desktop\UNLV\spring 2023\CPE 477\notgithub\Nucelo Sercuity\SL07_STM32L4\SL07\Core\Inc\stm32l4xx_it.h_save
2023-03-08 14:02:01,364 [INFO] CodeEngine:271 - Generated code: C:\Users\Nolas\OneDrive\Desktop\UNLV\spring 2023\CPE 477\notgithub\Nucelo Sercuity\SL07_STM32L4\SL07\Core\Inc\stm32l4xx_it.h
2023-03-08 14:02:01,407 [INFO] CodeEngine:247 - oldGeneratedFile, C:\Users\Nolas\OneDrive\Desktop\UNLV\spring 2023\CPE 477\notgithub\Nucelo Sercuity\SL07_STM32L4\SL07\Core\Src\stm32l4xx_hal_msp.c_save
2023-03-08 14:02:01,746 [INFO] CodeEngine:271 - Generated code: C:\Users\Nolas\OneDrive\Desktop\UNLV\spring 2023\CPE 477\notgithub\Nucelo Sercuity\SL07_STM32L4\SL07\Core\Src\stm32l4xx_hal_msp.c
2023-03-08 14:02:01,757 [INFO] CodeEngine:247 - oldGeneratedFile, C:\Users\Nolas\OneDrive\Desktop\UNLV\spring 2023\CPE 477\notgithub\Nucelo Sercuity\SL07_STM32L4\SL07\MXTmpFiles\system.tmp_save
2023-03-08 14:02:01,875 [INFO] CodeEngine:271 - Generated code: C:\Users\Nolas\OneDrive\Desktop\UNLV\spring 2023\CPE 477\notgithub\Nucelo Sercuity\SL07_STM32L4\SL07\MXTmpFiles\system.tmp
2023-03-08 14:02:01,932 [INFO] CodeEngine:303 - oldGeneratedFile, C:\Users\Nolas\OneDrive\Desktop\UNLV\spring 2023\CPE 477\notgithub\Nucelo Sercuity\SL07_STM32L4\SL07\Core\Inc\stm32l4xx_hal_conf.h_save
2023-03-08 14:02:02,120 [INFO] CodeEngine:327 - Generated code: C:\Users\Nolas\OneDrive\Desktop\UNLV\spring 2023\CPE 477\notgithub\Nucelo Sercuity\SL07_STM32L4\SL07\Core\Inc\stm32l4xx_hal_conf.h
2023-03-08 14:02:02,250 [INFO] CodeEngine:247 - oldGeneratedFile, C:\Users\Nolas\OneDrive\Desktop\UNLV\spring 2023\CPE 477\notgithub\Nucelo Sercuity\SL07_STM32L4\SL07\Core\Inc\main.h_save
2023-03-08 14:02:02,423 [INFO] CodeEngine:271 - Generated code: C:\Users\Nolas\OneDrive\Desktop\UNLV\spring 2023\CPE 477\notgithub\Nucelo Sercuity\SL07_STM32L4\SL07\Core\Inc\main.h
2023-03-08 14:02:02,456 [INFO] CodeEngine:247 - oldGeneratedFile, C:\Users\Nolas\OneDrive\Desktop\UNLV\spring 2023\CPE 477\notgithub\Nucelo Sercuity\SL07_STM32L4\SL07\Core\Src\main.c_save
2023-03-08 14:02:02,702 [INFO] CodeEngine:271 - Generated code: C:\Users\Nolas\OneDrive\Desktop\UNLV\spring 2023\CPE 477\notgithub\Nucelo Sercuity\SL07_STM32L4\SL07\Core\Src\main.c
2023-03-08 14:02:04,447 [INFO] ProjectBuilder:2919 - Time for Copy HAL[1] : 981mS.
2023-03-08 14:02:04,455 [INFO] ProjectBuilder:4183 - Project Generator version: 3.18.0-B7
2023-03-08 14:02:04,782 [INFO] ConfigFileManager:1396 - The Die is : DIE415
2023-03-08 14:02:07,693 [INFO] ProjectBuilder:4351 - Time for Generating toolchain IDE Files: 3238mS.
2023-03-08 14:02:07,696 [INFO] ProjectBuilder:2790 - Time for Copy CMSIS : 1mS.
2023-03-08 14:02:07,700 [INFO] ProjectBuilder:2790 - Time for Copy CMSIS : 0mS.
2023-03-08 14:20:30,238 [INFO] WebAppUi:459 - Close the Jxbrowser engine manually
2023-03-08 14:20:30,484 [INFO] WebAppUi:462 - Profiles folder deleted
2023-03-08 14:20:31,048 [ERROR] LogOutputStream:74 - [STDERR_REDIRECT] 
